  0.0, 23.6, 23.5, 23.2, 23.4,  22.7, 63.0, 15.3 
  1.2, 23.6, 23.5, 23.2, 23.4,  22.7, 61.0, 14.8 
  2.1, 23.6, 23.5, 23.2, 23.5,  22.7, 61.0, 14.8 
  3.0, 23.6, 23.5, 23.2, 23.5,  22.7, 62.0, 15.1 
  4.0, 23.6, 23.6, 23.2, 23.5,  22.7, 60.0, 14.6 
  4.9, 23.6, 23.6, 23.2, 23.5,  22.7,  0.0, 14.6 
  5.8, 23.6, 23.5, 23.2, 23.7,  22.8, 60.0, 14.6 
  6.7, 23.6, 23.5, 23.2, 23.6,  22.7,  0.0, 14.6 
  7.7, 23.6, 23.6, 23.2, 23.6,  22.8, 60.0, 14.6 
  8.6, 23.6, 23.6, 23.2, 23.6,  22.8, 60.0, 14.6 
  9.5, 23.5, 23.6, 23.2, 23.6,  22.9, 60.0, 14.7 
 10.5, 23.6, 23.6, 23.2, 23.5,  22.9, 60.0, 14.7 
 11.4, 23.6, 23.6, 23.2, 23.6,  23.0, 60.0, 14.8 
 12.3, 23.6, 23.6, 23.2, 23.6,  23.0,  0.0, 14.8 
 13.2, 23.6, 23.6, 23.2, 23.6,  23.0,  0.0, 14.8 
 14.1, 23.7, 23.7, 23.3, 23.7,  23.0,  0.0, 14.8 
 15.1, 23.7, 23.6, 23.2, 23.6,  22.9, 60.0, 14.8 
 16.0, 23.7, 23.7, 23.3, 23.7,  23.1, 60.0, 14.9 
 17.2, 23.7, 23.6, 23.2, 23.6,  23.0, 60.0, 14.8 
 18.1, 23.7, 23.7, 23.3, 23.7,  23.0, 60.0, 14.8 
 19.1, 23.7, 23.7, 23.2, 23.6,  23.0, 60.0, 14.8 
 20.0, 23.7, 23.7, 23.2, 23.5,  23.0, 60.0, 14.8 
 20.9, 23.6, 23.6, 23.2, 23.5,  22.9, 60.0, 14.7 
 21.8, 23.7, 23.7, 23.2, 23.5,  22.9, 60.0, 14.7 
 22.7, 23.7, 23.6, 23.3, 23.5,  22.9, 60.0, 14.7 
 23.6, 23.7, 23.6, 23.3, 23.5,  22.9, 60.0, 14.7 
 24.6, 23.6, 23.6, 23.3, 23.5,  22.8, 60.0, 14.6 
 25.5, 23.6, 23.5, 23.2, 23.4,  22.8,  0.0, 14.6 
 26.4, 23.6, 23.6, 23.2, 23.4,  22.8,  0.0, 14.6 
 27.3, 23.6, 23.5, 23.2, 23.5,  22.8, 60.0, 14.6 
 28.2, 23.7, 23.7, 23.4, 23.7,  23.0, 60.0, 14.8 
 29.1, 23.6, 23.6, 23.3, 23.5,  22.8, 60.0, 14.6 
 30.0, 23.6, 23.6, 23.3, 23.5,  22.8, 60.0, 14.6 
 30.9, 23.6, 23.6, 23.3, 23.5,  22.8,  0.0, 14.6 
 31.8, 23.6, 23.6, 23.3, 23.5,  22.8, 60.0, 14.6 
 32.7, 23.6, 23.5, 23.2, 23.5,  22.8, 60.0, 14.6 
 33.7, 23.7, 23.7, 23.4, 23.7,  23.0, 60.0, 14.8 
 34.6, 23.6, 23.5, 23.2, 23.5,  22.8, 61.0, 14.9 
 35.4, 23.5, 23.5, 23.2, 23.5,  22.8,  0.0, 14.9 
 36.3, 23.6, 23.4, 23.2, 23.4,  22.9, 60.0, 14.7 
 37.1, 23.6, 23.5, 23.3, 23.5,  23.0, 60.0, 14.8 
 38.0, 23.6, 23.5, 23.3, 23.5,  22.9,  0.0, 14.8 
 38.9, 23.7, 23.6, 23.4, 23.6,  23.0, 60.0, 14.8 
 39.7, 23.6, 23.5, 23.2, 23.5,  22.9,  0.0, 14.8 
 40.6, 23.7, 23.6, 23.3, 23.6,  23.0, 60.0, 14.8 
 41.5, 23.6, 23.5, 23.2, 23.5,  23.0, 60.0, 14.8 
 42.3, 23.6, 23.5, 23.2, 23.5,  22.9, 61.0, 15.0 
 43.2, 23.6, 23.5, 23.2, 23.5,  23.0, 61.0, 15.0 
 44.1, 23.6, 23.5, 23.2, 23.5,  22.9, 60.0, 14.7 
 44.9, 23.6, 23.5, 23.2, 23.5,  22.9, 61.0, 15.0 
 45.8, 23.7, 23.5, 23.2, 23.5,  22.9, 61.0, 15.0 
 46.7, 23.6, 23.5, 23.2, 23.5,  22.8,  0.0, 15.0 
 47.6, 23.6, 23.5, 23.2, 23.5,  22.8, 60.0, 14.6 
 48.5, 23.6, 23.5, 23.2, 23.6,  22.8, 61.0, 14.9 
 49.5, 23.6, 23.5, 23.2, 23.6,  22.8, 60.0, 14.6 
 50.4, 23.6, 23.5, 23.2, 23.6,  22.8, 61.0, 14.9 
 51.4, 23.6, 23.5, 23.2, 23.6,  22.7, 61.0, 14.8 
 52.3, 23.7, 23.6, 23.3, 23.7,  22.8, 61.0, 14.9 
 53.2, 23.6, 23.4, 23.2, 23.6,  22.8, 61.0, 14.9 
 54.2, 23.7, 23.5, 23.2, 23.7,  22.9,  0.0, 14.9 
 55.1, 23.6, 23.5, 23.3, 23.6,  22.9, 60.0, 14.7 
 56.0, 23.6, 23.5, 23.2, 23.6,  23.0, 60.0, 14.8 
 56.9, 23.7, 23.5, 23.3, 23.6,  23.0, 61.0, 15.0 
 57.9, 23.6, 23.4, 23.2, 23.5,  23.0, 61.0, 15.0 
 58.8, 23.6, 23.4, 23.2, 23.6,  23.0, 61.0, 15.0 
 59.7, 23.6, 23.4, 23.2, 23.5,  23.0, 61.0, 15.0 
 60.7, 23.6, 23.4, 23.2, 23.5,  23.0, 61.0, 15.1 
 61.6, 23.7, 23.6, 23.3, 23.6,  23.0, 61.0, 15.1 
 62.5, 23.6, 23.5, 23.1, 23.5,  23.0, 61.0, 15.1 
 63.4, 23.6, 23.4, 23.2, 23.5,  23.0, 61.0, 15.1 
 64.2, 23.7, 23.6, 23.2, 23.6,  23.2, 61.0, 15.2 
 65.1, 23.6, 23.5, 23.2, 23.6,  23.1, 61.0, 15.1 
 66.0, 23.5, 23.5, 23.2, 23.6,  23.1, 61.0, 15.2 
 66.8, 23.7, 23.6, 23.2, 23.6,  23.2, 61.0, 15.2 
 67.7, 23.6, 23.4, 23.2, 23.5,  23.1, 61.0, 15.2 
 68.5, 23.6, 23.5, 23.2, 23.5,  23.1, 61.0, 15.2 
 69.4, 23.7, 23.5, 23.3, 23.7,  23.2,  0.0, 15.2 
 70.3, 23.7, 23.5, 23.2, 23.6,  23.2, 61.0, 15.2 
 71.1, 23.5, 23.4, 23.1, 23.5,  23.0, 61.0, 15.1 
 72.0, 23.6, 23.4, 23.2, 23.6,  23.1, 61.0, 15.2 
 72.9, 23.6, 23.4, 23.2, 23.5,  23.1, 61.0, 15.2 
 73.7, 23.5, 23.4, 23.2, 23.6,  23.1, 61.0, 15.2 
 74.6, 23.6, 23.4, 23.2, 23.5,  23.1, 61.0, 15.2 
 75.4, 23.4, 23.4, 23.2, 23.5,  22.9, 61.0, 15.0 
 76.3, 23.5, 23.4, 23.2, 23.5,  23.0,  0.0, 15.0 
 77.2, 23.5, 23.4, 23.2, 23.5,  23.0, 61.0, 15.1 
 78.0, 23.6, 23.5, 23.2, 23.5,  23.0, 61.0, 15.1 
 78.9, 23.5, 23.4, 23.2, 23.5,  23.0, 61.0, 15.0 
 79.8, 23.5, 23.4, 23.2, 23.5,  23.0, 61.0, 15.0 
 80.6, 23.6, 23.5, 23.2, 23.2,  22.7, 61.0, 14.8 
 81.5, 23.5, 23.4, 23.2, 23.6,  23.0, 61.0, 15.1 
 82.4, 23.6, 23.5, 23.2, 23.5,  23.0,  0.0, 15.1 
 83.2, 23.6, 23.5, 23.2, 23.5,  23.0, 61.0, 15.0 
 84.1, 23.6, 23.5, 23.2, 23.5,  23.0,  0.0, 15.0 
 84.9, 23.5, 23.4, 23.2, 23.6,  23.0, 61.0, 15.0 
 85.8, 23.7, 23.6, 23.3, 23.6,  23.1, 61.0, 15.2 
 86.6, 23.5, 23.5, 23.2, 23.5,  23.0, 61.0, 15.0 
 87.5, 23.6, 23.5, 23.2, 23.5,  23.0, 61.0, 15.1 
 88.4, 23.6, 23.5, 23.2, 23.5,  23.0, 61.0, 15.1 
 89.2, 23.6, 23.4, 23.2, 23.6,  23.0, 61.0, 15.1 
 90.1, 23.6, 23.5, 23.2, 23.5,  23.0, 61.0, 15.1 
 91.0, 23.6, 23.5, 23.2, 23.6,  23.0,  0.0, 15.1 
 91.8, 23.6, 23.4, 23.2, 23.5,  23.0, 61.0, 15.1 
 92.7, 23.6, 23.5, 23.2, 23.5,  23.0, 61.0, 15.0 
 93.6, 23.5, 23.5, 23.2, 23.5,  23.0, 61.0, 15.0 
 94.4, 23.5, 23.5, 23.2, 23.5,  23.0,  0.0, 15.0 
 95.3, 23.5, 23.4, 23.1, 23.5,  22.9, 61.0, 15.0 
 96.1, 23.6, 23.5, 23.2, 23.6,  23.0, 61.0, 15.1 
 97.0, 23.6, 23.5, 23.2, 23.5,  23.0, 61.0, 15.1 
 97.9, 23.5, 23.5, 23.2, 23.5,  23.0, 61.0, 15.1 
 98.7, 23.7, 23.6, 23.3, 23.6,  23.0, 61.0, 15.1 
 99.6, 23.6, 23.5, 23.2, 23.5,  23.0,  0.0, 15.1 
100.5, 23.5, 23.5, 23.2, 23.5,  23.0, 61.0, 15.1 
101.3, 23.6, 23.5, 23.2, 23.5,  23.0,  0.0, 15.1 
102.2, 23.6, 23.5, 23.2, 23.5,  23.0, 61.0, 15.1 
103.1, 23.6, 23.5, 23.2, 23.5,  23.1, 61.0, 15.2 
103.9, 23.5, 23.5, 23.2, 23.5,  23.0, 61.0, 15.1 
104.8, 23.5, 23.5, 23.2, 23.5,  23.0, 61.0, 15.1 
105.7, 23.5, 23.4, 23.2, 23.5,  23.0, 61.0, 15.1 
106.5, 23.5, 23.5, 23.1, 23.5,  23.0, 61.0, 15.1 
107.4, 23.5, 23.5, 23.2, 23.5,  23.0, 61.0, 15.1 
108.3, 23.5, 23.5, 23.1, 23.5,  23.0, 61.0, 15.0 
109.1, 23.5, 23.5, 23.1, 23.5,  23.0,  0.0, 15.0 
110.0, 23.5, 23.4, 23.0, 23.5,  23.0, 61.0, 15.0 
110.9, 23.5, 23.4, 23.1, 23.5,  22.9, 61.0, 15.0 
111.7, 23.5, 23.4, 23.1, 23.5,  22.9, 61.0, 15.0 
112.6, 23.5, 23.4, 23.0, 23.5,  22.9,  0.0, 15.0 
113.4, 23.5, 23.4, 23.1, 23.3,  23.0, 61.0, 15.0 
114.3, 23.5, 23.4, 23.1, 23.5,  23.0, 61.0, 15.0 
115.2, 23.5, 23.4, 23.1, 23.4,  22.9, 61.0, 15.0 
116.0, 23.4, 23.4, 23.1, 23.4,  23.0, 61.0, 15.0 
116.9, 23.6, 23.5, 23.2, 23.5,  23.1, 61.0, 15.2 
117.7, 23.5, 23.4, 23.1, 23.4,  23.0, 61.0, 15.0 
118.7, 23.5, 23.4, 23.1, 23.5,  23.0, 61.0, 15.0 
119.6, 23.5, 23.4, 23.2, 23.5,  23.0, 61.0, 15.0 
120.5, 23.5, 23.5, 23.1, 23.5,  22.8,  0.0, 15.0 
121.5, 23.5, 23.4, 23.1, 23.5,  23.0, 61.0, 15.0 
122.7, 23.6, 23.5, 23.2, 23.6,  23.0, 61.0, 15.1 
123.6, 23.5, 23.4, 23.1, 23.5,  23.0, 61.0, 15.0 
124.6, 23.5, 23.4, 23.1, 23.4,  23.0, 61.0, 15.1 
125.5, 23.5, 23.4, 23.1, 23.4,  22.9, 61.0, 15.0 
126.4, 23.7, 23.6, 23.2, 23.6,  23.1,  0.0, 15.0 
127.3, 23.5, 23.4, 23.1, 23.4,  23.0, 61.0, 15.0 
128.3, 23.5, 23.4, 23.2, 23.4,  23.0, 61.0, 15.1 
129.2, 23.5, 23.5, 23.1, 23.5,  23.0, 61.0, 15.1 
130.1, 23.5, 23.4, 23.0, 23.4,  23.0, 61.0, 15.0 
131.1, 23.5, 23.4, 23.0, 23.4,  23.0, 61.0, 15.0 
132.0, 23.5, 23.4, 23.1, 23.5,  23.0, 61.0, 15.1 
132.9, 23.5, 23.5, 23.0, 23.5,  23.0, 61.0, 15.0 
133.9, 23.5, 23.4, 23.1, 23.5,  23.0, 61.0, 15.1 
134.8, 23.5, 23.4, 23.1, 23.4,  23.0, 61.0, 15.1 
135.7, 23.5, 23.6, 23.2, 23.6,  23.1, 61.0, 15.1 
136.6, 23.5, 23.4, 23.1, 23.4,  23.0, 61.0, 15.1 
137.4, 23.5, 23.5, 23.1, 23.4,  23.1, 61.0, 15.2 
138.3, 23.5, 23.4, 23.1, 23.5,  23.1, 61.0, 15.2 
139.2, 23.6, 23.6, 23.2, 23.6,  23.1, 61.0, 15.2 
140.0, 23.5, 23.4, 23.1, 23.5,  23.0,  0.0, 15.2 
140.9, 23.5, 23.5, 23.1, 23.5,  23.0, 61.0, 15.0 
141.8, 23.5, 23.4, 23.1, 23.5,  23.0,  0.0, 15.0 
142.6, 23.5, 23.5, 23.1, 23.4,  23.0, 61.0, 15.0 
143.5, 23.5, 23.5, 23.1, 23.4,  23.0, 61.0, 15.0 
144.4, 23.5, 23.5, 23.1, 23.4,  23.0, 61.0, 15.0 
145.2, 23.4, 23.4, 23.0, 23.4,  22.9, 61.0, 15.0 
146.1, 23.5, 23.5, 23.1, 23.5,  23.0, 61.0, 15.1 
146.9, 23.5, 23.4, 23.0, 23.5,  23.0, 61.0, 15.0 
147.8, 23.5, 23.4, 23.0, 23.4,  23.0, 61.0, 15.1 
148.7, 23.5, 23.5, 23.1, 23.4,  23.0, 61.0, 15.0 
149.5, 23.5, 23.4, 23.1, 23.4,  23.0, 61.0, 15.0 
150.4, 23.5, 23.4, 23.0, 23.4,  22.9, 61.0, 15.0 
151.3, 23.5, 23.5, 23.1, 23.4,  23.0, 61.0, 15.0 
152.1, 23.5, 23.4, 23.1, 23.4,  23.0, 61.0, 15.0 
153.0, 23.5, 23.4, 23.1, 23.4,  23.0, 61.0, 15.0 
153.9, 23.5, 23.5, 23.1, 23.5,  23.0, 61.0, 15.0 
154.7, 23.4, 23.4, 23.1, 23.4,  22.9, 61.0, 15.0 
155.6, 23.4, 23.4, 23.0, 23.4,  22.9, 61.0, 14.9 
156.4, 23.7, 23.6, 23.2, 23.6,  23.0, 61.0, 15.1 
157.3, 23.5, 23.4, 23.1, 23.4,  22.9,  0.0, 15.1 
158.2, 23.4, 23.4, 23.1, 23.4,  22.9,  0.0, 15.1 
159.0, 23.5, 23.4, 23.1, 23.4,  23.0, 61.0, 15.0 
159.9, 23.5, 23.4, 23.1, 23.4,  22.9, 61.0, 15.0 
160.8, 23.5, 23.4, 23.1, 23.4,  22.9, 61.0, 15.0 
161.6, 23.5, 23.4, 23.1, 23.4,  22.8, 61.0, 14.9 
162.5, 23.5, 23.4, 23.1, 23.4,  22.8, 61.0, 14.9 
163.4, 23.6, 23.5, 23.2, 23.5,  22.9,  0.0, 14.9 
164.2, 23.5, 23.4, 23.1, 23.4,  22.8, 61.0, 14.9 
165.1, 23.4, 23.4, 23.1, 23.4,  22.7, 61.0, 14.8 
165.9, 23.5, 23.4, 23.0, 23.3,  22.8, 61.0, 14.9 
166.8, 23.6, 23.5, 23.2, 23.5,  22.9, 61.0, 15.0 
167.6, 23.4, 23.4, 23.1, 23.4,  22.8, 61.0, 14.9 
168.5, 23.5, 23.4, 23.1, 23.4,  22.8,  0.0, 14.9 
169.4, 23.5, 23.4, 23.1, 23.4,  22.8, 61.0, 14.9 
170.2, 23.5, 23.4, 23.1, 23.4,  22.8,  0.0, 14.9 
171.1, 23.5, 23.4, 23.1, 23.4,  22.8, 61.0, 14.9 
172.0, 23.5, 23.2, 23.1, 23.4,  22.8, 61.0, 14.9 
172.8, 23.6, 23.4, 23.2, 23.4,  22.9,  0.0, 14.9 
173.7, 23.5, 23.4, 23.1, 23.4,  22.8, 61.0, 14.9 
174.6, 23.5, 23.4, 23.1, 23.4,  22.8, 61.0, 14.9 
175.4, 23.5, 23.4, 23.1, 23.4,  22.8, 61.0, 14.9 
176.3, 23.6, 23.5, 23.2, 23.4,  22.9, 61.0, 15.0 
177.1, 23.5, 23.5, 23.1, 23.5,  22.8, 61.0, 14.9 
178.0, 23.5, 23.5, 23.1, 23.4,  22.8, 61.0, 14.9 
178.9, 23.5, 23.5, 23.1, 23.5,  22.9, 61.0, 15.0 
179.7, 23.5, 23.4, 23.1, 23.4,  22.9,  0.0, 15.0 
180.6, 23.5, 23.5, 23.1, 23.4,  22.9, 61.0, 15.0 
181.5, 23.5, 23.4, 23.0, 23.4,  22.9, 61.0, 15.0 
182.3, 23.5, 23.5, 23.1, 23.4,  23.0, 61.0, 15.0 
183.2, 23.5, 23.5, 23.0, 23.4,  22.9, 62.0, 15.2 
184.1, 23.5, 23.5, 23.1, 23.4,  23.0,  0.0, 15.2 
184.9, 23.5, 23.5, 23.1, 23.4,  23.0, 61.0, 15.0 
185.8, 23.5, 23.5, 23.1, 23.4,  23.0, 61.0, 15.1 
186.6, 23.4, 23.4, 23.1, 23.4,  23.0, 61.0, 15.1 
187.5, 23.6, 23.6, 23.1, 23.5,  23.1, 61.0, 15.2 
188.4, 23.5, 23.5, 23.1, 23.4,  23.0, 61.0, 15.1 
189.2, 23.5, 23.5, 23.1, 23.4,  23.0, 61.0, 15.1 
190.1, 23.5, 23.5, 23.1, 23.4,  23.0, 61.0, 15.1 
191.0, 23.5, 23.5, 23.1, 23.4,  23.0,  0.0, 15.1 
191.8, 23.5, 23.5, 23.1, 23.4,  23.0, 61.0, 15.1 
192.7, 23.5, 23.5, 23.1, 23.4,  22.9, 61.0, 15.0 
193.6, 23.5, 23.4, 23.0, 23.5,  22.9,  0.0, 15.0 
194.4, 23.5, 23.5, 23.0, 23.4,  22.8, 61.0, 14.9 
195.3, 23.4, 23.4, 23.1, 23.5,  22.9, 61.0, 14.9 
196.2, 23.5, 23.6, 23.1, 23.5,  23.0, 61.0, 15.0 
197.0, 23.4, 23.4, 23.0, 23.4,  22.8, 61.0, 14.9 
197.9, 23.5, 23.5, 23.0, 23.5,  22.8, 61.0, 14.9 
198.7, 23.5, 23.5, 23.1, 23.4,  22.9, 61.0, 15.0 
199.6, 23.5, 23.4, 23.1, 23.4,  22.8, 61.0, 14.9 
200.5, 23.6, 23.5, 23.2, 23.5,  22.9, 61.0, 15.0 
201.3, 23.4, 23.4, 23.0, 23.4,  22.8, 61.0, 14.9 
202.2, 23.5, 23.4, 23.0, 23.4,  22.7, 61.0, 14.8 
203.1, 23.4, 23.4, 23.0, 23.4,  22.7, 61.0, 14.8 
203.9, 23.4, 23.4, 23.0, 23.4,  22.8, 61.0, 14.9 
204.8, 23.5, 23.5, 23.0, 23.4,  22.8, 61.0, 14.9 
205.7, 23.5, 23.5, 23.1, 23.4,  22.8, 61.0, 14.9 
206.5, 23.4, 23.4, 23.0, 23.4,  22.7, 61.0, 14.8 
207.4, 23.4, 23.4, 23.0, 23.4,  22.7, 61.0, 14.8 
208.2, 23.4, 23.4, 23.0, 23.4,  22.7, 61.0, 14.8 
209.1, 23.4, 23.4, 23.0, 23.4,  22.7,  0.0, 14.8 
210.0, 23.4, 23.4, 23.0, 23.4,  22.7, 61.0, 14.8 
210.8, 23.5, 23.5, 23.1, 23.4,  22.7, 61.0, 14.8 
211.7, 23.4, 23.4, 23.0, 23.4,  22.7,  0.0, 14.8 
212.6, 23.4, 23.4, 23.0, 23.4,  22.6, 61.0, 14.7 
213.4, 23.4, 23.4, 23.0, 23.4,  22.7, 61.0, 14.8 
214.3, 23.4, 23.4, 23.0, 23.4,  22.6, 61.0, 14.7 
215.2, 23.5, 23.4, 23.1, 23.4,  22.7, 61.0, 14.8 
216.0, 23.4, 23.4, 23.0, 23.4,  22.7, 61.0, 14.8 
216.9, 23.5, 23.5, 23.1, 23.4,  22.7, 62.0, 15.1 
217.9, 23.4, 23.4, 23.0, 23.4,  22.7, 61.0, 14.8 
218.8, 23.5, 23.5, 23.1, 23.4,  22.7, 61.0, 14.8 
219.7, 23.5, 23.5, 23.0, 23.4,  22.7,  0.0, 14.8 
220.6, 23.4, 23.4, 23.0, 23.4,  22.7, 62.0, 15.0 
221.6, 23.4, 23.4, 23.0, 23.4,  22.7, 61.0, 14.8 
222.5, 23.4, 23.4, 23.0, 23.4,  22.5,  0.0, 14.8 
223.4, 23.4, 23.4, 23.0, 23.3,  22.5, 62.0, 14.9 
224.4, 23.4, 23.4, 23.0, 23.4,  22.6, 61.0, 14.7 
225.3, 23.4, 23.4, 22.9, 23.4,  22.7, 61.0, 14.8 
226.2, 23.6, 23.5, 23.1, 23.5,  22.7, 61.0, 14.8 
227.1, 23.4, 23.4, 23.0, 23.4,  22.7, 61.0, 14.8 
228.1, 23.4, 23.4, 23.0, 23.4,  22.7, 61.0, 14.8 
228.9, 23.4, 23.4, 23.0, 23.4,  22.7, 61.0, 14.8 
229.8, 23.4, 23.4, 23.0, 23.4,  22.7,  0.0, 14.8 
230.7, 23.4, 23.4, 23.0, 23.4,  22.7, 61.0, 14.8 
231.5, 23.5, 23.4, 23.0, 23.4,  22.7,  0.0, 14.8 
232.4, 23.5, 23.5, 23.1, 23.4,  22.7, 61.0, 14.8 
233.3, 23.4, 23.4, 23.0, 23.4,  22.7,  0.0, 14.8 
234.1, 23.4, 23.4, 23.0, 23.4,  22.7, 61.0, 14.8 
235.0, 23.4, 23.4, 23.0, 23.4,  22.7, 61.0, 14.8 
235.8, 23.4, 23.4, 23.0, 23.4,  22.7, 61.0, 14.8 
236.7, 23.4, 23.4, 22.9, 23.3,  22.7,  0.0, 14.8 
237.6, 23.6, 23.8, 23.4, 23.8,  23.1, 61.0, 15.1 
238.4, 23.4, 23.4, 23.0, 23.4,  22.7, 61.0, 14.8 
239.3, 23.4, 23.4, 23.0, 23.4,  22.7, 61.0, 14.8 
240.1, 23.5, 23.4, 23.1, 23.4,  22.8, 61.0, 14.9 
241.0, 23.4, 23.4, 23.0, 23.4,  22.8, 61.0, 14.9 
241.9, 23.5, 23.5, 23.2, 23.5,  22.9, 61.0, 15.0 
242.7, 23.4, 23.4, 23.0, 23.4,  22.8, 61.0, 14.9 
243.6, 23.4, 23.4, 22.9, 23.4,  22.7, 61.0, 14.8 
244.4, 23.6, 23.5, 23.2, 23.5,  22.9, 61.0, 15.0 
245.3, 23.4, 23.4, 22.9, 23.4,  22.8, 61.0, 14.9 
246.2, 23.4, 23.4, 23.0, 23.4,  22.8, 61.0, 14.9 
247.0, 23.4, 23.4, 23.0, 23.4,  22.7, 61.0, 14.8 
247.9, 23.4, 23.4, 23.0, 23.4,  22.8, 61.0, 14.9 
248.7, 23.4, 23.4, 23.0, 23.4,  22.7,  0.0, 14.9 
249.6, 23.4, 23.4, 23.0, 23.4,  22.7, 61.0, 14.8 
250.4, 23.4, 23.4, 23.0, 23.4,  22.7, 61.0, 14.8 
251.3, 23.4, 23.4, 23.0, 23.4,  22.7, 61.0, 14.8 
252.2, 23.6, 23.5, 23.1, 23.4,  22.7, 61.0, 14.8 
253.0, 23.4, 23.4, 23.0, 23.4,  22.7, 61.0, 14.8 
253.9, 23.4, 23.4, 22.9, 23.4,  22.6, 61.0, 14.7 
254.8, 23.4, 23.4, 23.0, 23.4,  22.7,  0.0, 14.7 
255.6, 23.4, 23.4, 23.0, 23.4,  22.7, 61.0, 14.8 
256.5, 23.4, 23.4, 23.0, 23.4,  22.7, 61.0, 14.8 
257.4, 23.4, 23.3, 22.9, 23.3,  22.6,  0.0, 14.8 
258.2, 23.4, 23.4, 23.0, 23.4,  22.7, 61.0, 14.8 
259.1, 23.4, 23.3, 22.9, 23.4,  22.7, 61.0, 14.8 
259.9, 23.4, 23.4, 23.0, 23.4,  22.7, 61.0, 14.8 
260.8, 23.4, 23.4, 23.0, 23.4,  22.7,  0.0, 14.8 
261.7, 23.4, 23.4, 23.0, 23.4,  22.7, 61.0, 14.8 
262.5, 23.4, 23.4, 23.0, 23.4,  22.7, 61.0, 14.8 
263.4, 23.4, 23.4, 23.0, 23.4,  22.7, 61.0, 14.8 
264.3, 23.4, 23.4, 23.0, 23.4,  22.7, 61.0, 14.8 
266.2, 23.4, 23.4, 23.0, 23.4,  22.7, 61.0, 14.8 
267.1, 23.4, 23.4, 22.9, 23.4,  22.7, 62.0, 15.0 
268.0, 23.5, 23.4, 23.0, 23.4,  22.7, 61.0, 14.8 
268.9, 23.4, 23.4, 23.0, 23.4,  22.7, 61.0, 14.8 
269.8, 23.4, 23.3, 22.9, 23.2,  22.7, 61.0, 14.8 
270.8, 23.4, 23.4, 23.0, 23.4,  22.7, 62.0, 15.1 
271.7, 23.4, 23.4, 23.0, 23.4,  22.7, 61.0, 14.8 
272.6, 23.4, 23.3, 23.0, 23.3,  22.6, 61.0, 14.7 
273.6, 23.4, 23.4, 23.0, 23.4,  22.7, 62.0, 15.1 
274.5, 23.4, 23.4, 23.0, 23.4,  22.7,  0.0, 15.1 
275.4, 23.4, 23.4, 22.9, 23.3,  22.6, 61.0, 14.7 
276.3, 23.4, 23.4, 23.0, 23.4,  22.7,  0.0, 14.7 
277.2, 23.4, 23.4, 23.0, 23.4,  22.6, 61.0, 14.7 
278.2, 23.4, 23.4, 23.0, 23.4,  22.6, 62.0, 15.0 
279.1, 23.4, 23.4, 23.0, 23.4,  22.6,  0.0, 15.0 
280.1, 23.4, 23.4, 23.0, 23.4,  22.5, 61.0, 14.6 
281.0, 23.4, 23.2, 23.0, 23.3,  22.5,  0.0, 14.6 
281.9, 23.4, 23.4, 23.0, 23.4,  22.5,  0.0, 14.6 
282.8, 23.4, 23.4, 23.0, 23.4,  22.5, 62.0, 14.9 
283.7, 23.4, 23.3, 23.0, 23.4,  22.6, 61.0, 14.7 
284.6, 23.4, 23.4, 23.0, 23.4,  22.6, 61.0, 14.7 
285.5, 23.4, 23.4, 23.0, 23.4,  22.7, 61.0, 14.8 
286.4, 23.5, 23.5, 23.1, 23.4,  22.7, 61.0, 14.8 
287.2, 23.4, 23.4, 23.1, 23.4,  22.7, 61.0, 14.8 
288.1, 23.5, 23.4, 23.0, 23.4,  22.7, 61.0, 14.8 
288.9, 23.4, 23.4, 23.0, 23.4,  22.7,  0.0, 14.8 
289.8, 23.4, 23.4, 23.0, 23.3,  22.7, 62.0, 15.1 
290.7, 23.4, 23.4, 23.0, 23.4,  22.7,  0.0, 15.1 
291.5, 23.4, 23.4, 23.0, 23.4,  22.7, 61.0, 14.8 
292.4, 23.4, 23.3, 23.0, 23.3,  22.7, 61.0, 14.8 
293.3, 23.4, 23.4, 23.0, 23.4,  22.7, 61.0, 14.8 
294.1, 23.4, 23.4, 23.0, 23.4,  22.7, 61.0, 14.8 
295.0, 23.4, 23.4, 23.0, 23.4,  22.7, 61.0, 14.8 
295.8, 23.4, 23.4, 23.0, 23.4,  22.7, 61.0, 14.8 
296.7, 23.1, 23.0, 23.0, 23.5,  22.6, 61.0, 14.7 
297.5, 23.4, 23.4, 23.0, 23.4,  22.7, 61.0, 14.8 
298.4, 23.4, 23.4, 23.0, 23.4,  22.7,  0.0, 14.8 
299.3, 23.4, 23.3, 23.0, 23.3,  22.7, 61.0, 14.8 
300.2, 23.5, 23.4, 23.0, 23.4,  22.7,  0.0, 14.8 
301.0, 23.4, 23.3, 22.9, 23.2,  22.6, 61.0, 14.7 
301.9, 23.4, 23.4, 23.0, 23.3,  22.7, 62.0, 15.0 
302.9, 23.4, 23.3, 22.9, 23.3,  22.6, 61.0, 14.7 
303.8, 23.4, 23.4, 23.0, 23.4,  22.7, 62.0, 15.0 
304.7, 23.4, 23.4, 22.9, 23.0,  22.3, 61.0, 14.4 
305.7, 23.4, 23.3, 22.9, 23.4,  22.7, 61.0, 14.8 
306.6, 23.4, 23.4, 23.0, 23.4,  22.7, 62.0, 15.0 
307.5, 23.4, 23.4, 23.0, 23.4,  22.7, 62.0, 15.0 
308.4, 23.4, 23.3, 22.9, 23.3,  22.6, 62.0, 15.0 
309.4, 23.4, 23.4, 23.0, 23.4,  22.7, 61.0, 14.8 
310.3, 23.4, 23.4, 23.0, 23.4,  22.7, 62.0, 15.1 
311.2, 23.4, 23.4, 23.0, 23.4,  22.7, 61.0, 14.8 
312.1, 23.4, 23.4, 23.0, 23.4,  22.7, 61.0, 14.8 
313.0, 23.5, 23.4, 23.0, 23.4,  22.7, 61.0, 14.8 
313.9, 23.4, 23.4, 23.0, 23.4,  22.7, 61.0, 14.8 
314.9, 23.4, 23.4, 23.0, 23.4,  22.7,  0.0, 14.8 
315.8, 23.4, 23.4, 23.0, 23.4,  22.7, 61.0, 14.8 
316.7, 23.4, 23.4, 22.9, 23.4,  22.7, 61.0, 14.7 
317.6, 23.4, 23.4, 23.0, 23.4,  22.7,  0.0, 14.7 
318.5, 23.4, 23.4, 23.0, 23.4,  22.6,  0.0, 14.7 
319.4, 23.4, 23.4, 23.0, 23.4,  22.7, 62.0, 15.0 
320.3, 23.4, 23.3, 22.9, 23.3,  22.5, 61.0, 14.6 
321.3, 23.4, 23.4, 23.0, 23.4,  22.6, 61.0, 14.7 
322.1, 23.4, 23.4, 23.0, 23.4,  22.6, 61.0, 14.7 
323.0, 23.4, 23.3, 22.9, 23.3,  22.6, 61.0, 14.7 
323.8, 23.4, 23.4, 23.0, 23.4,  22.6,  0.0, 14.7 
324.7, 23.4, 23.4, 23.0, 23.4,  22.7,  0.0, 14.7 
325.6, 23.4, 23.4, 23.0, 23.4,  22.6, 61.0, 14.7 
326.4, 23.4, 23.4, 23.0, 23.4,  22.5, 61.0, 14.6 
327.3, 23.4, 23.3, 23.0, 23.4,  22.5, 62.0, 14.9 
328.2, 23.4, 23.4, 23.0, 23.4,  22.5, 61.0, 14.6 
329.0, 23.4, 23.3, 23.0, 23.3,  22.5, 61.0, 14.6 
329.9, 23.4, 23.3, 23.0, 23.3,  22.6, 61.0, 14.7 
330.8, 23.5, 23.4, 23.0, 23.4,  22.7, 61.0, 14.7 
331.6, 23.4, 23.3, 23.0, 23.3,  22.5, 61.0, 14.6 
332.5, 23.4, 23.4, 23.0, 23.4,  22.6, 62.0, 14.9 
333.4, 23.5, 23.4, 23.0, 23.4,  22.5, 61.0, 14.6 
334.2, 23.3, 23.3, 22.9, 23.2,  22.5,  0.0, 14.6 
335.1, 23.4, 23.4, 23.0, 23.3,  22.6, 61.0, 14.7 
336.0, 23.4, 23.4, 23.0, 23.4,  22.6, 61.0, 14.7 
336.8, 23.4, 23.2, 22.7, 23.1,  22.5, 61.0, 14.6 
337.7, 23.5, 23.4, 23.0, 23.4,  22.7, 61.0, 14.8 
338.6, 23.4, 23.3, 23.0, 23.3,  22.6,  0.0, 14.8 
339.4, 23.6, 23.6, 23.2, 23.5,  22.8, 61.0, 14.9 
340.3, 23.4, 23.4, 23.1, 23.4,  22.7, 61.0, 14.8 
341.2, 23.4, 23.4, 23.0, 23.4,  22.6, 61.0, 14.7 
342.0, 23.4, 23.4, 23.0, 23.4,  22.6, 61.0, 14.7 
342.9, 23.4, 23.4, 22.9, 23.4,  22.6,  0.0, 14.7 
343.8, 23.4, 23.4, 23.0, 23.4,  22.6,  0.0, 14.7 
344.6, 23.3, 23.3, 23.0, 23.3,  22.5, 62.0, 14.9 
345.5, 23.4, 23.4, 23.0, 23.4,  22.3, 62.0, 14.7 
346.4, 23.4, 23.4, 23.0, 23.4,  22.6, 61.0, 14.7 
347.2, 23.4, 23.4, 23.0, 23.4,  22.6, 62.0, 14.9 
348.1, 23.4, 23.4, 23.0, 23.4,  22.7, 62.0, 15.0 
349.0, 23.4, 23.4, 22.9, 23.4,  22.7, 62.0, 15.0 
349.8, 23.4, 23.4, 23.0, 23.4,  22.6, 62.0, 15.0 
350.7, 23.2, 23.2, 22.8, 23.2,  22.4, 62.0, 14.8 
351.6, 23.3, 23.3, 22.9, 23.3,  22.5,  0.0, 14.8 
352.4, 23.4, 23.4, 23.0, 23.4,  22.6, 61.0, 14.7 
353.3, 23.4, 23.4, 23.0, 23.4,  22.7,  0.0, 14.7 
354.1, 23.4, 23.4, 23.0, 23.4,  22.7, 62.0, 15.1 
355.0, 23.3, 22.9, 22.7, 23.3,  22.7, 62.0, 15.0 
355.9, 23.3, 23.3, 22.9, 23.4,  22.6,  0.0, 15.0 
356.7, 23.4, 23.4, 23.0, 23.4,  22.7,  0.0, 15.0 
357.6, 23.4, 23.4, 23.0, 23.4,  22.7, 62.0, 15.0 
358.5, 23.4, 23.4, 23.0, 23.4,  22.7, 62.0, 15.0 
359.3, 23.3, 23.4, 22.9, 23.4,  22.7, 62.0, 15.0 
360.2, 23.4, 23.4, 23.0, 23.4,  22.7, 62.0, 15.0 
361.1, 23.6, 23.6, 23.2, 23.6,  22.9,  0.0, 15.0 
361.9, 23.4, 23.4, 23.0, 23.4,  22.7, 62.0, 15.0 
362.8, 23.4, 23.3, 22.9, 23.3,  22.7, 62.0, 15.0 
363.6, 23.3, 23.3, 22.9, 23.3,  22.6, 62.0, 15.0 
364.5, 23.4, 23.4, 23.0, 23.4,  22.7, 62.0, 15.1 
365.4, 23.4, 23.4, 23.0, 23.4,  22.7, 62.0, 15.1 
366.3, 23.4, 23.4, 23.0, 23.3,  22.7, 62.0, 15.1 
367.1, 23.4, 23.4, 23.0, 23.4,  22.8, 62.0, 15.1 
368.0, 23.4, 23.4, 23.0, 23.4,  22.8, 62.0, 15.1 
368.8, 23.4, 23.2, 22.7, 23.2,  22.5, 62.0, 14.8 
369.7, 23.4, 23.4, 23.0, 23.4,  22.7, 62.0, 15.1 
370.6, 23.4, 23.4, 23.0, 23.4,  22.7, 62.0, 15.1 
371.4, 23.5, 23.4, 23.1, 23.4,  22.8, 62.0, 15.1 
372.3, 23.4, 23.4, 23.0, 23.4,  22.7, 62.0, 15.1 
373.2, 23.2, 22.9, 23.1, 23.5,  22.9, 63.0, 15.5 
374.0, 23.4, 23.4, 23.0, 23.4,  22.8,  0.0, 15.5 
374.9, 23.4, 23.3, 23.0, 23.4,  22.6, 62.0, 14.9 
376.0, 23.4, 23.3, 23.0, 23.4,  22.8, 62.0, 15.1 
376.9, 23.5, 23.4, 23.1, 23.5,  22.9, 62.0, 15.2 
377.7, 23.3, 23.3, 23.0, 23.4,  22.7, 62.0, 15.0 
378.6, 23.4, 23.4, 23.0, 23.4,  22.7, 62.0, 15.1 
379.5, 23.4, 23.3, 23.0, 23.4,  22.7, 62.0, 15.0 
380.3, 23.3, 23.2, 23.0, 23.4,  22.7, 62.0, 15.1 
381.2, 23.3, 23.4, 22.9, 23.4,  22.7, 62.0, 15.1 
382.1, 23.4, 23.4, 23.0, 23.4,  22.8,  0.0, 15.1 
382.9, 23.4, 23.3, 23.0, 23.3,  22.7,  0.0, 15.1 
383.8, 23.4, 23.4, 23.0, 23.4,  22.8, 62.0, 15.1 
384.7, 23.4, 23.4, 23.0, 23.4,  22.7, 62.0, 15.1 
385.6, 23.5, 23.5, 23.1, 23.5,  22.9, 63.0, 15.4 
386.4, 23.5, 23.5, 23.2, 23.6,  22.9, 62.0, 15.2 
387.3, 23.4, 23.3, 22.9, 23.4,  22.7, 62.0, 15.0 
388.1, 23.4, 23.4, 23.0, 23.4,  22.7,  0.0, 15.0 
389.0, 23.4, 23.4, 23.0, 23.4,  22.7, 62.0, 15.1 
389.9, 23.5, 23.5, 23.2, 23.5,  22.9,  0.0, 15.1 
390.7, 23.3, 23.3, 23.0, 23.4,  22.7,  0.0, 15.1 
391.6, 23.4, 23.4, 23.1, 23.4,  22.8,  0.0, 15.1 
392.5, 23.4, 23.3, 23.0, 23.4,  22.7, 62.0, 15.1 
393.3, 23.4, 23.3, 23.0, 23.4,  22.7, 62.0, 15.1 
394.2, 23.4, 23.4, 23.1, 23.4,  22.8, 62.0, 15.1 
395.1, 23.4, 23.3, 23.0, 23.4,  22.7, 62.0, 15.1 
395.9, 23.4, 23.4, 23.1, 23.4,  22.8, 62.0, 15.1 
396.8, 23.3, 23.2, 23.0, 23.3,  22.7,  0.0, 15.1 
397.6, 23.5, 23.4, 23.2, 23.5,  22.9, 62.0, 15.2 
398.5, 23.4, 23.4, 23.0, 23.4,  22.7, 62.0, 15.1 
399.4, 23.4, 23.3, 23.0, 23.3,  22.7, 62.0, 15.1 
400.2, 23.4, 23.4, 23.1, 23.4,  22.8, 63.0, 15.4 
401.1, 23.4, 23.4, 23.1, 23.4,  22.8, 62.0, 15.1 
402.0, 23.4, 23.4, 23.0, 23.4,  22.8, 63.0, 15.4 
402.9, 23.4, 23.4, 23.0, 23.4,  22.8,  0.0, 15.4 
403.7, 23.4, 23.4, 23.1, 23.4,  22.9, 62.0, 15.2 
404.6, 23.4, 23.3, 23.0, 23.4,  22.8, 62.0, 15.1 
405.5, 23.4, 23.3, 23.0, 23.4,  22.8, 62.0, 15.1 
406.3, 23.4, 23.3, 23.0, 23.4,  22.8,  0.0, 15.1 
407.2, 23.4, 23.5, 23.2, 23.5,  22.9, 62.0, 15.3 
408.0, 23.4, 23.4, 23.0, 23.4,  22.8, 63.0, 15.4 
408.9, 23.4, 23.4, 23.0, 23.4,  22.9, 62.0, 15.2 
409.8, 23.4, 23.4, 23.1, 23.4,  23.0, 62.0, 15.3 
410.6, 23.4, 23.4, 23.0, 23.4,  22.9, 63.0, 15.5 
411.5, 23.4, 23.3, 23.0, 23.1,  22.4, 63.0, 15.0 
412.4, 23.4, 23.4, 23.0, 23.4,  22.9, 62.0, 15.2 
413.2, 23.4, 23.4, 23.1, 23.4,  22.9, 62.0, 15.2 
414.1, 23.3, 23.2, 23.0, 23.3,  22.8, 63.0, 15.3 
415.0, 23.4, 23.3, 23.0, 23.3,  22.7, 62.0, 15.1 
415.8, 23.4, 23.3, 23.0, 23.3,  22.7, 62.0, 15.1 
416.7, 23.4, 23.4, 23.0, 23.4,  22.8, 62.0, 15.1 
417.6, 23.4, 23.3, 23.0, 23.3,  22.7, 62.0, 15.1 
418.4, 23.4, 23.4, 23.0, 23.3,  22.7, 62.0, 15.1 
419.3, 23.3, 23.2, 22.9, 23.2,  22.7, 63.0, 15.2 
420.1, 23.4, 23.4, 23.0, 23.3,  22.7, 62.0, 15.1 
421.0, 23.4, 23.4, 23.0, 23.4,  22.7, 63.0, 15.3 
421.9, 23.4, 23.4, 23.0, 23.4,  22.7, 62.0, 15.1 
422.7, 23.4, 23.3, 23.0, 23.2,  22.7, 62.0, 15.0 
423.6, 23.3, 23.3, 23.0, 23.3,  22.7, 62.0, 15.1 
424.5, 23.4, 23.4, 23.0, 23.3,  22.7, 63.0, 15.3 
425.3, 23.4, 23.4, 23.0, 23.4,  22.7, 63.0, 15.3 
426.3, 23.4, 23.4, 23.0, 23.4,  22.8, 62.0, 15.1 
427.2, 23.4, 23.4, 23.0, 23.4,  22.8, 62.0, 15.1 
428.0, 23.4, 23.4, 23.0, 23.4,  22.8, 62.0, 15.1 
428.9, 23.4, 23.4, 23.0, 23.4,  22.8, 62.0, 15.1 
429.8, 23.4, 23.4, 23.0, 23.4,  22.8,  0.0, 15.1 
430.7, 23.4, 23.3, 23.0, 23.4,  22.9, 62.0, 15.2 
431.7, 23.4, 23.4, 23.0, 23.4,  22.9,  0.0, 15.2 
432.6, 23.3, 23.2, 23.0, 23.3,  22.8,  0.0, 15.2 
433.5, 23.4, 23.4, 23.1, 23.4,  22.8, 62.0, 15.1 
434.4, 23.4, 23.4, 23.1, 23.4,  22.8,  0.0, 15.1 
435.3, 23.4, 23.4, 23.1, 23.4,  22.9, 62.0, 15.2 
436.2, 23.4, 23.4, 23.1, 23.4,  22.9,  0.0, 15.2 
437.1, 23.4, 23.4, 23.0, 23.4,  22.8,  0.0, 15.2 
438.1, 23.4, 23.4, 23.0, 23.4,  22.9, 62.0, 15.2 
439.0, 23.4, 23.4, 23.0, 23.4,  22.9, 62.0, 15.2 
439.9, 23.4, 23.4, 23.0, 23.4,  23.0, 62.0, 15.3 
440.8, 23.3, 23.3, 23.0, 23.3,  22.9,  0.0, 15.3 
441.7, 23.4, 23.3, 23.0, 23.3,  22.9,  0.0, 15.3 
442.6, 23.4, 23.4, 23.0, 23.4,  23.0, 62.0, 15.3 
443.5, 23.4, 23.3, 23.0, 23.3,  22.9, 62.0, 15.2 
444.5, 23.4, 23.4, 23.1, 23.4,  23.0, 62.0, 15.3 
445.4, 23.4, 23.3, 23.0, 23.3,  22.9, 62.0, 15.3 
446.3, 23.4, 23.3, 23.0, 23.4,  23.0, 62.0, 15.3 
447.3, 23.4, 23.4, 23.1, 23.4,  23.0, 62.0, 15.3 
448.2, 23.4, 23.4, 23.0, 23.4,  23.0, 63.0, 15.5 
449.1, 23.4, 23.4, 23.0, 23.4,  23.0, 62.0, 15.3 
450.1, 23.4, 23.4, 23.1, 23.4,  23.0,  0.0, 15.3 
451.0, 23.4, 23.4, 23.0, 23.4,  23.0, 62.0, 15.3 
451.9, 23.4, 23.3, 23.1, 23.4,  23.0, 63.0, 15.6 
452.9, 23.4, 23.4, 23.0, 23.4,  23.0, 62.0, 15.3 
453.8, 23.4, 23.4, 23.0, 23.4,  23.0, 62.0, 15.3 
454.8, 23.4, 23.4, 23.1, 23.3,  23.0, 62.0, 15.3 
455.7, 23.4, 23.3, 23.0, 23.4,  23.0, 62.0, 15.3 
456.6, 23.4, 23.3, 23.0, 23.3,  23.0, 62.0, 15.3 
457.6, 23.4, 23.4, 23.0, 23.4,  23.0,  0.0, 15.3 
458.5, 23.4, 23.4, 23.0, 23.4,  23.0, 62.0, 15.3 
459.4, 23.4, 23.3, 23.0, 23.4,  23.0, 63.0, 15.6 
460.4, 23.4, 23.4, 23.0, 23.4,  23.0, 62.0, 15.3 
461.3, 23.4, 23.4, 23.0, 23.4,  23.0, 62.0, 15.3 
462.3, 23.4, 23.4, 23.0, 23.4,  23.0, 62.0, 15.3 
463.2, 23.4, 23.4, 23.0, 23.4,  23.0, 62.0, 15.3 
464.1, 23.4, 23.4, 23.0, 23.4,  23.0, 63.0, 15.6 
465.0, 23.4, 23.4, 23.1, 23.4,  23.1, 62.0, 15.4 
465.9, 23.4, 23.4, 23.1, 23.4,  23.1, 62.0, 15.4 
466.8, 23.4, 23.3, 23.0, 23.3,  23.1, 62.0, 15.4 
467.6, 23.4, 23.3, 23.1, 23.4,  23.0, 63.0, 15.6 
468.5, 23.4, 23.4, 23.1, 23.4,  23.0, 62.0, 15.3 
469.4, 23.4, 23.4, 23.0, 23.4,  23.1,  0.0, 15.3 
470.2, 23.4, 23.4, 23.0, 23.4,  23.1, 63.0, 15.7 
471.1, 23.4, 23.4, 23.1, 23.4,  23.1, 62.0, 15.4 
472.0, 23.4, 23.4, 23.0, 23.4,  23.0, 62.0, 15.3 
472.9, 23.4, 23.4, 23.0, 23.4,  23.0, 62.0, 15.3 
473.7, 23.4, 23.3, 23.0, 23.4,  23.1,  0.0, 15.3 
474.6, 23.4, 23.3, 23.0, 23.4,  23.1, 62.0, 15.4 
475.5, 23.4, 23.4, 23.0, 23.4,  23.0, 62.0, 15.3 
476.3, 23.4, 23.4, 23.1, 23.4,  23.1,  0.0, 15.3 
477.2, 23.4, 23.4, 23.0, 23.4,  23.1, 62.0, 15.4 
478.1, 23.4, 23.4, 23.0, 23.4,  23.1,  0.0, 15.4 
478.9, 23.4, 23.4, 23.0, 23.4,  23.1, 62.0, 15.4 
479.8, 23.4, 23.3, 23.0, 23.4,  23.1, 62.0, 15.4 
480.7, 23.3, 23.3, 23.0, 23.3,  23.0, 63.0, 15.6 
481.6, 23.4, 23.4, 23.0, 23.4,  23.1, 63.0, 15.7 
482.4, 23.4, 23.4, 23.0, 23.4,  23.1, 62.0, 15.4 
483.3, 23.4, 23.4, 23.0, 23.4,  23.1, 63.0, 15.7 
484.2, 23.5, 23.4, 23.1, 23.4,  23.1, 62.0, 15.4 
485.0, 23.4, 23.3, 23.0, 23.4,  23.0, 62.0, 15.3 
485.9, 23.4, 23.4, 23.0, 23.4,  23.1,  0.0, 15.3 
486.7, 23.4, 23.4, 23.0, 23.3,  23.0,  0.0, 15.3 
487.6, 23.4, 23.3, 23.0, 23.4,  23.0, 63.0, 15.6 
488.5, 23.4, 23.3, 23.0, 23.3,  22.9, 63.0, 15.5 
489.3, 23.3, 23.3, 23.0, 23.3,  23.0, 62.0, 15.3 
490.2, 23.3, 23.3, 22.9, 23.3,  22.9, 63.0, 15.5 
491.1, 23.4, 23.4, 23.0, 23.4,  23.0,  0.0, 15.5 
491.9, 23.4, 23.4, 23.0, 23.4,  23.0, 63.0, 15.5 
492.8, 23.4, 23.4, 23.0, 23.4,  23.0, 63.0, 15.5 
493.7, 23.4, 23.4, 23.0, 23.4,  23.0, 63.0, 15.5 
494.5, 23.4, 23.4, 23.0, 23.4,  23.0, 63.0, 15.5 
495.4, 23.4, 23.3, 23.0, 23.4,  22.9, 62.0, 15.2 
496.2, 23.4, 23.4, 23.0, 23.4,  23.0, 62.0, 15.3 
497.1, 23.5, 23.4, 23.0, 23.4,  23.0, 63.0, 15.6 
498.0, 23.4, 23.3, 23.0, 23.4,  22.9, 63.0, 15.5 
498.8, 23.4, 23.4, 23.0, 23.4,  23.0, 62.0, 15.3 
499.7, 23.4, 23.4, 23.0, 23.4,  23.0, 62.0, 15.3 
500.6, 23.4, 23.4, 23.0, 23.4,  22.8,  0.0, 15.3 
501.4, 23.3, 23.3, 23.0, 23.2,  22.8, 63.0, 15.4 
502.3, 23.4, 23.4, 23.0, 23.4,  22.9, 62.0, 15.2 
503.2, 23.4, 23.4, 23.0, 23.4,  22.9, 62.0, 15.2 
504.0, 23.4, 23.4, 23.0, 23.4,  22.9, 62.0, 15.2 
504.9, 23.4, 23.4, 23.0, 23.4,  22.9, 62.0, 15.2 
505.8, 23.4, 23.3, 23.0, 23.3,  22.9, 63.0, 15.5 
506.6, 23.4, 23.3, 23.0, 23.3,  22.9, 62.0, 15.2 
507.5, 23.4, 23.4, 23.0, 23.4,  23.0, 63.0, 15.5 
508.4, 23.4, 23.4, 23.0, 23.3,  23.0, 63.0, 15.5 
509.2, 23.4, 23.4, 23.0, 23.4,  23.0, 62.0, 15.3 
510.1, 23.4, 23.4, 23.0, 23.4,  23.0, 62.0, 15.3 
510.9, 23.6, 23.6, 23.2, 23.5,  23.2, 63.0, 15.7 
511.8, 23.4, 23.4, 23.1, 23.4,  23.0, 62.0, 15.3 
512.7, 23.4, 23.4, 23.0, 23.3,  23.0,  0.0, 15.3 
513.5, 23.4, 23.4, 23.0, 23.3,  23.0, 63.0, 15.5 
514.4, 23.3, 23.3, 23.0, 23.3,  22.9,  0.0, 15.5 
515.3, 23.4, 23.4, 23.1, 23.4,  23.0, 63.0, 15.6 
516.1, 23.4, 23.4, 23.0, 23.4,  23.0,  0.0, 15.6 
517.0, 23.3, 23.2, 23.0, 23.3,  22.9, 62.0, 15.2 
517.8, 23.4, 23.4, 23.0, 23.4,  23.0,  0.0, 15.2 
518.7, 23.4, 23.4, 23.0, 23.3,  23.0, 62.0, 15.3 
519.6, 23.3, 23.2, 23.0, 23.3,  22.9,  0.0, 15.3 
520.4, 23.4, 23.4, 23.0, 23.4,  23.0, 63.0, 15.6 
521.3, 23.4, 23.4, 23.0, 23.3,  23.0, 62.0, 15.3 
522.1, 23.4, 23.4, 23.0, 23.3,  23.0, 62.0, 15.3 
523.0, 23.4, 23.4, 23.0, 23.3,  23.0, 62.0, 15.3 
523.9, 23.4, 23.4, 23.0, 23.3,  23.0, 62.0, 15.3 
524.7, 23.4, 23.4, 23.0, 23.3,  23.1, 62.0, 15.4 
525.6, 23.5, 23.4, 23.1, 23.4,  23.2, 63.0, 15.7 
526.5, 23.4, 23.4, 23.0, 23.3,  23.0, 63.0, 15.6 
527.3, 23.4, 23.3, 23.0, 23.3,  23.0, 62.0, 15.3 
528.2, 23.5, 23.4, 23.0, 23.4,  23.2, 62.0, 15.5 
529.0, 23.4, 23.4, 23.0, 23.3,  23.0,  0.0, 15.5 
529.9, 23.4, 23.4, 23.0, 23.4,  23.1, 63.0, 15.7 
530.8, 23.4, 23.3, 23.0, 23.3,  23.0, 63.0, 15.6 
531.6, 23.4, 23.4, 23.0, 23.4,  23.1, 63.0, 15.7 
532.5, 23.4, 23.4, 23.0, 23.3,  23.1, 63.0, 15.7 
533.3, 23.4, 23.4, 23.0, 23.2,  23.1, 62.0, 15.4 
534.2, 23.4, 23.3, 23.0, 23.3,  23.1, 63.0, 15.7 
535.1, 23.4, 23.3, 22.9, 23.2,  23.0, 63.0, 15.6 
535.9, 23.4, 23.4, 23.0, 23.0,  22.8, 62.0, 15.1 
536.8, 23.4, 23.3, 23.0, 23.2,  23.0, 62.0, 15.3 
537.6, 23.4, 23.4, 23.0, 23.3,  23.0, 62.0, 15.3 
538.5, 23.3, 23.2, 22.9, 23.2,  23.0, 62.0, 15.3 
539.4, 23.3, 23.2, 22.9, 23.2,  23.0, 62.0, 15.3 
540.2, 23.4, 23.4, 23.0, 23.3,  23.0, 64.0, 15.8 
541.1, 23.4, 23.3, 22.9, 23.3,  23.1, 62.0, 15.4 
541.9, 23.4, 23.3, 23.0, 23.3,  23.0, 62.0, 15.3 
542.8, 23.4, 23.4, 23.0, 23.3,  23.0, 64.0, 15.8 
543.7, 23.4, 23.3, 23.0, 23.3,  23.0, 62.0, 15.3 
544.5, 23.4, 23.4, 23.0, 23.2,  23.0,  0.0, 15.3 
545.4, 23.4, 23.3, 22.9, 23.2,  23.0, 63.0, 15.6 
546.3, 23.4, 23.4, 23.0, 23.3,  23.0, 63.0, 15.6 
547.1, 23.4, 23.3, 23.0, 23.2,  23.0, 64.0, 15.8 
548.0, 23.4, 23.4, 23.0, 23.2,  23.0, 63.0, 15.6 
548.8, 23.4, 23.4, 23.0, 23.3,  23.1, 63.0, 15.6 
549.7, 23.4, 23.4, 23.0, 23.2,  23.0, 64.0, 15.8 
550.5, 23.4, 23.3, 23.0, 23.2,  23.0,  0.0, 15.8 
551.4, 23.4, 23.3, 23.0, 23.2,  23.0, 64.0, 15.8 
552.3, 23.4, 23.2, 23.0, 23.2,  23.0, 64.0, 15.8 
553.1, 23.5, 23.4, 23.2, 23.4,  23.2, 64.0, 16.0 
554.0, 23.4, 23.4, 23.0, 23.3,  23.1,  0.0, 16.0 
554.8, 23.3, 23.3, 22.9, 23.2,  23.0, 63.0, 15.6 
555.8, 23.4, 23.4, 23.0, 23.3,  23.1, 64.0, 15.9 
556.7, 23.5, 23.4, 23.0, 23.4,  23.2, 64.0, 16.0 
557.5, 23.4, 23.4, 23.0, 23.2,  23.0, 63.0, 15.6 
558.4, 23.4, 23.3, 23.0, 23.3,  23.0, 64.0, 15.8 
559.3, 23.4, 23.3, 23.0, 23.2,  23.0, 63.0, 15.6 
560.1, 23.4, 23.2, 23.0, 23.3,  23.0, 63.0, 15.6 
561.0, 23.4, 23.3, 22.9, 23.3,  23.0, 64.0, 15.8 
561.8, 23.3, 23.3, 23.0, 23.2,  23.0, 63.0, 15.5 
562.7, 23.3, 23.2, 22.5, 22.9,  22.7,  0.0, 15.5 
563.6, 23.4, 23.4, 23.0, 23.3,  23.1, 63.0, 15.7 
564.4, 23.4, 23.3, 23.0, 23.3,  23.1, 63.0, 15.7 
565.3, 23.4, 23.4, 23.0, 23.4,  23.1, 63.0, 15.7 
566.5, 23.4, 23.3, 23.0, 23.2,  23.0, 63.0, 15.6 
567.4, 23.4, 23.4, 23.1, 23.3,  23.1, 63.0, 15.7 
568.2, 23.4, 23.4, 23.0, 23.3,  23.1, 64.0, 15.9 
569.1, 23.4, 23.4, 23.1, 23.4,  23.1, 63.0, 15.6 
569.9, 23.3, 23.3, 22.9, 23.2,  23.0, 63.0, 15.6 
570.8, 23.4, 23.4, 23.0, 23.4,  23.1, 63.0, 15.7 
571.7, 23.4, 23.3, 23.0, 23.3,  23.1, 63.0, 15.7 
572.5, 23.4, 23.3, 23.0, 23.3,  23.1, 63.0, 15.7 
573.4, 23.4, 23.3, 23.0, 23.3,  23.0, 63.0, 15.6 
574.3, 23.3, 23.3, 23.0, 23.2,  23.0, 64.0, 15.8 
575.1, 23.4, 23.4, 23.0, 23.3,  23.1, 63.0, 15.6 
576.0, 23.4, 23.4, 23.0, 23.4,  23.1,  0.0, 15.6 
576.8, 23.6, 23.5, 23.2, 23.5,  23.3, 63.0, 15.8 
577.7, 23.4, 23.4, 23.0, 23.3,  23.1,  0.0, 15.8 
578.6, 23.4, 23.4, 23.0, 23.3,  23.1, 64.0, 15.9 
579.5, 23.4, 23.4, 23.0, 23.4,  23.2, 64.0, 16.0 
580.3, 23.5, 23.5, 23.2, 23.4,  23.2,  0.0, 16.0 
581.2, 23.3, 23.3, 22.9, 23.3,  23.1, 64.0, 15.9 
582.0, 23.5, 23.4, 23.2, 23.4,  23.2, 64.0, 16.0 
582.9, 23.0, 23.1, 22.9, 23.3,  23.1, 63.0, 15.7 
583.8, 23.4, 23.4, 23.0, 23.3,  23.1, 63.0, 15.7 
584.6, 23.4, 23.3, 23.0, 23.3,  23.1, 64.0, 15.9 
585.5, 23.4, 23.4, 23.1, 23.4,  23.2, 63.0, 15.7 
586.4, 23.5, 23.5, 23.2, 23.4,  23.2, 64.0, 16.0 
587.2, 23.4, 23.2, 22.9, 23.3,  23.1, 63.0, 15.7 
588.1, 23.4, 23.4, 23.1, 23.4,  23.2, 63.0, 15.7 
588.9, 23.4, 23.4, 23.1, 23.4,  23.2, 63.0, 15.7 
589.8, 23.4, 23.3, 23.0, 23.3,  23.1, 64.0, 15.9 
590.7, 23.4, 23.4, 23.0, 23.3,  23.1, 63.0, 15.7 
591.6, 23.4, 23.3, 23.0, 23.2,  23.0, 63.0, 15.6 
592.4, 23.4, 23.4, 23.0, 23.3,  23.0, 64.0, 15.8 
593.3, 23.4, 23.3, 22.9, 23.2,  23.0, 63.0, 15.6 
594.1, 23.4, 23.4, 23.1, 23.4,  23.1, 64.0, 15.9 
595.0, 23.4, 23.4, 23.1, 23.3,  23.1, 64.0, 15.9 
595.9, 23.4, 23.3, 23.0, 23.3,  23.0, 64.0, 15.8 
596.7, 23.4, 23.3, 23.0, 23.4,  23.0, 64.0, 15.8 
597.6, 23.4, 23.3, 23.0, 23.2,  23.0, 63.0, 15.6 
598.5, 23.4, 23.3, 23.0, 23.3,  23.0, 63.0, 15.6 
599.3, 23.4, 23.4, 23.1, 23.3,  23.0, 63.0, 15.6 
600.2, 23.3, 23.2, 23.0, 23.2,  23.0,  0.0, 15.6 
601.1, 23.4, 23.4, 23.1, 23.4,  23.0, 64.0, 15.8 
601.9, 23.4, 23.3, 23.0, 23.3,  23.0,  0.0, 15.8 
602.8, 23.4, 23.3, 23.0, 23.3,  23.0, 64.0, 15.8 
603.6, 23.3, 23.3, 23.0, 23.3,  23.0, 63.0, 15.6 
604.5, 23.4, 23.3, 23.0, 23.3,  23.0, 64.0, 15.8 
605.4, 23.4, 23.3, 23.0, 23.3,  23.0, 64.0, 15.8 
606.3, 23.5, 23.4, 23.1, 23.4,  23.2, 63.0, 15.7 
607.1, 23.4, 23.4, 23.1, 23.4,  22.9, 63.0, 15.5 
608.0, 23.4, 23.3, 23.0, 23.3,  23.0, 64.0, 15.8 
608.8, 23.4, 23.3, 23.0, 23.3,  23.0, 64.0, 15.8 
609.7, 23.4, 23.3, 23.0, 23.2,  23.0, 64.0, 15.8 
610.6, 23.4, 23.3, 23.0, 23.3,  23.1, 63.0, 15.7 
611.4, 23.3, 23.2, 23.0, 23.2,  23.0, 63.0, 15.6 
612.3, 23.4, 23.3, 23.0, 23.3,  23.1, 64.0, 15.9 
613.1, 23.6, 23.6, 23.3, 23.6,  23.4, 63.0, 15.9 
614.0, 23.4, 23.3, 23.0, 23.3,  23.1, 64.0, 15.9 
614.9, 23.4, 23.3, 23.0, 23.3,  23.1, 63.0, 15.7 
615.7, 23.4, 23.4, 23.1, 23.4,  23.2, 64.0, 16.0 
616.6, 23.4, 23.3, 23.0, 23.3,  23.1, 63.0, 15.7 
617.5, 23.4, 23.3, 22.9, 23.3,  23.0, 64.0, 15.8 
618.3, 23.4, 23.3, 23.0, 23.3,  23.0, 63.0, 15.6 
619.2, 23.4, 23.3, 23.0, 23.3,  23.0, 64.0, 15.8 
620.0, 23.4, 23.3, 23.0, 23.3,  23.0, 63.0, 15.6 
620.9, 23.3, 23.3, 23.0, 23.2,  23.0, 64.0, 15.8 
621.8, 23.4, 23.3, 23.0, 23.3,  23.0, 64.0, 15.8 
622.6, 23.4, 23.3, 23.0, 23.3,  23.0, 64.0, 15.8 
623.5, 23.4, 23.4, 23.0, 23.4,  23.0, 64.0, 15.8 
624.4, 23.4, 23.2, 23.0, 23.3,  23.0, 64.0, 15.8 
625.2, 23.4, 23.4, 23.0, 23.3,  23.0, 63.0, 15.6 
626.1, 23.3, 23.3, 23.0, 23.2,  23.0, 63.0, 15.5 
626.9, 23.4, 23.3, 23.0, 23.3,  23.0, 63.0, 15.6 
627.8, 23.6, 23.5, 23.2, 23.5,  23.2, 64.0, 16.0 
628.7, 23.4, 23.3, 23.0, 23.3,  23.0, 63.0, 15.6 
629.5, 23.3, 23.2, 22.9, 23.3,  22.9, 64.0, 15.8 
630.4, 23.4, 23.4, 23.0, 23.4,  23.0,  0.0, 15.8 
631.3, 23.4, 23.3, 23.0, 23.3,  23.0, 64.0, 15.8 
632.1, 23.4, 23.3, 23.0, 23.3,  23.0, 63.0, 15.5 
633.0, 23.4, 23.2, 23.0, 23.3,  22.9, 63.0, 15.5 
633.9, 23.4, 23.4, 23.0, 23.3,  22.9, 63.0, 15.5 
634.7, 23.4, 23.2, 23.0, 23.3,  22.9,  0.0, 15.5 
635.6, 23.4, 23.3, 23.0, 23.4,  22.9, 63.0, 15.5 
636.4, 23.4, 23.3, 23.0, 23.3,  22.9,  0.0, 15.5 
637.3, 23.4, 23.2, 23.0, 23.3,  22.9, 63.0, 15.5 
638.2, 23.3, 23.2, 23.0, 23.3,  22.9, 64.0, 15.7 
639.0, 23.4, 23.3, 23.0, 23.3,  22.9,  0.0, 15.7 
639.9, 23.4, 23.3, 23.0, 23.4,  22.8,  0.0, 15.7 
640.8, 23.4, 23.3, 23.0, 23.4,  22.9,  0.0, 15.7 
641.7, 23.4, 23.3, 23.0, 23.3,  22.9, 63.0, 15.5 
642.5, 23.4, 23.3, 23.0, 23.3,  22.9, 64.0, 15.7 
643.4, 23.3, 23.2, 23.0, 23.3,  23.0, 63.0, 15.5 
644.3, 23.4, 23.2, 23.0, 23.3,  23.0, 63.0, 15.5 
645.1, 23.5, 23.4, 23.1, 23.4,  23.0, 63.0, 15.6 
646.0, 23.4, 23.3, 23.0, 23.4,  23.0, 64.0, 15.8 
646.9, 23.4, 23.3, 23.0, 23.3,  23.0, 64.0, 15.8 
647.7, 23.4, 23.3, 23.1, 23.4,  23.1, 63.0, 15.7 
648.6, 23.4, 23.3, 23.0, 23.3,  23.0, 64.0, 15.8 
649.5, 23.4, 23.3, 23.0, 23.3,  23.0, 63.0, 15.6 
650.3, 23.3, 23.2, 23.0, 23.2,  23.0, 64.0, 15.8 
651.2, 23.4, 23.4, 23.0, 23.4,  23.1, 64.0, 15.9 
652.1, 23.4, 23.2, 23.0, 23.3,  23.0, 64.0, 15.8 
653.0, 23.4, 23.3, 23.0, 23.3,  23.0, 64.0, 15.8 
653.8, 23.4, 23.2, 23.0, 23.3,  23.0, 63.0, 15.6 
654.7, 23.4, 23.3, 23.0, 23.3,  23.0, 63.0, 15.6 
655.6, 23.4, 23.3, 23.0, 23.3,  23.0, 64.0, 15.8 
656.4, 23.5, 23.4, 23.2, 23.5,  23.2, 63.0, 15.7 
657.3, 23.4, 23.3, 23.0, 23.3,  23.0, 64.0, 15.8 
658.2, 23.3, 23.2, 23.0, 23.2,  23.0,  0.0, 15.8 
659.0, 23.4, 23.3, 23.0, 23.3,  23.0,  0.0, 15.8 
659.9, 23.4, 23.3, 23.0, 23.3,  23.0, 64.0, 15.8 
660.8, 23.4, 23.2, 23.0, 23.3,  23.0, 64.0, 15.8 
661.7, 23.4, 23.3, 23.0, 23.3,  23.0, 64.0, 15.8 
662.5, 23.4, 23.3, 23.0, 23.3,  23.0,  0.0, 15.8 
663.4, 23.3, 23.2, 23.0, 23.2,  22.9, 63.0, 15.5 
664.3, 23.2, 23.2, 23.0, 23.2,  22.9, 64.0, 15.7 
665.1, 23.3, 23.2, 22.9, 23.3,  22.9, 64.0, 15.7 
666.0, 23.4, 23.3, 23.0, 23.3,  23.0, 64.0, 15.8 
666.8, 23.2, 23.2, 23.0, 23.2,  22.8, 63.0, 15.4 
667.7, 23.3, 23.3, 23.0, 23.3,  23.0, 64.0, 15.8 
668.6, 23.3, 23.3, 23.0, 23.3,  22.9, 64.0, 15.7 
669.5, 23.3, 23.3, 23.0, 23.3,  22.9, 64.0, 15.7 
670.3, 23.4, 23.3, 23.0, 23.3,  23.0, 64.0, 15.8 
671.2, 23.4, 23.3, 23.0, 23.3,  22.9,  0.0, 15.8 
672.1, 23.4, 23.2, 23.0, 23.3,  22.9, 64.0, 15.7 
672.9, 23.2, 23.2, 23.0, 23.2,  22.8, 64.0, 15.6 
673.8, 23.4, 23.3, 23.0, 23.3,  23.0, 64.0, 15.8 
674.7, 23.4, 23.3, 23.0, 23.3,  22.9, 64.0, 15.7 
675.6, 23.3, 23.2, 22.9, 23.2,  22.9, 64.0, 15.7 
676.4, 23.3, 23.2, 23.0, 23.2,  22.9, 64.0, 15.7 
677.3, 23.4, 23.3, 23.0, 23.3,  23.0, 64.0, 15.8 
678.2, 23.4, 23.3, 23.0, 23.3,  23.0, 64.0, 15.8 
679.0, 23.3, 23.2, 23.0, 23.3,  22.9, 63.0, 15.5 
679.9, 23.4, 23.2, 23.0, 23.3,  23.0, 63.0, 15.5 
680.8, 23.3, 23.2, 23.0, 23.2,  22.9, 64.0, 15.7 
681.6, 23.4, 23.3, 23.0, 23.3,  23.0, 64.0, 15.8 
682.5, 23.2, 23.3, 23.0, 23.3,  23.0, 64.0, 15.8 
683.4, 23.4, 23.2, 23.0, 23.3,  23.0, 64.0, 15.8 
684.3, 23.4, 23.3, 23.0, 23.3,  23.0, 64.0, 15.8 
685.1, 23.4, 23.3, 23.0, 23.4,  23.1, 64.0, 15.9 
686.0, 23.3, 23.2, 23.0, 23.2,  23.0, 63.0, 15.5 
686.8, 23.3, 23.2, 23.0, 23.3,  23.0, 64.0, 15.8 
687.7, 23.4, 23.3, 23.0, 23.3,  23.0, 64.0, 15.8 
688.6, 23.3, 23.2, 23.0, 23.2,  23.0, 64.0, 15.8 
689.5, 23.4, 23.4, 23.1, 23.4,  23.1, 64.0, 15.9 
690.3, 23.4, 23.2, 23.0, 23.3,  23.0,  0.0, 15.9 
691.2, 23.4, 23.3, 23.0, 23.3,  23.1, 64.0, 15.9 
692.1, 23.4, 23.2, 23.0, 23.3,  23.0, 64.0, 15.8 
692.9, 23.3, 23.2, 23.0, 23.3,  23.0, 64.0, 15.8 
693.8, 23.4, 23.3, 23.0, 23.3,  23.0, 64.0, 15.8 
694.7, 23.3, 23.3, 23.0, 23.3,  23.1, 64.0, 15.9 
695.6, 23.4, 23.3, 23.0, 23.3,  23.1, 63.0, 15.6 
696.4, 23.4, 23.4, 23.0, 23.4,  23.2, 63.0, 15.7 
697.3, 23.4, 23.3, 23.0, 23.3,  23.1, 64.0, 15.9 
