  0.0, 16.9, 16.7, 16.3, 15.7,  15.4, 59.0,  7.5 
  1.1, 16.8, 16.6, 16.2, 15.7,  15.4,  0.0,  7.5 
  2.3, 16.8, 16.5, 16.1, 15.6,  15.3, 53.0,  5.7 
  3.4, 16.7, 16.4, 16.0, 15.5,  15.2, 52.0,  5.4 
  4.6, 16.6, 16.4, 15.9, 15.5,  15.0, 52.0,  5.3 
  5.7, 16.6, 16.3, 15.9, 15.4,  15.0, 52.0,  5.2 
  6.9, 16.4, 16.2, 15.8, 15.3,  14.8, 51.0,  4.8 
  8.0, 16.4, 16.1, 15.7, 15.2,  14.8, 51.0,  4.8 
  9.1, 16.4, 16.1, 15.6, 15.3,  14.8, 51.0,  4.7 
 10.3, 16.3, 16.1, 15.5, 15.2,  14.7, 51.0,  4.6 
 11.4, 16.2, 16.0, 15.5, 15.2,  14.6, 50.0,  4.3 
 12.5, 16.2, 15.9, 15.4, 15.0,  14.6, 50.0,  4.3 
 13.6, 16.2, 15.9, 15.4, 15.0,  14.6,  0.0,  4.3 
 14.7, 16.1, 15.9, 15.4, 15.0,  14.7, 49.0,  4.1 
 15.8, 16.1, 15.8, 15.3, 14.8,  14.6, 49.0,  4.0 
 16.9, 16.0, 15.7, 15.2, 14.8,  14.4, 49.0,  3.8 
 18.1, 16.0, 15.7, 15.2, 14.7,  14.3, 49.0,  3.7 
 19.2, 15.9, 15.6, 15.1, 14.7,  14.2, 49.0,  3.6 
 20.3, 15.8, 15.6, 15.1, 14.6,  14.2, 48.0,  3.4 
 21.4, 15.8, 15.5, 15.0, 14.6,  14.2, 48.0,  3.4 
 22.5, 15.8, 15.5, 14.9, 14.5,  14.2, 48.0,  3.4 
 23.6, 15.7, 15.4, 14.9, 14.5,  14.1, 48.0,  3.3 
 24.7, 15.5, 15.4, 14.8, 14.4,  14.0, 48.0,  3.2 
 25.9, 15.5, 15.3, 14.8, 14.3,  13.9, 47.0,  2.8 
 27.0, 15.4, 15.1, 14.5, 14.1,  13.7, 47.0,  2.6 
 28.1, 15.5, 15.2, 14.7, 14.3,  13.9, 47.0,  2.8 
 29.2, 15.4, 15.1, 14.5, 14.1,  13.7, 48.0,  2.9 
 30.3, 15.3, 15.1, 14.6, 14.1,  13.6, 47.0,  2.5 
 31.4, 15.3, 15.0, 14.4, 14.0,  13.6, 47.0,  2.5 
 32.5, 15.3, 15.0, 14.5, 13.9,  13.6, 47.0,  2.5 
 33.6, 15.3, 15.0, 14.4, 13.9,  13.6, 46.0,  2.2 
 34.8, 15.1, 14.9, 14.3, 13.8,  13.4,  0.0,  2.2 
 35.9, 15.1, 14.8, 14.2, 13.9,  13.4, 46.0,  2.0 
 37.0, 15.0, 14.9, 14.3, 13.8,  13.4, 45.0,  1.7 
 38.1, 15.0, 14.8, 14.2, 13.8,  13.3, 45.0,  1.6 
 39.2, 15.0, 14.7, 14.1, 13.7,  13.2, 45.0,  1.6 
 40.3, 14.9, 14.6, 14.0, 13.5,  13.0, 45.0,  1.4 
 41.4, 14.9, 14.5, 13.9, 13.5,  13.0, 44.0,  1.0 
 42.5, 14.8, 14.5, 14.0, 13.5,  13.0,  0.0,  1.0 
 43.7, 14.8, 14.5, 13.9, 13.4,  12.9, 43.0,  0.7 
 44.8, 14.8, 14.5, 13.9, 13.4,  12.9, 42.0,  0.3 
 45.9, 14.7, 14.4, 13.7, 13.4,  12.9, 41.0, -0.1 
 47.0, 14.6, 14.4, 13.6, 13.3,  12.7, 41.0, -0.2 
 48.1, 14.6, 14.3, 13.6, 13.3,  12.6, 40.0, -0.6 
 49.2, 14.4, 14.3, 13.6, 13.2,  12.7, 39.0, -0.9 
 50.3, 14.4, 14.2, 13.4, 13.1,  12.5, 39.0, -1.1 
 51.4, 14.3, 14.1, 13.6, 13.2,  12.5, 38.0, -1.4 
 52.6, 14.3, 14.1, 13.4, 13.1,  12.5, 38.0, -1.5 
 53.7, 14.3, 14.1, 13.4, 13.0,  12.5, 40.0, -0.8 
 54.8, 14.2, 14.0, 13.3, 12.9,  12.4, 37.0, -1.9 
 56.0, 14.3, 14.0, 13.4, 12.9,  12.5, 37.0, -1.8 
 57.1, 14.2, 13.9, 13.2, 12.9,  12.4, 36.0, -2.3 
 58.2, 14.1, 13.9, 13.2, 12.9,  12.3, 36.0, -2.3 
 59.3, 14.1, 13.9, 13.2, 12.8,  12.3, 35.0, -2.7 
 60.4, 14.1, 13.9, 13.1, 12.8,  12.3, 35.0, -2.7 
 61.5, 14.1, 13.7, 13.0, 12.7,  12.2, 35.0, -2.8 
 62.6, 14.1, 13.8, 13.1, 12.7,  12.2,  0.0, -2.8 
 63.7, 14.0, 13.7, 13.0, 12.7,  12.0, 35.0, -3.0 
 64.9, 13.9, 13.6, 13.0, 12.6,  12.0, 31.0, -4.6 
 66.0, 13.9, 13.6, 13.0, 12.6,  11.9, 31.0, -4.7 
 67.1, 13.8, 13.5, 12.9, 12.5,  11.8, 29.0, -5.6 
 68.2, 13.8, 13.5, 12.9, 12.4,  11.9, 28.0, -6.0 
 69.3, 13.8, 13.4, 12.7, 12.3,  11.8, 25.0, -7.6 
 70.4, 13.7, 13.4, 12.7, 12.3,  11.7,  0.0, -7.6 
 71.5, 13.6, 13.4, 12.7, 12.2,  11.6, 25.0, -7.8 
 72.6, 13.6, 13.3, 12.6, 12.2,  11.5,  0.0, -7.8 
 73.8, 13.5, 13.3, 12.5, 12.2,  11.5, 25.0, -7.8 
 74.9, 13.4, 13.2, 12.5, 12.1,  11.5, 25.0, -7.9 
 76.0, 13.5, 13.2, 12.6, 12.0,  11.5, 25.0, -7.8 
 77.1, 13.4, 13.2, 12.4, 12.0,  11.4, 25.0, -7.9 
 78.2, 13.4, 13.1, 12.5, 11.9,  11.4, 25.0, -8.0 
 79.3, 13.3, 13.1, 12.5, 11.9,  11.3,  0.0, -8.0 
 80.4, 13.2, 13.0, 12.4, 11.9,  11.2, 25.0, -8.1 
 81.5, 13.3, 12.9, 12.4, 11.7,  11.2, 25.0, -8.1 
 82.6, 13.2, 12.9, 12.3, 11.7,  11.1, 25.0, -8.2 
 83.8, 13.2, 12.9, 12.2, 11.7,  11.1,  0.0, -8.2 
 84.9, 13.1, 12.9, 12.1, 11.7,  11.1, 25.0, -8.2 
 86.0, 13.1, 12.9, 12.1, 11.7,  11.0, 25.0, -8.2 
 87.1, 13.1, 12.9, 12.1, 11.6,  11.0, 25.0, -8.3 
 88.2, 13.0, 12.8, 12.1, 11.6,  10.9, 25.0, -8.3 
 89.3, 12.9, 12.7, 11.9, 11.5,  10.9, 25.0, -8.4 
 90.4, 12.9, 12.6, 11.8, 11.5,  10.8, 25.0, -8.4 
 91.5, 12.9, 12.6, 11.8, 11.5,  10.8,  0.0, -8.4 
 92.7, 12.8, 12.5, 11.7, 11.4,  10.8, 25.0, -8.4 
 93.8, 12.8, 12.5, 11.7, 11.3,  10.8, 25.0, -8.4 
 94.9, 12.8, 12.5, 11.7, 11.3,  10.8, 25.0, -8.5 
 96.0, 12.7, 12.5, 11.6, 11.2,  10.6, 25.0, -8.6 
 97.1, 12.6, 12.4, 11.5, 11.1,  10.4, 24.0, -9.3 
 98.2, 12.6, 12.4, 11.4, 11.1,  10.4, 24.0, -9.3 
 99.3, 12.6, 12.3, 11.4, 11.0,  10.4, 24.0, -9.3 
100.4, 12.5, 12.2, 11.5, 11.0,  10.3, 24.0, -9.4 
101.5, 12.5, 12.2, 11.5, 11.0,  10.3, 24.0, -9.4 
102.7, 12.4, 12.2, 11.4, 11.0,  10.3,  0.0, -9.4 
103.8, 12.3, 12.1, 11.3, 10.9,  10.2, 24.0, -9.5 
104.9, 12.2, 12.1, 11.2, 10.9,  10.1, 24.0, -9.5 
106.0, 12.2, 12.0, 11.2, 10.8,  10.1,  0.0, -9.5 
107.1, 12.2, 12.0, 11.2, 10.7,  10.1, 24.0, -9.6 
108.2, 12.2, 12.1, 11.2, 10.8,  10.1, 24.0, -9.5 
109.3, 12.2, 12.0, 11.2, 10.7,  10.2, 23.0,-10.0 
110.4, 12.1, 11.8, 11.1, 10.6,  10.0, 23.0,-10.2 
111.6, 12.0, 11.8, 11.0, 10.6,   9.9, 23.0,-10.2 
112.7, 12.0, 11.8, 11.0, 10.5,   9.9, 24.0, -9.7 
113.8, 12.0, 11.7, 10.9, 10.5,   9.8,  0.0, -9.7 
114.9, 11.9, 11.7, 10.8, 10.5,   9.8, 24.0, -9.8 
116.0, 11.8, 11.7, 10.8, 10.4,   9.7, 24.0, -9.9 
117.1, 11.7, 11.6, 10.8, 10.4,   9.6,  0.0, -9.9 
118.2, 11.7, 11.5, 10.7, 10.3,   9.4, 24.0,-10.1 
119.3, 11.7, 11.5, 10.7, 10.4,   9.5, 24.0,-10.0 
120.4, 11.7, 11.5, 10.7, 10.3,   9.5, 24.0,-10.0 
121.6, 11.6, 11.5, 10.6, 10.3,   9.5, 24.0,-10.0 
122.7, 11.6, 11.4, 10.6, 10.2,   9.4,  0.0,-10.0 
123.8, 11.6, 11.3, 10.5, 10.1,   9.4, 24.0,-10.1 
124.9, 11.6, 11.3, 10.6, 10.1,   9.5,  0.0,-10.1 
126.0, 11.6, 11.3, 10.5, 10.0,   9.5, 24.0,-10.1 
127.1, 11.5, 11.4, 10.5, 10.1,   9.4, 24.0,-10.1 
128.2, 11.5, 11.3, 10.4,  9.8,   9.4, 24.0,-10.1 
129.3, 11.5, 11.3, 10.4, 10.0,   9.4,  0.0,-10.1 
130.5, 11.4, 11.2, 10.4,  9.8,   9.2, 24.0,-10.3 
131.6, 11.4, 11.1, 10.3,  9.8,   9.2,  0.0,-10.3 
132.7, 11.3, 11.1, 10.2,  9.9,   9.1,  0.0,-10.3 
133.8, 11.3, 11.0, 10.3,  9.8,   9.0, 24.0,-10.5 
134.9, 11.2, 11.0, 10.1,  9.7,   9.0, 24.0,-10.5 
136.0, 11.2, 11.0, 10.0,  9.7,   9.0,  0.0,-10.5 
137.2, 11.1, 10.9, 10.1,  9.5,   8.9, 24.0,-10.6 
138.3, 11.1, 10.9, 10.1,  9.4,   8.8, 24.0,-10.7 
139.4, 11.1, 10.8, 10.2,  9.5,   8.9, 24.0,-10.6 
140.5, 11.1, 10.8, 10.0,  9.5,   8.9, 24.0,-10.6 
141.6, 11.0, 10.8, 10.0,  9.4,   8.9, 24.0,-10.6 
142.7, 11.1, 10.8, 10.0,  9.4,   8.8, 24.0,-10.7 
143.8, 11.0, 10.7,  9.9,  9.3,   8.7,  0.0,-10.7 
144.9, 10.9, 10.7,  9.8,  9.3,   8.6, 24.0,-10.8 
146.0, 10.8, 10.6,  9.7,  9.3,   8.5, 24.0,-10.9 
147.2, 10.7, 10.5,  9.6,  9.2,   8.4,  0.0,-10.9 
148.3, 10.7, 10.5,  9.5,  9.2,   8.3, 23.0,-11.6 
149.4, 10.7, 10.5,  9.5,  9.2,   8.3, 23.0,-11.6 
150.5, 10.6, 10.5,  9.5,  9.2,   8.4, 23.0,-11.5 
151.6, 10.5, 10.3,  9.3,  9.1,   8.3, 23.0,-11.6 
152.7, 10.5, 10.3,  9.4,  9.1,   8.1, 23.0,-11.8 
153.8, 10.5, 10.3,  9.3,  9.1,   8.1, 23.0,-11.8 
154.9, 10.5, 10.3,  9.5,  9.0,   8.2, 23.0,-11.7 
156.0, 10.5, 10.3,  9.5,  8.9,   8.1,  0.0,-11.7 
157.1, 10.4, 10.2,  9.3,  8.9,   8.1, 23.0,-11.8 
158.2, 10.4, 10.1,  9.4,  8.8,   8.0, 24.0,-11.3 
159.3, 10.3, 10.1,  9.4,  8.7,   8.0, 24.0,-11.3 
160.5, 10.3, 10.1,  9.3,  8.7,   8.0,  0.0,-11.3 
161.6, 10.3, 10.1,  9.3,  8.7,   8.0, 24.0,-11.3 
162.7, 10.2, 10.0,  9.2,  8.7,   7.9,  0.0,-11.3 
163.8, 10.1,  9.9,  9.1,  8.5,   7.9,  0.0,-11.3 
164.9, 10.0, 10.0,  9.1,  8.6,   7.9, 24.0,-11.5 
166.1, 10.0,  9.9,  9.0,  8.5,   7.7, 24.0,-11.6 
167.2, 10.0,  9.9,  9.0,  8.5,   7.7, 24.0,-11.6 
168.3,  9.9,  9.9,  8.9,  8.4,   7.6, 24.0,-11.7 
169.4, 10.0,  9.9,  9.0,  8.4,   7.6, 24.0,-11.6 
170.5, 10.0,  9.8,  9.0,  8.4,   7.7, 24.0,-11.6 
171.6,  9.9,  9.8,  8.9,  8.4,   7.6, 24.0,-11.6 
172.7,  9.8,  9.8,  8.8,  8.4,   7.6, 24.0,-11.7 
173.8,  9.8,  9.8,  8.8,  8.4,   7.6, 24.0,-11.7 
175.0,  9.8,  9.6,  8.7,  8.2,   7.6,  0.0,-11.7 
176.1,  9.8,  9.6,  8.7,  8.2,   7.4, 24.0,-11.8 
177.2,  9.7,  9.6,  8.7,  8.2,   7.5, 24.0,-11.8 
178.3,  9.6,  9.6,  8.5,  8.0,   7.4, 24.0,-11.9 
179.4,  9.5,  9.5,  8.4,  8.0,   7.3, 24.0,-12.0 
180.5,  9.5,  9.5,  8.4,  7.9,   7.2, 24.0,-12.0 
181.6,  9.5,  9.4,  8.4,  7.9,   7.1, 24.0,-12.1 
182.7,  9.5,  9.3,  8.3,  7.9,   7.1, 24.0,-12.1 
183.8,  9.5,  9.3,  8.2,  7.9,   7.0, 24.0,-12.1 
185.0,  9.5,  9.3,  8.3,  7.9,   7.0, 24.0,-12.1 
186.1,  9.5,  9.2,  8.2,  7.9,   7.0, 24.0,-12.2 
187.2,  9.6,  9.2,  8.4,  7.9,   7.1, 24.0,-12.1 
188.3,  9.5,  9.2,  8.3,  7.8,   7.0,  0.0,-12.1 
189.4,  9.4,  9.1,  8.2,  7.8,   6.9, 24.0,-12.3 
190.6,  9.3,  9.1,  8.2,  7.7,   6.8, 24.0,-12.3 
191.7,  9.2,  9.0,  8.2,  7.6,   6.8, 24.0,-12.4 
192.8,  9.3,  9.1,  8.1,  7.6,   6.8,  0.0,-12.4 
193.9,  9.3,  9.1,  8.1,  7.6,   6.9,  0.0,-12.4 
195.0,  9.2,  9.0,  8.0,  7.6,   6.9, 24.0,-12.3 
196.2,  9.2,  8.9,  7.9,  7.5,   6.7, 24.0,-12.5 
197.3,  9.1,  8.9,  7.8,  7.5,   6.7, 24.0,-12.4 
198.4,  9.1,  8.8,  7.8,  7.5,   6.7, 24.0,-12.4 
199.5,  9.0,  8.8,  7.6,  7.4,   6.6, 24.0,-12.5 
200.6,  9.0,  8.7,  7.6,  7.4,   6.7,  0.0,-12.5 
201.7,  9.0,  8.7,  7.6,  7.3,   6.7, 24.0,-12.5 
202.9,  8.9,  8.7,  7.6,  7.3,   6.6,  0.0,-12.5 
204.0,  8.9,  8.7,  7.6,  7.3,   6.5, 24.0,-12.6 
205.1,  8.8,  8.6,  7.6,  7.2,   6.5, 24.0,-12.6 
206.2,  8.8,  8.5,  7.6,  7.2,   6.5, 24.0,-12.6 
207.4,  8.7,  8.5,  7.5,  7.1,   6.3, 24.0,-12.8 
208.5,  8.8,  8.6,  7.7,  7.1,   6.5, 24.0,-12.6 
209.6,  8.7,  8.5,  7.6,  7.0,   6.4,  0.0,-12.6 
210.7,  8.7,  8.4,  7.6,  7.0,   6.4, 24.0,-12.7 
211.9,  8.7,  8.4,  7.6,  7.0,   6.4, 25.0,-12.2 
213.0,  8.7,  8.4,  7.6,  7.0,   6.2, 25.0,-12.3 
214.1,  8.5,  8.3,  7.5,  6.9,   6.2, 25.0,-12.4 
215.2,  8.6,  8.3,  7.5,  6.9,   6.1, 25.0,-12.4 
216.3,  8.4,  8.3,  7.3,  6.8,   6.0, 25.0,-12.5 
217.5,  8.4,  8.1,  7.2,  6.8,   5.9, 25.0,-12.6 
218.6,  8.4,  8.2,  7.2,  6.8,   5.9, 25.0,-12.6 
219.7,  8.4,  8.2,  7.2,  6.8,   6.0, 25.0,-12.5 
220.8,  8.4,  8.2,  7.2,  6.8,   6.1, 25.0,-12.4 
221.9,  8.3,  8.2,  7.1,  6.7,   6.0,  0.0,-12.4 
223.1,  8.3,  8.1,  7.1,  6.6,   5.9, 25.0,-12.6 
224.2,  8.3,  8.1,  7.1,  6.6,   5.9, 25.0,-12.6 
225.3,  8.2,  8.0,  7.0,  6.6,   5.9, 25.0,-12.7 
226.4,  8.2,  8.0,  6.9,  6.6,   5.8, 25.0,-12.7 
227.6,  8.3,  8.0,  7.0,  6.6,   5.8, 25.0,-12.7 
228.7,  8.1,  8.0,  6.9,  6.6,   5.7, 25.0,-12.7 
229.8,  8.1,  8.0,  6.9,  6.6,   5.7,  0.0,-12.7 
230.9,  8.1,  7.9,  6.8,  6.5,   5.7, 25.0,-12.8 
232.0,  8.1,  7.8,  6.9,  6.4,   5.6, 25.0,-12.9 
233.1,  7.9,  7.8,  6.8,  6.4,   5.6,  0.0,-12.9 
234.3,  8.0,  7.8,  6.9,  6.3,   5.5, 25.0,-12.9 
235.4,  7.9,  7.7,  6.9,  6.3,   5.4, 25.0,-13.1 
236.5,  7.9,  7.7,  6.8,  6.3,   5.4, 25.0,-13.1 
237.6,  7.8,  7.6,  6.8,  6.3,   5.3, 25.0,-13.1 
238.7,  7.9,  7.6,  6.7,  6.2,   5.4,  0.0,-13.1 
239.9,  7.9,  7.5,  6.6,  6.1,   5.3, 25.0,-13.1 
241.0,  7.9,  7.5,  6.6,  6.1,   5.3,  0.0,-13.1 
242.1,  7.8,  7.5,  6.5,  6.0,   5.2,  0.0,-13.1 
243.2,  7.8,  7.4,  6.5,  5.9,   5.1, 25.0,-13.3 
244.3,  7.8,  7.3,  6.5,  5.9,   5.2,  0.0,-13.3 
245.5,  7.8,  7.4,  6.5,  5.9,   5.2,  0.0,-13.3 
246.6,  7.7,  7.3,  6.4,  5.9,   5.1, 25.0,-13.3 
247.7,  7.7,  7.4,  6.3,  5.8,   5.0, 25.0,-13.3 
248.8,  7.6,  7.3,  6.2,  5.8,   4.9, 25.0,-13.4 
249.9,  7.6,  7.3,  6.2,  5.8,   4.9, 25.0,-13.4 
251.1,  7.5,  7.3,  6.2,  5.8,   4.9, 25.0,-13.5 
252.2,  7.5,  7.3,  6.2,  5.7,   4.9,  0.0,-13.5 
253.3,  7.4,  7.3,  6.1,  5.7,   4.7, 25.0,-13.6 
254.4,  7.4,  7.2,  6.1,  5.7,   4.8, 25.0,-13.6 
255.6,  7.3,  7.1,  6.1,  5.6,   4.8,  0.0,-13.6 
256.7,  7.3,  7.0,  6.0,  5.6,   4.7, 25.0,-13.6 
257.8,  7.4,  7.2,  6.2,  5.7,   4.8,  0.0,-13.6 
258.9,  7.1,  7.0,  5.9,  5.5,   4.6, 25.0,-13.7 
260.0,  7.2,  7.0,  6.0,  5.4,   4.6, 25.0,-13.8 
261.2,  7.0,  6.9,  5.9,  5.4,   4.5,  0.0,-13.8 
262.3,  7.0,  6.9,  5.9,  5.3,   4.4, 25.0,-13.9 
263.4,  7.0,  6.8,  5.9,  5.4,   4.5, 25.0,-13.8 
264.5,  7.1,  6.9,  5.9,  5.4,   4.5, 25.0,-13.8 
265.6,  7.0,  6.8,  5.8,  5.3,   4.4, 25.0,-13.9 
266.7,  7.1,  6.8,  5.8,  5.3,   4.4, 25.0,-13.9 
267.8,  7.0,  6.7,  5.8,  5.3,   4.4, 25.0,-13.9 
269.0,  6.8,  6.7,  5.6,  5.2,   4.3, 25.0,-14.0 
270.1,  6.9,  6.7,  5.7,  5.2,   4.5, 25.0,-13.9 
271.2,  6.8,  6.5,  5.6,  5.2,   4.3,  0.0,-13.9 
272.3,  6.8,  6.5,  5.5,  5.1,   4.3,  0.0,-13.9 
273.4,  6.8,  6.5,  5.6,  5.0,   4.3, 26.0,-13.5 
274.6,  6.8,  6.5,  5.5,  5.0,   4.1, 26.0,-13.7 
275.7,  6.7,  6.5,  5.4,  4.9,   4.1, 26.0,-13.7 
276.8,  6.6,  6.5,  5.4,  5.0,   4.1,  0.0,-13.7 
277.9,  6.6,  6.5,  5.3,  4.8,   3.9, 26.0,-13.8 
279.1,  6.6,  6.4,  5.3,  4.8,   4.0,  0.0,-13.8 
280.2,  6.5,  6.3,  5.3,  4.8,   4.0, 26.0,-13.8 
281.3,  6.6,  6.3,  5.2,  4.8,   3.9, 26.0,-13.8 
282.4,  6.6,  6.3,  5.0,  4.8,   3.8, 26.0,-13.9 
283.5,  6.6,  6.2,  5.2,  4.7,   3.8, 26.0,-13.9 
284.6,  6.6,  6.3,  5.2,  4.8,   3.8, 26.0,-13.9 
285.7,  6.3,  6.1,  5.0,  4.7,   3.7, 26.0,-14.0 
286.9,  6.4,  6.2,  5.0,  4.6,   3.7, 26.0,-14.0 
288.0,  6.3,  6.0,  5.0,  4.6,   3.6, 26.0,-14.1 
289.1,  6.2,  6.0,  5.1,  4.6,   3.6, 26.0,-14.1 
290.2,  6.2,  6.0,  4.9,  4.5,   3.5, 26.0,-14.2 
291.3,  6.3,  6.0,  4.9,  4.5,   3.6, 26.0,-14.1 
292.5,  6.3,  5.9,  5.0,  4.4,   3.4, 26.0,-14.3 
293.6,  6.2,  5.9,  4.9,  4.4,   3.4,  0.0,-14.3 
294.7,  6.2,  6.0,  5.1,  4.4,   3.4,  0.0,-14.3 
295.8,  6.1,  5.9,  4.9,  4.3,   3.4, 26.0,-14.3 
296.9,  6.0,  5.7,  4.8,  4.3,   3.4, 26.0,-14.3 
298.0,  6.0,  5.8,  4.7,  4.2,   3.4, 26.0,-14.3 
299.2,  5.9,  5.6,  4.6,  4.2,   3.2, 26.0,-14.4 
300.3,  5.9,  5.6,  4.6,  4.2,   3.2, 26.0,-14.5 
301.4,  5.9,  5.7,  4.6,  4.1,   3.1,  0.0,-14.5 
302.5,  5.9,  5.7,  4.5,  4.1,   3.1, 26.0,-14.5 
303.6,  5.8,  5.6,  4.3,  4.1,   3.0, 26.0,-14.6 
304.7,  5.9,  5.6,  4.4,  4.1,   3.1, 26.0,-14.5 
305.8,  5.8,  5.4,  4.3,  3.9,   3.0, 26.0,-14.6 
306.9,  5.8,  5.6,  4.3,  4.0,   3.0, 26.0,-14.6 
308.1,  5.8,  5.5,  4.5,  4.0,   3.1, 26.0,-14.6 
309.2,  5.7,  5.4,  4.4,  3.8,   3.0, 26.0,-14.6 
310.3,  5.6,  5.5,  4.4,  3.8,   3.0, 26.0,-14.6 
311.4,  5.6,  5.4,  4.4,  3.8,   3.0,  0.0,-14.6 
312.5,  5.5,  5.3,  4.3,  3.8,   2.9, 26.0,-14.7 
313.6,  5.5,  5.3,  4.5,  3.8,   2.9, 26.0,-14.7 
314.8,  5.4,  5.2,  4.3,  3.7,   2.8,  0.0,-14.7 
315.9,  5.4,  5.2,  4.1,  3.8,   2.7, 26.0,-14.9 
317.0,  5.4,  5.2,  4.0,  3.8,   2.7, 26.0,-14.9 
318.1,  5.3,  5.1,  4.0,  3.6,   2.6, 26.0,-14.9 
319.3,  5.3,  5.1,  4.0,  3.8,   2.7,  0.0,-14.9 
320.4,  5.2,  5.0,  4.0,  3.6,   2.6, 26.0,-14.9 
321.6,  5.2,  5.0,  3.9,  3.6,   2.5, 26.0,-15.0 
322.8,  5.3,  5.1,  4.0,  3.6,   2.6,  0.0,-15.0 
323.9,  5.1,  4.9,  3.8,  3.4,   2.4, 26.0,-15.1 
325.1,  5.1,  5.0,  3.8,  3.4,   2.5, 26.0,-15.1 
326.3,  5.1,  4.9,  3.7,  3.3,   2.5, 26.0,-15.0 
327.5,  5.0,  4.8,  3.7,  3.4,   2.4, 26.0,-15.1 
328.6,  5.0,  4.8,  3.7,  3.3,   2.4, 26.0,-15.1 
329.8,  5.0,  4.7,  3.6,  3.2,   2.3, 26.0,-15.2 
331.0,  4.9,  4.6,  3.6,  3.2,   2.3,  0.0,-15.2 
332.2,  5.0,  4.7,  3.6,  3.2,   2.3, 26.0,-15.2 
333.4,  4.9,  4.6,  3.5,  3.1,   2.1,  0.0,-15.2 
334.5,  4.9,  4.7,  3.5,  3.1,   2.1, 27.0,-14.9 
335.7,  4.9,  4.6,  3.3,  3.0,   2.1, 27.0,-15.0 
336.8,  4.8,  4.5,  3.2,  2.9,   1.9,  0.0,-15.0 
337.9,  4.9,  4.6,  3.3,  2.9,   1.9, 27.0,-15.1 
339.0,  4.7,  4.4,  3.2,  2.9,   1.8, 27.0,-15.2 
340.1,  4.7,  4.3,  3.1,  2.9,   1.9, 27.0,-15.1 
341.3,  4.6,  4.3,  3.1,  2.8,   1.8, 27.0,-15.2 
342.4,  4.6,  4.3,  3.2,  2.7,   1.9, 27.0,-15.1 
343.5,  4.6,  4.2,  3.1,  2.7,   1.7, 27.0,-15.3 
344.6,  4.5,  4.2,  3.2,  2.7,   1.8, 27.0,-15.2 
345.7,  4.5,  4.3,  3.2,  2.6,   1.7, 27.0,-15.3 
346.8,  4.5,  4.2,  3.2,  2.7,   1.7, 27.0,-15.3 
347.9,  4.5,  4.2,  3.0,  2.6,   1.6, 27.0,-15.4 
349.1,  4.4,  4.2,  3.0,  2.6,   1.7, 27.0,-15.3 
350.2,  4.4,  4.1,  2.9,  2.6,   1.5, 27.0,-15.4 
351.3,  4.3,  4.1,  2.8,  2.6,   1.5,  0.0,-15.4 
352.4,  4.3,  4.0,  2.9,  2.5,   1.4, 25.0,-16.5 
353.5,  4.2,  3.9,  2.8,  2.5,   1.3,  0.0,-16.5 
354.6,  4.1,  3.8,  2.8,  2.3,   1.3, 27.0,-15.6 
355.8,  4.1,  3.8,  2.7,  2.3,   1.4, 26.0,-16.0 
356.9,  4.1,  3.8,  2.7,  2.3,   1.3, 26.0,-16.1 
358.0,  4.1,  3.8,  2.6,  2.3,   1.3, 27.0,-15.6 
359.1,  4.0,  3.7,  2.6,  2.2,   1.2, 26.0,-16.2 
360.2,  4.0,  3.7,  2.7,  2.2,   1.2, 26.0,-16.2 
361.3,  4.0,  3.8,  2.6,  2.2,   1.1, 26.0,-16.2 
362.4,  4.0,  3.7,  2.7,  2.2,   1.1, 26.0,-16.2 
363.5,  3.9,  3.6,  2.6,  2.1,   1.0, 26.0,-16.3 
364.6,  3.9,  3.6,  2.5,  2.0,   1.0, 26.0,-16.4 
365.8,  3.8,  3.6,  2.4,  2.0,   0.9, 26.0,-16.4 
366.9,  3.8,  3.5,  2.3,  2.0,   0.9, 26.0,-16.4 
368.0,  3.8,  3.5,  2.3,  2.0,   1.0, 25.0,-16.8 
369.1,  3.9,  3.6,  2.3,  2.0,   0.9, 26.0,-16.4 
370.2,  3.8,  3.5,  2.3,  1.9,   0.9,  0.0,-16.4 
371.3,  3.8,  3.4,  2.2,  1.9,   0.9,  0.0,-16.4 
372.4,  3.8,  3.5,  2.4,  1.8,   0.9, 26.0,-16.4 
373.5,  3.8,  3.4,  2.3,  1.9,   0.9, 26.0,-16.4 
374.7,  3.8,  3.5,  2.5,  1.8,   1.0, 26.0,-16.4 
375.8,  3.6,  3.3,  2.4,  1.7,   0.8, 26.0,-16.5 
376.9,  3.4,  3.3,  2.3,  1.7,   0.6,  0.0,-16.5 
378.0,  3.4,  3.2,  2.1,  1.6,   0.6,  0.0,-16.5 
379.1,  3.3,  3.2,  2.1,  1.5,   0.5, 25.0,-17.2 
380.2,  3.3,  3.1,  1.9,  1.5,   0.5, 26.0,-16.7 
381.3,  3.3,  3.0,  1.9,  1.5,   0.5, 26.0,-16.8 
382.5,  3.3,  3.1,  1.8,  1.5,   0.4, 26.0,-16.8 
383.6,  3.2,  3.0,  1.7,  1.4,   0.4, 25.0,-17.3 
384.7,  3.2,  3.0,  1.7,  1.4,   0.4, 26.0,-16.9 
385.8,  3.2,  2.9,  1.7,  1.2,   0.3, 26.0,-16.9 
386.9,  3.2,  2.9,  1.7,  1.3,   0.3, 25.0,-17.4 
388.0,  3.2,  2.8,  1.7,  1.2,   0.2, 26.0,-17.0 
389.1,  3.0,  2.8,  1.7,  1.2,   0.2, 26.0,-17.0 
390.3,  2.9,  2.6,  1.5,  1.2,  -0.1, 26.0,-17.3 
391.4,  3.0,  2.7,  1.5,  1.2,   0.0,  0.0,-17.3 
392.5,  3.1,  2.7,  1.5,  1.2,   0.0, 26.0,-17.2 
393.6,  2.9,  2.7,  1.5,  1.2,   0.0, 25.0,-17.6 
394.7,  3.0,  2.7,  1.5,  1.2,   0.1, 25.0,-17.6 
395.8,  2.9,  2.6,  1.3,  1.1,   0.0,  0.0,-17.6 
397.0,  2.9,  2.6,  1.4,  1.0,  -0.0, 26.0,-17.2 
398.1,  2.9,  2.5,  1.3,  1.0,   0.0, 25.0,-17.7 
399.2,  2.8,  2.5,  1.3,  0.9,   0.0,  0.0,-17.7 
400.3,  2.9,  2.5,  1.2,  0.9,  -0.0, 26.0,-17.2 
401.4,  2.8,  2.5,  1.2,  0.8,  -0.2,  0.0,-17.2 
402.5,  2.8,  2.5,  1.5,  0.9,  -0.2, 25.0,-17.8 
403.6,  2.7,  2.4,  1.3,  0.8,  -0.2,  0.0,-17.8 
404.8,  2.6,  2.5,  1.2,  0.9,  -0.2, 26.0,-17.3 
405.9,  2.7,  2.3,  1.3,  0.8,  -0.3, 25.0,-17.9 
407.0,  2.7,  2.3,  1.2,  0.8,  -0.3, 25.0,-17.9 
408.1,  2.7,  2.3,  1.2,  0.8,  -0.2, 25.0,-17.8 
409.2,  2.7,  2.3,  1.3,  0.7,  -0.3,  0.0,-17.8 
410.3,  2.6,  2.3,  1.1,  0.6,  -0.4, 25.0,-18.0 
411.4,  2.5,  2.3,  1.1,  0.6,  -0.4,  0.0,-18.0 
412.5,  2.4,  2.2,  1.0,  0.6,  -0.5, 26.0,-17.6 
413.6,  2.4,  2.1,  0.8,  0.6,  -0.6, 26.0,-17.7 
414.7,  2.4,  2.1,  0.8,  0.5,  -0.6, 25.0,-18.2 
415.8,  2.3,  2.0,  0.8,  0.4,  -0.6, 26.0,-17.7 
417.0,  2.3,  1.9,  0.8,  0.4,  -0.5, 25.0,-18.1 
418.1,  2.3,  1.9,  0.8,  0.4,  -0.5, 26.0,-17.7 
419.2,  2.1,  1.9,  0.8,  0.3,  -0.7, 26.0,-17.8 
420.3,  2.1,  1.9,  0.8,  0.3,  -0.7, 26.0,-17.8 
421.4,  2.1,  1.8,  0.8,  0.3,  -0.8,  0.0,-17.8 
422.5,  2.1,  1.8,  0.8,  0.3,  -0.8, 26.0,-17.9 
423.6,  2.1,  1.8,  0.7,  0.2,  -0.9, 26.0,-17.9 
424.7,  2.1,  1.7,  0.8,  0.1,  -0.9, 25.0,-18.4 
425.8,  2.0,  1.7,  0.7,  0.1,  -1.0,  0.0,-18.4 
426.9,  2.0,  1.7,  0.6,  0.1,  -1.0, 25.0,-18.5 
428.0,  1.9,  1.7,  0.6,  0.2,  -1.0, 25.0,-18.5 
429.1,  1.9,  1.7,  0.4,  0.1,  -1.0, 25.0,-18.5 
430.3,  1.8,  1.7,  0.3,  0.1,  -1.1, 25.0,-18.6 
431.4,  1.8,  1.6,  0.3,  0.0,  -1.1, 25.0,-18.6 
432.5,  1.7,  1.6,  0.3,  0.0,  -1.1, 25.0,-18.6 
433.6,  1.7,  1.5,  0.3, -0.1,  -1.2,  0.0,-18.6 
434.7,  1.7,  1.5,  0.1, -0.0,  -1.2, 25.0,-18.7 
435.8,  1.6,  1.3,  0.2, -0.2,  -1.2,  0.0,-18.7 
436.9,  1.4,  1.4,  0.1, -0.1,  -1.2, 26.0,-18.3 
438.0,  1.5,  1.3,  0.1, -0.2,  -1.3, 25.0,-18.8 
439.1,  1.6,  1.3,  0.2, -0.2,  -1.2, 25.0,-18.7 
440.2,  1.6,  1.2,  0.2, -0.2,  -1.4, 25.0,-18.9 
441.4,  1.5,  1.2,  0.2, -0.2,  -1.4,  0.0,-18.9 
442.5,  1.5,  1.3,  0.0, -0.3,  -1.4, 25.0,-18.9 
443.6,  1.5,  1.2,  0.1, -0.3,  -1.4,  0.0,-18.9 
444.7,  1.4,  1.2, -0.1, -0.3,  -1.4, 26.0,-18.4 
445.8,  1.4,  1.1, -0.1, -0.4,  -1.5,  0.0,-18.4 
446.9,  1.4,  1.1, -0.0, -0.4,  -1.5,  0.0,-18.4 
448.0,  1.4,  1.0,  0.0, -0.6,  -1.5, 25.0,-19.0 
449.1,  1.4,  0.9,  0.0, -0.6,  -1.6, 26.0,-18.6 
450.2,  1.5,  1.0, -0.0, -0.5,  -1.5, 25.0,-18.9 
451.4,  1.4,  0.9, -0.1, -0.6,  -1.5,  0.0,-18.9 
452.5,  1.4,  1.0,  0.0, -0.6,  -1.4, 25.0,-18.9 
453.6,  1.4,  0.9, -0.0, -0.6,  -1.5, 25.0,-18.9 
454.7,  1.3,  0.8, -0.2, -0.7,  -1.5, 25.0,-19.0 
455.8,  1.3,  0.9, -0.1, -0.7,  -1.5,  0.0,-19.0 
456.9,  1.2,  0.8, -0.2, -0.8,  -1.6, 26.0,-18.6 
458.0,  1.1,  0.8, -0.4, -0.8,  -1.7, 25.0,-19.1 
459.1,  1.0,  0.7, -0.5, -0.8,  -1.8, 25.0,-19.2 
460.2,  0.9,  0.7, -0.7, -0.9,  -1.9, 25.0,-19.3 
461.4,  0.9,  0.7, -0.7, -0.9,  -1.9, 25.0,-19.3 
462.5,  0.9,  0.5, -0.8, -1.0,  -2.1,  0.0,-19.3 
463.6,  0.8,  0.6, -0.8, -1.0,  -2.1, 25.0,-19.5 
464.7,  0.8,  0.6, -0.7, -1.1,  -2.1, 25.0,-19.5 
465.8,  0.8,  0.6, -0.5, -1.0,  -2.2,  0.0,-19.5 
466.9,  0.8,  0.4, -0.6, -1.1,  -2.2, 25.0,-19.6 
468.0,  0.8,  0.3, -0.7, -1.1,  -2.2, 25.0,-19.6 
469.1,  0.7,  0.3, -0.7, -1.1,  -2.3, 25.0,-19.6 
470.2,  0.8,  0.3, -0.7, -1.2,  -2.2, 25.0,-19.5 
471.4,  0.7,  0.3, -0.7, -1.2,  -2.3, 25.0,-19.6 
472.5,  0.7,  0.3, -0.7, -1.3,  -2.3, 25.0,-19.6 
473.6,  0.6,  0.2, -0.8, -1.3,  -2.3, 25.0,-19.6 
474.7,  0.7,  0.3, -0.7, -1.2,  -2.2, 25.0,-19.6 
475.8,  0.5,  0.2, -0.9, -1.3,  -2.4, 25.0,-19.7 
477.0,  0.5,  0.3, -1.0, -1.4,  -2.4, 25.0,-19.7 
478.2,  0.5,  0.3, -0.9, -1.2,  -2.4, 25.0,-19.7 
479.3,  0.5,  0.2, -1.1, -1.3,  -2.4,  0.0,-19.7 
480.5,  0.3,  0.1, -1.0, -1.4,  -2.6,  0.0,-19.7 
481.7,  0.4,  0.1, -1.1, -1.5,  -2.6,  0.0,-19.7 
482.8,  0.3, -0.0, -1.2, -1.6,  -2.7, 25.0,-20.0 
484.2,  0.4, -0.2, -1.1, -1.6,  -2.6, 26.0,-19.5 
485.4,  0.5, -0.1, -1.1, -1.6,  -2.6, 25.0,-19.9 
486.6,  0.4, -0.2, -1.2, -1.6,  -2.7,  0.0,-19.9 
487.8,  0.3, -0.1, -1.2, -1.5,  -2.7, 25.0,-19.9 
488.9,  0.4, -0.1, -1.1, -1.5,  -2.6, 25.0,-19.9 
490.1,  0.3, -0.1, -1.0, -1.6,  -2.6, 25.0,-19.9 
491.3,  0.3, -0.2, -1.2, -1.7,  -2.7, 25.0,-20.0 
492.4,  0.2, -0.2, -1.3, -1.9,  -2.7, 25.0,-20.0 
493.5,  0.1, -0.3, -1.4, -1.8,  -2.9, 25.0,-20.1 
494.6, -0.0, -0.3, -1.5, -1.9,  -2.9, 25.0,-20.1 
495.8, -0.1, -0.3, -1.5, -1.9,  -3.0,  0.0,-20.1 
496.9, -0.0, -0.3, -1.5, -1.8,  -2.9, 25.0,-20.1 
498.0, -0.1, -0.3, -1.6, -1.9,  -2.8, 25.0,-20.1 
499.1, -0.0, -0.3, -1.6, -1.9,  -2.9, 25.0,-20.1 
500.2, -0.0, -0.4, -1.6, -1.9,  -2.9, 25.0,-20.1 
501.3, -0.2, -0.4, -1.6, -2.0,  -3.0, 25.0,-20.2 
502.4, -0.2, -0.5, -1.7, -2.1,  -3.1,  0.0,-20.2 
503.5, -0.2, -0.6, -1.7, -2.1,  -3.0, 25.0,-20.2 
504.6, -0.2, -0.7, -1.7, -2.3,  -3.1, 25.0,-20.4 
505.7, -0.2, -0.7, -1.9, -2.2,  -3.2, 25.0,-20.4 
506.8, -0.4, -0.8, -2.1, -2.3,  -3.1, 25.0,-20.4 
507.9, -0.4, -0.6, -2.0, -2.3,  -3.1, 25.0,-20.3 
509.0, -0.3, -0.7, -2.1, -2.2,  -3.0, 25.0,-20.3 
510.1, -0.4, -0.8, -2.1, -2.3,  -3.1, 25.0,-20.4 
511.3, -0.5, -0.8, -2.1, -2.3,  -3.3, 25.0,-20.5 
512.4, -0.5, -0.8, -2.1, -2.3,  -3.4,  0.0,-20.5 
513.5, -0.5, -0.8, -2.2, -2.4,  -3.4, 25.0,-20.6 
514.6, -0.6, -0.9, -2.2, -2.5,  -3.4, 25.0,-20.6 
515.7, -0.7, -0.9, -2.2, -2.5,  -3.5, 25.0,-20.7 
516.8, -0.6, -0.9, -2.0, -2.5,  -3.5, 25.0,-20.6 
517.9, -0.6, -1.0, -2.0, -2.5,  -3.5, 25.0,-20.7 
519.0, -0.7, -1.2, -2.2, -2.6,  -3.7, 25.0,-20.9 
520.1, -0.7, -1.2, -2.1, -2.6,  -3.7, 25.0,-20.8 
521.2, -0.7, -1.2, -2.0, -2.6,  -3.6, 25.0,-20.7 
522.3, -0.6, -1.1, -2.0, -2.6,  -3.5, 25.0,-20.6 
523.5, -0.7, -1.1, -2.1, -2.6,  -3.7, 25.0,-20.8 
524.6, -0.7, -1.2, -2.2, -2.7,  -3.7, 25.0,-20.8 
525.7, -0.8, -1.2, -2.4, -2.7,  -3.8, 25.0,-20.9 
526.8, -0.9, -1.1, -2.3, -2.7,  -3.8, 25.0,-20.9 
527.9, -1.0, -1.2, -2.4, -2.8,  -3.9, 25.0,-21.0 
529.0, -1.1, -1.3, -2.6, -2.9,  -4.0,  0.0,-21.0 
530.1, -1.1, -1.4, -2.6, -3.0,  -4.1,  0.0,-21.0 
531.2, -1.0, -1.5, -2.6, -3.0,  -4.0, 25.0,-21.1 
532.3, -1.1, -1.4, -2.6, -3.1,  -4.1, 25.0,-21.2 
533.5, -1.0, -1.6, -2.6, -3.1,  -4.1, 25.0,-21.2 
534.6, -1.0, -1.5, -2.7, -3.1,  -4.2, 25.0,-21.3 
535.7, -1.1, -1.5, -2.6, -3.1,  -4.1,  0.0,-21.3 
536.8, -1.3, -1.6, -2.8, -3.2,  -4.3, 25.0,-21.3 
537.9, -1.3, -1.6, -2.8, -3.1,  -4.2, 25.0,-21.3 
539.0, -1.2, -1.5, -2.8, -3.1,  -4.1, 25.0,-21.2 
540.1, -1.2, -1.7, -2.8, -3.2,  -4.3, 25.0,-21.3 
541.2, -1.3, -1.7, -2.8, -3.2,  -4.3, 25.0,-21.3 
542.3, -1.3, -1.6, -3.0, -3.3,  -4.4, 25.0,-21.4 
543.4, -1.4, -1.7, -3.1, -3.3,  -4.4, 25.0,-21.4 
544.5, -1.4, -1.7, -3.1, -3.3,  -4.4, 25.0,-21.5 
545.6, -1.5, -1.8, -3.0, -3.4,  -4.4,  0.0,-21.5 
546.7, -1.6, -1.8, -3.0, -3.5,  -4.6, 25.0,-21.6 
547.8, -1.6, -1.9, -2.9, -3.5,  -4.6, 25.0,-21.6 
548.9, -1.6, -2.0, -3.0, -3.5,  -4.6, 25.0,-21.6 
550.0, -1.7, -1.9, -3.0, -3.5,  -4.6, 25.0,-21.6 
551.2, -1.6, -2.0, -3.1, -3.6,  -4.6, 25.0,-21.6 
552.3, -1.7, -2.0, -3.2, -3.6,  -4.6, 25.0,-21.6 
553.4, -1.7, -2.1, -3.2, -3.6,  -4.6, 25.0,-21.6 
554.5, -1.7, -2.1, -3.3, -3.8,  -4.7, 25.0,-21.7 
555.6, -1.9, -2.2, -3.5, -3.7,  -4.8, 25.0,-21.8 
556.7, -1.9, -2.2, -3.4, -3.7,  -4.9, 25.0,-21.9 
557.8, -1.8, -2.2, -3.2, -3.7,  -4.9, 25.0,-21.9 
558.9, -1.9, -2.2, -3.3, -3.7,  -5.0, 25.0,-22.0 
560.0, -2.0, -2.2, -3.4, -3.7,  -4.9, 25.0,-21.9 
561.2, -2.0, -2.2, -3.5, -3.7,  -4.9, 25.0,-21.9 
562.3, -2.1, -2.4, -3.6, -4.0,  -5.0,  0.0,-21.9 
563.4, -2.2, -2.4, -3.6, -3.9,  -5.0, 25.0,-22.0 
564.5, -2.2, -2.5, -3.9, -4.0,  -5.2, 25.0,-22.1 
565.6, -2.3, -2.5, -3.7, -4.0,  -5.1, 25.0,-22.0 
566.7, -2.3, -2.5, -3.7, -4.0,  -5.2, 25.0,-22.1 
567.8, -2.3, -2.4, -3.8, -4.0,  -5.1, 25.0,-22.0 
568.9, -2.3, -2.6, -3.7, -4.0,  -5.2, 25.0,-22.1 
570.1, -2.3, -2.6, -3.7, -4.1,  -5.2,  0.0,-22.1 
571.2, -2.3, -2.6, -3.6, -4.1,  -5.2, 25.0,-22.1 
572.3, -2.3, -2.6, -3.4, -4.2,  -5.2, 25.0,-22.1 
573.4, -2.2, -2.7, -3.3, -4.2,  -5.2, 25.0,-22.1 
574.5, -2.3, -2.6, -3.4, -4.2,  -5.2,  0.0,-22.1 
575.6, -2.4, -2.6, -3.4, -4.2,  -5.2,  0.0,-22.1 
576.8, -2.4, -2.6, -3.7, -4.3,  -5.3, 25.0,-22.2 
577.9, -2.5, -2.8, -3.9, -4.3,  -5.3, 25.0,-22.2 
579.0, -2.6, -2.8, -4.0, -4.3,  -5.4, 25.0,-22.3 
580.1, -2.6, -2.8, -4.0, -4.4,  -5.4,  0.0,-22.3 
581.2, -2.6, -2.8, -3.9, -4.4,  -5.3, 25.0,-22.2 
582.3, -2.6, -2.9, -4.0, -4.4,  -5.4,  0.0,-22.2 
583.5, -2.6, -2.9, -4.1, -4.5,  -5.5, 25.0,-22.4 
584.6, -2.6, -3.0, -4.1, -4.5,  -5.6, 25.0,-22.4 
585.7, -2.6, -2.9, -4.2, -4.5,  -5.5, 25.0,-22.4 
586.8, -2.6, -2.9, -4.2, -4.5,  -5.6,  0.0,-22.4 
587.9, -2.7, -3.0, -4.0, -4.6,  -5.4, 25.0,-22.3 
589.0, -2.7, -3.1, -4.0, -4.6,  -5.5, 25.0,-22.4 
590.1, -2.8, -3.2, -4.2, -4.6,  -5.6,  0.0,-22.4 
591.3, -2.7, -3.2, -4.2, -4.6,  -5.6, 25.0,-22.5 
592.4, -2.9, -3.2, -4.1, -4.7,  -5.6, 25.0,-22.5 
593.5, -2.8, -3.3, -4.2, -4.7,  -5.7, 25.0,-22.5 
594.6, -2.9, -3.3, -4.2, -4.7,  -5.7, 25.0,-22.6 
595.7, -2.9, -3.3, -4.3, -4.8,  -5.8, 25.0,-22.6 
596.8, -2.9, -3.4, -4.4, -4.8,  -5.9, 25.0,-22.7 
598.0, -2.9, -3.3, -4.2, -4.9,  -5.8, 25.0,-22.7 
599.1, -3.0, -3.4, -4.3, -4.9,  -6.0,  0.0,-22.7 
600.2, -3.0, -3.4, -4.4, -4.9,  -6.0,  0.0,-22.7 
601.3, -3.0, -3.4, -4.4, -5.0,  -5.9, 25.0,-22.8 
602.5, -3.2, -3.4, -4.5, -5.0,  -6.0, 25.0,-22.8 
603.7, -3.2, -3.5, -4.6, -5.1,  -5.9, 25.0,-22.7 
604.8, -3.3, -3.5, -4.6, -5.2,  -6.0, 25.0,-22.8 
606.0, -3.3, -3.5, -4.5, -5.2,  -6.0, 25.0,-22.9 
607.2, -3.4, -3.6, -4.7, -5.3,  -6.1, 25.0,-22.9 
608.4, -3.2, -3.5, -4.7, -5.2,  -6.0,  0.0,-22.9 
609.9, -3.4, -3.7, -4.7, -5.3,  -6.1, 25.0,-22.9 
611.1, -3.4, -3.7, -4.8, -5.3,  -6.2, 25.0,-23.0 
612.2, -3.4, -3.7, -4.9, -5.4,  -6.2, 25.0,-23.0 
613.3, -3.5, -3.8, -5.0, -5.3,  -6.3,  0.0,-23.0 
614.4, -3.5, -3.8, -4.9, -5.4,  -6.3, 25.0,-23.1 
615.5, -3.6, -3.8, -4.9, -5.4,  -6.4, 25.0,-23.1 
616.6, -3.4, -3.9, -4.9, -5.4,  -6.3, 25.0,-23.1 
617.8, -3.6, -3.9, -5.0, -5.3,  -6.4, 25.0,-23.1 
618.9, -3.6, -4.0, -5.2, -5.4,  -6.4, 25.0,-23.2 
620.0, -3.6, -3.9, -5.1, -5.4,  -6.5, 25.0,-23.2 
621.1, -3.6, -4.0, -5.1, -5.4,  -6.5, 25.0,-23.2 
622.2, -3.6, -4.0, -5.1, -5.6,  -6.4, 25.0,-23.2 
623.3, -3.7, -4.0, -5.2, -5.5,  -6.5, 25.0,-23.2 
624.4, -3.6, -4.1, -5.2, -5.6,  -6.5,  0.0,-23.2 
625.5, -3.7, -4.1, -5.3, -5.6,  -6.6, 25.0,-23.3 
626.7, -3.6, -4.2, -5.2, -5.7,  -6.6, 25.0,-23.3 
627.8, -3.6, -4.2, -5.2, -5.7,  -6.5, 25.0,-23.3 
628.9, -3.8, -4.0, -5.2, -5.6,  -6.6,  0.0,-23.3 
630.0, -3.7, -4.1, -5.0, -5.7,  -6.5,  0.0,-23.3 
631.1, -3.8, -4.1, -5.1, -5.7,  -6.6, 25.0,-23.3 
632.2, -3.9, -4.2, -5.2, -5.8,  -6.6, 25.0,-23.4 
633.3, -4.0, -4.2, -5.3, -5.7,  -6.7, 25.0,-23.4 
634.5, -4.0, -4.3, -5.5, -5.9,  -6.7, 25.0,-23.4 
635.6, -4.0, -4.3, -5.5, -5.9,  -6.8, 25.0,-23.5 
636.7, -4.1, -4.4, -5.5, -5.9,  -6.9,  0.0,-23.5 
637.8, -4.1, -4.5, -5.6, -6.0,  -7.1, 25.0,-23.7 
638.9, -4.1, -4.5, -5.6, -6.0,  -7.0, 25.0,-23.7 
640.0, -4.1, -4.6, -5.6, -6.1,  -7.1, 25.0,-23.7 
641.2, -4.1, -4.5, -5.6, -6.0,  -6.9,  0.0,-23.7 
642.3, -4.2, -4.5, -5.6, -6.1,  -6.8, 25.0,-23.5 
643.4, -4.2, -4.6, -5.6, -6.1,  -6.9,  0.0,-23.5 
644.5, -4.2, -4.6, -5.6, -6.1,  -6.8, 25.0,-23.5 
645.6, -4.3, -4.7, -5.7, -6.2,  -6.9, 25.0,-23.6 
646.7, -4.4, -4.7, -5.7, -6.2,  -7.0,  0.0,-23.6 
647.8, -4.4, -4.8, -5.8, -6.3,  -7.0, 25.0,-23.7 
648.9, -4.4, -4.7, -5.7, -6.2,  -7.0,  0.0,-23.7 
650.0, -4.4, -4.7, -5.8, -6.3,  -7.1, 25.0,-23.7 
651.2, -4.4, -4.8, -6.0, -6.3,  -7.2, 25.0,-23.9 
652.3, -4.4, -4.8, -6.0, -6.4,  -7.2, 25.0,-23.9 
653.4, -4.5, -4.7, -6.0, -6.5,  -7.2, 25.0,-23.8 
654.5, -4.5, -4.9, -6.0, -6.4,  -7.3, 25.0,-24.0 
655.6, -4.6, -4.9, -6.1, -6.5,  -7.4, 25.0,-24.0 
656.7, -4.6, -5.0, -6.0, -6.5,  -7.4, 25.0,-24.0 
657.8, -4.6, -4.9, -6.1, -6.6,  -7.5, 25.0,-24.1 
658.9, -4.6, -5.0, -6.0, -6.5,  -7.4, 25.0,-24.0 
660.1, -4.7, -4.9, -5.9, -6.6,  -7.5, 25.0,-24.1 
661.2, -4.7, -5.0, -6.0, -6.5,  -7.5, 25.0,-24.1 
662.3, -4.6, -4.9, -6.0, -6.5,  -7.5, 25.0,-24.1 
663.4, -4.7, -5.0, -6.2, -6.7,  -7.6, 25.0,-24.2 
664.5, -4.7, -5.1, -6.1, -6.7,  -7.6, 25.0,-24.2 
665.6, -4.8, -5.1, -6.2, -6.7,  -7.8, 25.0,-24.3 
666.7, -4.9, -5.2, -6.2, -6.8,  -7.8, 25.0,-24.4 
667.8, -4.9, -5.2, -6.5, -6.9,  -7.9,  0.0,-24.4 
668.9, -5.0, -5.3, -6.4, -6.8,  -7.8, 25.0,-24.4 
670.1, -4.9, -5.3, -6.5, -6.8,  -7.8, 25.0,-24.3 
671.2, -5.0, -5.3, -6.7, -6.8,  -7.8, 25.0,-24.4 
672.3, -5.0, -5.4, -6.7, -6.8,  -7.9, 25.0,-24.5 
673.4, -5.0, -5.4, -6.6, -6.9,  -7.9, 25.0,-24.5 
674.5, -5.1, -5.3, -6.7, -6.8,  -7.9,  0.0,-24.5 
675.6, -5.1, -5.4, -6.7, -6.9,  -8.1,  0.0,-24.5 
676.7, -5.2, -5.5, -6.8, -6.9,  -8.0, 25.0,-24.6 
677.9, -5.2, -5.5, -6.9, -7.0,  -8.0, 25.0,-24.5 
679.0, -5.2, -5.5, -6.6, -6.9,  -7.9, 25.0,-24.5 
680.1, -5.2, -5.5, -6.7, -7.0,  -7.9, 25.0,-24.4 
681.2, -5.2, -5.6, -6.7, -7.0,  -7.9, 25.0,-24.5 
682.3, -5.1, -5.6, -6.7, -7.1,  -8.0, 25.0,-24.5 
683.4, -5.1, -5.6, -6.6, -7.1,  -8.0, 25.0,-24.6 
684.6, -5.2, -5.7, -6.7, -7.1,  -8.1, 25.0,-24.6 
685.7, -5.3, -5.7, -6.9, -7.2,  -8.2, 25.0,-24.7 
686.8, -5.3, -5.7, -6.8, -7.2,  -8.1,  0.0,-24.7 
687.9, -5.3, -5.7, -6.6, -7.3,  -8.1, 25.0,-24.6 
689.0, -5.3, -5.7, -6.7, -7.3,  -8.2, 25.0,-24.7 
690.1, -5.4, -5.7, -6.7, -7.3,  -8.1, 25.0,-24.6 
691.2, -5.5, -5.8, -6.7, -7.3,  -8.2,  0.0,-24.6 
692.4, -5.5, -5.8, -6.6, -7.3,  -8.2,  0.0,-24.6 
693.5, -5.7, -5.9, -6.8, -7.4,  -8.3,  0.0,-24.6 
694.6, -5.7, -5.9, -6.9, -7.4,  -8.3, 25.0,-24.8 
695.7, -5.6, -5.9, -7.0, -7.5,  -8.4, 25.0,-24.9 
696.8, -5.6, -5.9, -7.0, -7.5,  -8.4,  0.0,-24.9 
698.0, -5.7, -6.0, -7.3, -7.7,  -8.6, 25.0,-25.1 
699.1, -5.7, -6.0, -7.2, -7.5,  -8.5, 25.0,-25.0 
700.2, -5.7, -6.1, -7.3, -7.5,  -8.6, 25.0,-25.0 
701.3, -5.7, -6.0, -7.4, -7.5,  -8.5,  0.0,-25.0 
702.4, -5.8, -6.0, -7.4, -7.6,  -8.6, 25.0,-25.1 
703.5, -6.0, -6.1, -7.4, -7.6,  -8.6, 25.0,-25.1 
704.7, -6.0, -6.1, -7.5, -7.6,  -8.6,  0.0,-25.1 
705.8, -5.9, -6.2, -7.7, -7.8,  -8.7, 25.0,-25.1 
706.9, -5.9, -6.2, -7.6, -7.8,  -8.6, 25.0,-25.1 
708.0, -5.9, -6.3, -7.5, -7.9,  -8.6, 25.0,-25.0 
709.1, -5.9, -6.3, -7.4, -7.8,  -8.6, 25.0,-25.1 
710.2, -6.0, -6.3, -7.7, -7.9,  -8.7, 25.0,-25.1 
711.3, -6.0, -6.3, -7.6, -7.9,  -8.8,  0.0,-25.1 
712.4, -5.9, -6.3, -7.7, -7.9,  -8.7, 25.0,-25.2 
713.6, -6.1, -6.4, -7.8, -8.0,  -8.8,  0.0,-25.2 
714.7, -6.1, -6.3, -7.8, -8.0,  -8.9, 25.0,-25.3 
715.8, -6.1, -6.4, -7.8, -8.0,  -8.9, 25.0,-25.3 
716.9, -6.1, -6.4, -7.8, -8.0,  -8.9, 25.0,-25.3 
718.0, -6.3, -6.5, -8.0, -8.1,  -9.0, 25.0,-25.4 
719.1, -6.2, -6.4, -7.8, -8.1,  -9.0, 25.0,-25.4 
720.2, -6.3, -6.5, -7.7, -8.1,  -9.1, 25.0,-25.5 
721.3, -6.2, -6.5, -7.7, -8.1,  -9.2,  0.0,-25.5 
722.5, -6.1, -6.6, -7.7, -8.2,  -9.1, 25.0,-25.5 
723.6, -6.0, -6.6, -7.7, -8.2,  -9.1, 25.0,-25.5 
724.7, -6.1, -6.6, -7.8, -8.1,  -9.1, 25.0,-25.5 
725.8, -6.3, -6.7, -7.8, -8.3,  -9.3, 25.0,-25.6 
726.9, -6.3, -6.8, -7.9, -8.3,  -9.2, 25.0,-25.6 
728.1, -6.5, -6.9, -7.9, -8.3,  -9.2, 25.0,-25.6 
729.3, -6.3, -6.8, -7.7, -8.2,  -9.2, 25.0,-25.5 
730.5, -6.3, -6.8, -7.7, -8.2,  -9.3, 25.0,-25.6 
731.7, -6.4, -6.8, -7.7, -8.2,  -9.3,  0.0,-25.6 
732.8, -6.4, -6.8, -7.9, -8.3,  -9.3,  0.0,-25.6 
734.0, -6.5, -6.7, -7.9, -8.3,  -9.3, 25.0,-25.6 
735.2, -6.6, -6.8, -7.9, -8.4,  -9.4, 25.0,-25.7 
736.4, -6.7, -6.9, -8.0, -8.4,  -9.5,  0.0,-25.7 
740.4, -6.8, -7.1, -8.1, -8.5,  -9.5, 25.0,-25.9 
741.5, -6.7, -7.1, -8.1, -8.6,  -9.5, 25.0,-25.8 
742.7, -6.7, -7.1, -8.1, -8.5,  -9.5,  0.0,-25.8 
743.9, -6.9, -7.3, -8.3, -8.6,  -9.6, 25.0,-25.9 
745.0, -6.8, -7.2, -8.3, -8.6,  -9.7, 25.0,-26.0 
746.2, -6.8, -7.3, -8.3, -8.7,  -9.6, 25.0,-25.9 
747.3, -6.9, -7.2, -8.4, -8.7,  -9.7, 25.0,-26.0 
748.5, -6.9, -7.2, -8.4, -8.8,  -9.8, 25.0,-26.1 
749.6, -7.0, -7.3, -8.4, -8.8,  -9.8,  0.0,-26.1 
750.8, -7.0, -7.4, -8.5, -8.9,  -9.8,  0.0,-26.1 
752.0, -7.2, -7.5, -8.6, -8.9,  -9.9, 25.0,-26.2 
753.1, -7.1, -7.5, -8.4, -8.9,  -9.7, 25.0,-26.0 
754.2, -7.1, -7.6, -8.5, -8.9,  -9.7, 25.0,-26.0 
755.3, -7.1, -7.5, -8.5, -9.0,  -9.8, 25.0,-26.1 
756.5, -7.2, -7.6, -8.5, -9.0,  -9.9, 25.0,-26.1 
757.6, -7.2, -7.6, -8.7, -9.0,  -9.9, 25.0,-26.2 
758.7, -7.3, -7.6, -8.8, -9.1,  -9.9,  0.0,-26.2 
759.8, -7.3, -7.6, -8.8, -9.1,  -9.9, 25.0,-26.2 
760.9, -7.3, -7.6, -8.8, -9.1,  -9.9,  0.0,-26.2 
762.0, -7.4, -7.6, -8.7, -9.1, -10.0, 25.0,-26.2 
763.1, -7.4, -7.6, -8.7, -9.1, -10.0, 25.0,-26.3 
764.3, -7.5, -7.7, -8.9, -9.2, -10.1, 25.0,-26.3 
765.4, -7.4, -7.7, -8.8, -9.2, -10.1, 25.0,-26.4 
766.5, -7.6, -7.7, -8.9, -9.2, -10.2, 25.0,-26.4 
767.7, -7.5, -7.7, -9.0, -9.3, -10.3, 25.0,-26.5 
768.8, -7.6, -7.8, -8.9, -9.4, -10.2, 25.0,-26.5 
769.9, -7.5, -7.7, -9.0, -9.4, -10.1, 25.0,-26.4 
771.0, -7.7, -8.0, -9.1, -9.4, -10.3, 25.0,-26.5 
772.1, -7.7, -8.0, -9.1, -9.4, -10.2, 25.0,-26.4 
773.2, -7.7, -7.9, -9.2, -9.4, -10.2, 25.0,-26.5 
774.4, -7.7, -8.0, -9.2, -9.4, -10.2, 25.0,-26.4 
775.5, -7.7, -7.9, -9.2, -9.5, -10.4, 25.0,-26.6 
776.6, -7.7, -8.1, -9.2, -9.4, -10.3, 25.0,-26.5 
777.7, -7.7, -8.0, -9.3, -9.4, -10.4, 25.0,-26.6 
778.8, -7.8, -8.0, -9.3, -9.5, -10.5,  0.0,-26.6 
779.9, -7.8, -8.2, -9.1, -9.6, -10.4, 25.0,-26.6 
781.0, -7.7, -8.2, -9.3, -9.6, -10.5, 25.0,-26.7 
782.2, -7.9, -8.3, -9.3, -9.6, -10.6, 25.0,-26.8 
783.3, -7.7, -8.3, -9.3, -9.7, -10.6, 25.0,-26.8 
784.4, -7.7, -8.3, -9.2, -9.6, -10.6, 25.0,-26.8 
785.5, -7.7, -8.3, -9.2, -9.7, -10.7, 25.0,-26.8 
786.7, -7.9, -8.3, -9.3, -9.8, -10.7, 25.0,-26.8 
787.8, -7.9, -8.4, -9.3, -9.8, -10.8, 25.0,-26.9 
788.9, -7.9, -8.3, -9.4, -9.8, -10.7, 25.0,-26.8 
790.0, -8.0, -8.4, -9.6, -9.8, -10.7, 25.0,-26.8 
791.1, -8.0, -8.5, -9.6, -9.8, -10.7,  0.0,-26.8 
792.2, -7.9, -8.4, -9.6, -9.8, -10.7, 25.0,-26.8 
793.3, -8.0, -8.5, -9.6, -9.9, -10.8, 25.0,-26.9 
794.5, -8.1, -8.6, -9.6,-10.0, -10.8, 25.0,-26.9 
795.6, -8.1, -8.5, -9.6, -9.9, -10.8, 25.0,-26.9 
796.7, -8.0, -8.5, -9.5, -9.9, -10.8,  0.0,-26.9 
797.8, -8.1, -8.6, -9.5,-10.0, -10.8, 25.0,-27.0 
798.9, -8.2, -8.6, -9.5,-10.0, -10.9, 25.0,-27.0 
800.0, -8.3, -8.7, -9.6,-10.1, -11.0, 25.0,-27.1 
801.2, -8.3, -8.6, -9.6,-10.1, -10.9,  0.0,-27.1 
802.3, -8.3, -8.7, -9.6,-10.2, -11.0, 25.0,-27.1 
803.4, -8.3, -8.8, -9.7,-10.2, -10.9, 25.0,-27.0 
804.5, -8.4, -8.7, -9.7,-10.3, -11.0, 25.0,-27.1 
805.6, -8.3, -8.8, -9.8,-10.2, -11.0, 25.0,-27.1 
806.7, -8.4, -8.7, -9.9,-10.3, -11.1, 25.0,-27.2 
807.8, -8.5, -8.8,-10.0,-10.3, -11.1, 25.0,-27.2 
809.0, -8.5, -8.8, -9.9,-10.2, -11.1, 25.0,-27.2 
810.1, -8.7, -8.9,-10.1,-10.4, -11.4, 25.0,-27.5 
811.2, -8.5, -8.8,-10.0,-10.4, -11.2, 25.0,-27.3 
812.3, -8.7, -8.8,-10.1,-10.4, -11.3, 25.0,-27.4 
813.4, -8.6, -8.9,-10.0,-10.5, -11.4, 25.0,-27.4 
814.5, -8.7, -8.9,-10.0,-10.4, -11.3, 25.0,-27.3 
815.6, -8.6, -9.1,-10.1,-10.5, -11.4, 25.0,-27.4 
816.8, -8.8, -9.1,-10.1,-10.5, -11.4, 25.0,-27.5 
817.9, -8.8, -9.1,-10.2,-10.7, -11.3, 25.0,-27.4 
819.0, -8.9, -9.1,-10.3,-10.6, -11.4, 25.0,-27.5 
820.1, -8.8, -9.2,-10.3,-10.5, -11.4, 25.0,-27.5 
821.2, -8.9, -9.1,-10.3,-10.7, -11.4, 25.0,-27.5 
822.3, -8.9, -9.2,-10.3,-10.7, -11.6, 25.0,-27.7 
823.4, -8.9, -9.3,-10.4,-10.8, -11.7, 25.0,-27.7 
824.5, -8.9, -9.2,-10.4,-10.7, -11.6, 25.0,-27.7 
825.6, -9.0, -9.3,-10.5,-10.8, -11.7, 25.0,-27.7 
826.8, -9.0, -9.3,-10.4,-10.8, -11.6, 25.0,-27.7 
827.9, -9.0, -9.3,-10.5,-10.9, -11.7, 25.0,-27.7 
829.0, -9.1, -9.4,-10.7,-10.9, -11.7, 25.0,-27.7 
830.1, -9.0, -9.4,-10.5,-10.8, -11.6,  0.0,-27.7 
831.2, -9.1, -9.5,-10.6,-10.9, -11.7, 25.0,-27.7 
832.3, -9.0, -9.5,-10.4,-10.8, -11.7, 25.0,-27.8 
833.4, -9.1, -9.5,-10.4,-10.9, -11.8, 25.0,-27.8 
834.6, -9.1, -9.6,-10.6,-11.0, -11.9, 25.0,-27.9 
835.7, -9.2, -9.7,-10.7,-11.0, -11.9, 25.0,-27.9 
836.8, -9.1, -9.7,-10.8,-11.1, -12.0, 25.0,-28.0 
837.9, -9.1, -9.7,-10.7,-11.1, -11.9, 25.0,-27.9 
839.0, -9.3, -9.7,-10.7,-11.1, -11.9,  0.0,-27.9 
840.1, -9.3, -9.6,-10.7,-11.1, -11.9,  0.0,-27.9 
841.3, -9.4, -9.7,-10.8,-11.1, -11.9, 25.0,-27.9 
842.4, -9.4, -9.7,-10.8,-11.1, -12.1, 25.0,-28.0 
843.5, -9.5, -9.7,-10.9,-11.2, -12.0, 25.0,-28.0 
844.6, -9.5, -9.7,-10.7,-11.2, -12.0, 25.0,-28.0 
845.7, -9.6, -9.9,-10.8,-11.4, -12.2, 25.0,-28.1 
846.9, -9.5, -9.9,-10.9,-11.3, -12.1, 25.0,-28.1 
848.1, -9.6,-10.0,-10.9,-11.4, -12.1, 25.0,-28.1 
849.3, -9.6, -9.9,-11.0,-11.4, -12.2, 25.0,-28.1 
850.4, -9.6, -9.9,-11.0,-11.4, -12.2, 25.0,-28.2 
851.6, -9.7, -9.9,-11.1,-11.4, -12.2, 25.0,-28.1 
852.8, -9.7,-10.0,-11.2,-11.4, -12.2, 25.0,-28.2 
854.0, -9.6,-10.0,-11.0,-11.5, -12.3, 25.0,-28.2 
855.1, -9.6,-10.1,-11.1,-11.6, -12.3, 25.0,-28.2 
856.3, -9.6,-10.1,-11.2,-11.5, -12.4, 25.0,-28.3 
857.5, -9.6,-10.2,-11.3,-11.5, -12.4, 25.0,-28.3 
858.7, -9.8,-10.1,-11.4,-11.6, -12.4, 25.0,-28.3 
859.8, -9.8,-10.1,-11.1,-11.5, -12.4,  0.0,-28.3 
861.0, -9.8,-10.2,-11.1,-11.7, -12.5,  0.0,-28.3 
862.2, -9.9,-10.2,-11.1,-11.6, -12.4,  0.0,-28.3 
863.4, -9.9,-10.4,-11.1,-11.7, -12.5, 25.0,-28.4 
864.5, -9.9,-10.4,-11.3,-11.7, -12.5, 25.0,-28.4 
865.7,-10.0,-10.4,-11.4,-11.8, -12.6, 25.0,-28.5 
866.9,-10.0,-10.4,-11.4,-11.7, -12.6, 25.0,-28.5 
868.2,-10.1,-10.4,-11.5,-11.7, -12.7, 25.0,-28.6 
869.4,-10.1,-10.5,-11.6,-11.8, -12.7,  0.0,-28.6 
870.5,-10.2,-10.6,-11.6,-11.9, -12.7, 25.0,-28.6 
871.7,-10.2,-10.6,-11.5,-11.9, -12.6, 25.0,-28.5 
872.9,-10.3,-10.6,-11.4,-12.0, -12.7, 25.0,-28.6 
874.0,-10.3,-10.5,-11.5,-11.9, -12.7,  0.0,-28.6 
875.2,-10.2,-10.7,-11.5,-11.9, -12.7, 25.0,-28.6 
876.4,-10.3,-10.7,-11.5,-12.0, -12.8, 25.0,-28.7 
877.5,-10.3,-10.6,-11.5,-12.0, -12.9, 25.0,-28.8 
878.7,-10.4,-10.7,-11.5,-12.1, -12.9, 25.0,-28.8 
879.8,-10.4,-10.8,-11.6,-12.2, -12.9, 25.0,-28.7 
881.0,-10.4,-10.8,-11.7,-12.2, -13.0, 25.0,-28.9 
882.1,-10.4,-10.8,-11.7,-12.2, -13.0, 25.0,-28.8 
883.3,-10.5,-10.8,-11.8,-12.3, -13.0, 25.0,-28.8 
884.5,-10.5,-10.9,-11.9,-12.2, -13.1,  0.0,-28.8 
885.6,-10.5,-10.9,-11.8,-12.3, -13.1, 25.0,-28.9 
886.7,-10.5,-11.0,-12.1,-12.2, -13.3, 25.0,-29.1 
887.8,-10.6,-11.1,-12.1,-12.3, -13.3, 25.0,-29.1 
889.0,-10.7,-11.0,-12.0,-12.4, -13.3, 25.0,-29.1 
890.1,-10.7,-11.0,-12.0,-12.3, -13.2, 25.0,-29.0 
891.2,-10.7,-11.0,-11.9,-12.3, -13.3, 25.0,-29.1 
892.3,-10.7,-11.0,-12.1,-12.4, -13.3, 25.0,-29.1 
893.4,-10.8,-11.0,-12.2,-12.4, -13.3, 25.0,-29.1 
894.6,-10.9,-11.1,-12.1,-12.5, -13.3, 25.0,-29.1 
895.7,-10.8,-11.1,-12.3,-12.4, -13.3, 25.0,-29.1 
896.8,-10.8,-11.0,-12.2,-12.4, -13.3, 25.0,-29.1 
897.9,-10.7,-11.2,-12.3,-12.6, -13.3,  0.0,-29.1 
899.0,-10.8,-11.1,-12.4,-12.6, -13.5, 25.0,-29.2 
900.1,-10.9,-11.2,-12.3,-12.5, -13.5, 25.0,-29.2 
901.2,-10.8,-11.3,-12.3,-12.6, -13.4, 25.0,-29.2 
902.3,-10.9,-11.2,-12.4,-12.6, -13.4, 25.0,-29.2 
903.4,-11.0,-11.2,-12.3,-12.6, -13.5, 25.0,-29.2 
904.6,-11.1,-11.3,-12.5,-12.8, -13.6, 25.0,-29.3 
905.7,-11.0,-11.4,-12.5,-12.7, -13.6, 25.0,-29.4 
906.8,-11.0,-11.3,-12.3,-12.8, -13.5, 25.0,-29.3 
907.9,-11.0,-11.3,-12.2,-12.8, -13.5, 25.0,-29.3 
909.0,-10.9,-11.4,-12.3,-12.9, -13.6, 25.0,-29.4 
910.1,-11.0,-11.4,-12.4,-12.7, -13.5,  0.0,-29.4 
911.2,-11.2,-11.4,-12.5,-12.8, -13.6, 25.0,-29.3 
912.3,-11.2,-11.5,-12.5,-12.9, -13.6, 25.0,-29.4 
913.4,-11.2,-11.5,-12.5,-12.9, -13.7,  0.0,-29.4 
914.5,-11.3,-11.5,-12.6,-12.9, -13.8, 25.0,-29.5 
915.6,-11.2,-11.6,-12.6,-13.0, -13.8, 25.0,-29.6 
916.8,-11.3,-11.6,-12.6,-12.9, -13.8, 25.0,-29.5 
917.9,-11.3,-11.5,-12.4,-12.9, -13.7, 25.0,-29.5 
919.0,-11.3,-11.6,-12.6,-13.0, -13.8,  0.0,-29.5 
920.1,-11.3,-11.7,-12.7,-13.0, -13.9, 25.0,-29.6 
921.2,-11.3,-11.7,-12.8,-13.0, -13.9, 25.0,-29.6 
922.3,-11.4,-11.7,-12.7,-13.1, -13.8, 25.0,-29.6 
923.4,-11.4,-11.7,-12.6,-13.1, -13.8, 25.0,-29.6 
924.5,-11.4,-11.7,-12.7,-13.2, -13.8, 25.0,-29.6 
925.6,-11.4,-11.7,-12.9,-13.2, -13.8, 25.0,-29.6 
926.7,-11.3,-11.8,-12.9,-13.2, -14.0, 25.0,-29.7 
927.8,-11.4,-11.7,-12.9,-13.3, -13.9, 25.0,-29.6 
928.9,-11.4,-11.7,-12.9,-13.2, -14.0, 25.0,-29.7 
930.0,-11.6,-11.9,-12.9,-13.2, -14.0, 25.0,-29.7 
931.2,-11.7,-11.9,-13.0,-13.3, -14.0, 25.0,-29.8 
932.3,-11.6,-11.9,-12.9,-13.3, -14.1,  0.0,-29.8 
933.4,-11.5,-12.0,-12.7,-13.3, -14.0, 25.0,-29.8 
934.5,-11.6,-11.9,-12.9,-13.3, -14.1,  0.0,-29.8 
935.6,-11.5,-11.9,-12.7,-13.3, -14.0, 25.0,-29.8 
936.7,-11.7,-12.1,-12.8,-13.6, -14.3, 25.0,-30.0 
937.8,-11.7,-12.1,-12.8,-13.5, -14.3, 25.0,-29.9 
938.9,-11.7,-12.1,-12.8,-13.6, -14.3, 25.0,-30.0 
940.0,-11.7,-12.2,-13.0,-13.6, -14.4, 25.0,-30.0 
941.2,-11.8,-12.2,-13.0,-13.6, -14.3, 25.0,-30.0 
942.3,-11.8,-12.2,-13.0,-13.6, -14.2, 25.0,-29.9 
943.4,-11.7,-12.2,-13.1,-13.6, -14.2, 25.0,-29.9 
944.5,-11.8,-12.3,-13.3,-13.6, -14.3, 25.0,-30.0 
945.6,-11.8,-12.3,-13.3,-13.6, -14.5, 25.0,-30.1 
946.7,-12.0,-12.2,-13.3,-13.7, -14.6, 25.0,-30.2 
947.9,-12.0,-12.3,-13.3,-13.6, -14.5,  0.0,-30.2 
949.0,-11.9,-12.4,-13.3,-13.6, -14.6, 25.0,-30.2 
950.1,-12.0,-12.4,-13.5,-13.7, -14.6,  0.0,-30.2 
951.2,-12.1,-12.4,-13.4,-13.8, -14.6, 25.0,-30.3 
952.3,-12.0,-12.4,-13.3,-13.7, -14.6, 25.0,-30.2 
953.4,-12.0,-12.4,-13.3,-13.8, -14.5, 25.0,-30.2 
954.5,-12.0,-12.4,-13.6,-13.8, -14.6, 25.0,-30.2 
955.6,-12.2,-12.5,-13.5,-13.8, -14.6, 25.0,-30.2 
956.8,-12.1,-12.6,-13.4,-13.9, -14.6,  0.0,-30.2 
957.9,-12.2,-12.6,-13.5,-13.9, -14.6, 25.0,-30.3 
959.0,-12.3,-12.6,-13.6,-13.9, -14.5, 25.0,-30.2 
960.1,-12.3,-12.6,-13.6,-14.0, -14.6,  0.0,-30.2 
961.2,-12.4,-12.6,-13.6,-14.0, -14.7, 25.0,-30.3 
962.3,-12.4,-12.7,-13.6,-14.1, -14.7, 25.0,-30.3 
963.4,-12.5,-12.7,-13.8,-14.0, -14.8, 25.0,-30.4 
964.5,-12.4,-12.7,-13.7,-14.1, -14.8,  0.0,-30.4 
965.7,-12.5,-12.8,-13.7,-14.2, -14.9,  0.0,-30.4 
966.8,-12.4,-12.7,-13.6,-14.2, -14.9,  0.0,-30.4 
967.9,-12.5,-12.8,-13.7,-14.2, -14.9, 25.0,-30.5 
969.0,-12.4,-12.8,-13.8,-14.3, -14.9, 25.0,-30.5 
970.1,-12.4,-12.7,-13.7,-14.2, -15.0, 25.0,-30.5 
971.2,-12.4,-12.8,-13.8,-14.1, -14.9, 25.0,-30.5 
972.3,-12.4,-12.9,-13.8,-14.2, -14.8, 25.0,-30.4 
973.5,-12.6,-12.8,-13.8,-14.3, -14.9, 25.0,-30.5 
974.6,-12.6,-12.8,-13.8,-14.2, -14.9, 25.0,-30.5 
975.7,-12.6,-12.8,-13.8,-14.3, -14.9, 25.0,-30.5 
976.8,-12.6,-12.8,-13.9,-14.3, -14.9, 25.0,-30.5 
977.9,-12.8,-12.9,-13.9,-14.2, -15.0, 25.0,-30.6 
979.1,-12.7,-13.0,-14.1,-14.5, -15.0, 25.0,-30.6 
980.2,-12.7,-12.9,-14.1,-14.3, -15.1, 25.0,-30.7 
981.3,-12.8,-12.9,-14.1,-14.4, -15.1, 25.0,-30.7 
982.4,-12.7,-13.0,-14.2,-14.5, -15.2, 25.0,-30.8 
983.5,-12.8,-13.2,-14.3,-14.4, -15.3, 25.0,-30.9 
984.6,-12.7,-13.1,-14.2,-14.5, -15.4,  0.0,-30.9 
985.7,-12.9,-13.2,-14.3,-14.5, -15.4,  0.0,-30.9 
986.9,-12.9,-13.3,-14.2,-14.6, -15.4,  0.0,-30.9 
988.0,-13.0,-13.3,-14.3,-14.6, -15.5, 25.0,-31.0 
989.1,-13.1,-13.3,-14.2,-14.6, -15.5,  0.0,-31.0 
990.2,-13.0,-13.3,-14.3,-14.6, -15.5, 25.0,-31.0 
991.3,-13.0,-13.4,-14.4,-14.6, -15.6, 25.0,-31.1 
992.4,-13.1,-13.3,-14.3,-14.7, -15.5, 25.0,-31.0 
993.5,-13.1,-13.4,-14.3,-14.8, -15.5, 25.0,-31.0 
994.6,-13.1,-13.5,-14.3,-14.8, -15.5, 25.0,-31.0 
995.8,-13.1,-13.5,-14.5,-14.8, -15.6, 25.0,-31.1 
996.9,-13.1,-13.6,-14.4,-14.9, -15.6,  0.0,-31.1 
998.0,-13.2,-13.5,-14.4,-14.9, -15.6, 25.0,-31.1 
999.1,-13.1,-13.6,-14.5,-14.8, -15.5,  0.0,-31.1 
1000.2,-13.1,-13.5,-14.3,-14.8, -15.4, 25.0,-30.9 
1001.3,-13.0,-13.5,-14.5,-14.9, -15.4, 25.0,-30.9 
1002.5,-13.1,-13.6,-14.6,-14.9, -15.6, 25.0,-31.1 
1003.6,-13.1,-13.5,-14.6,-15.0, -15.7, 25.0,-31.1 
1004.7,-13.2,-13.6,-14.6,-15.1, -15.7, 25.0,-31.2 
1005.8,-13.2,-13.6,-14.5,-15.0, -15.7, 25.0,-31.2 
1006.9,-13.2,-13.7,-14.6,-15.1, -15.8, 25.0,-31.3 
1008.0,-13.3,-13.8,-14.8,-14.9, -15.8, 25.0,-31.3 
1009.2,-13.3,-13.8,-14.7,-15.1, -15.9, 25.0,-31.3 
1010.3,-13.5,-13.8,-14.7,-15.1, -15.9, 25.0,-31.3 
1011.4,-13.4,-13.9,-14.8,-15.2, -16.0, 25.0,-31.4 
1012.5,-13.5,-14.0,-14.7,-15.2, -15.7, 25.0,-31.2 
1013.6,-13.5,-14.0,-14.9,-15.2, -15.8, 25.0,-31.3 
1014.7,-13.6,-14.0,-14.8,-15.2, -15.9, 25.0,-31.3 
1015.8,-13.7,-14.0,-14.9,-15.3, -15.8, 25.0,-31.3 
1017.0,-13.7,-14.0,-14.9,-15.5, -16.0, 25.0,-31.4 
1018.1,-13.6,-14.0,-15.0,-15.4, -16.0, 25.0,-31.4 
1019.2,-13.7,-14.0,-15.1,-15.3, -15.8,  0.0,-31.4 
1020.3,-13.7,-14.1,-15.0,-15.4, -15.9,  0.0,-31.4 
1021.4,-13.8,-14.1,-15.0,-15.4, -16.1, 25.0,-31.5 
1022.5,-13.8,-14.2,-15.1,-15.4, -16.1, 25.0,-31.6 
1023.6,-13.8,-14.3,-15.0,-15.4, -16.1, 25.0,-31.5 
1024.7,-13.8,-14.2,-15.2,-15.5, -16.3, 25.0,-31.7 
1025.9,-13.9,-14.3,-15.3,-15.6, -16.3, 25.0,-31.7 
1027.0,-14.0,-14.4,-15.3,-15.5, -16.3, 25.0,-31.7 
1028.1,-14.0,-14.3,-15.2,-15.6, -16.4, 25.0,-31.8 
1029.2,-14.0,-14.4,-15.5,-15.7, -16.4, 25.0,-31.8 
1030.3,-14.0,-14.4,-15.3,-15.6, -16.3,  0.0,-31.8 
1031.5,-14.0,-14.4,-15.3,-15.6, -16.2, 25.0,-31.6 
1032.6,-14.1,-14.5,-15.2,-15.6, -16.4,  0.0,-31.6 
1033.7,-14.0,-14.4,-15.3,-15.7, -16.4, 25.0,-31.8 
1034.8,-14.1,-14.5,-15.2,-15.6, -16.4, 25.0,-31.8 
1035.9,-14.0,-14.5,-15.3,-15.7, -16.5,  0.0,-31.8 
1037.0,-14.1,-14.4,-15.3,-15.7, -16.4, 25.0,-31.8 
1038.1,-14.2,-14.6,-15.5,-15.7, -16.5, 25.0,-31.9 
1039.2,-14.2,-14.6,-15.3,-15.7, -16.5, 25.0,-31.9 
1040.4,-14.2,-14.6,-15.5,-15.9, -16.6, 25.0,-31.9 
1041.5,-14.3,-14.7,-15.5,-15.8, -16.7, 25.0,-32.0 
1042.6,-14.3,-14.6,-15.6,-15.7, -16.6, 25.0,-31.9 
1043.7,-14.4,-14.6,-15.6,-15.8, -16.7, 25.0,-32.0 
1044.8,-14.4,-14.6,-15.6,-15.9, -16.7, 25.0,-32.1 
1045.9,-14.4,-14.6,-15.6,-16.0, -16.6, 25.0,-32.0 
1047.0,-14.5,-14.7,-15.6,-16.0, -16.7, 25.0,-32.1 
1048.1,-14.4,-14.6,-15.4,-16.0, -16.6, 25.0,-32.0 
1049.2,-14.6,-14.7,-15.5,-16.0, -16.7, 25.0,-32.0 
1050.4,-14.5,-14.7,-15.5,-16.0, -16.8, 25.0,-32.2 
1051.5,-14.4,-14.6,-15.6,-16.0, -16.8, 25.0,-32.1 
1052.6,-14.5,-14.7,-15.7,-16.0, -16.8, 25.0,-32.2 
1053.7,-14.4,-14.8,-15.8,-16.1, -16.9, 25.0,-32.2 
1054.8,-14.5,-14.8,-15.7,-16.1, -16.8, 25.0,-32.2 
1055.9,-14.6,-14.8,-15.8,-16.1, -16.9, 25.0,-32.3 
1057.0,-14.6,-14.9,-15.9,-16.1, -17.0, 25.0,-32.3 
1058.1,-14.6,-14.9,-15.8,-16.1, -16.9, 25.0,-32.3 
1059.3,-14.5,-15.0,-15.9,-16.1, -17.0, 25.0,-32.3 
1060.4,-14.6,-15.0,-15.9,-16.1, -17.0, 25.0,-32.3 
1061.5,-14.6,-15.0,-16.1,-16.2, -16.9, 25.0,-32.2 
1062.6,-14.8,-15.2,-16.0,-16.3, -17.0, 25.0,-32.3 
1063.8,-14.6,-15.0,-15.8,-16.2, -16.9,  0.0,-32.3 
1064.9,-14.7,-15.1,-16.0,-16.3, -17.0, 25.0,-32.3 
1066.0,-14.8,-15.0,-16.0,-16.4, -17.0,  0.0,-32.3 
1067.1,-14.8,-15.1,-16.1,-16.4, -17.1, 25.0,-32.4 
1068.2,-14.8,-15.2,-16.1,-16.4, -17.0, 25.0,-32.3 
1069.3,-14.8,-15.2,-16.1,-16.4, -17.1, 25.0,-32.4 
1070.4,-15.0,-15.2,-16.1,-16.4, -17.2, 25.0,-32.5 
1071.6,-14.9,-15.1,-16.1,-16.5, -17.2, 25.0,-32.4 
1072.7,-14.8,-15.2,-16.1,-16.4, -17.1, 25.0,-32.4 
1073.8,-14.8,-15.3,-16.0,-16.5, -17.2, 25.0,-32.5 
1074.9,-14.8,-15.4,-16.1,-16.6, -17.1, 25.0,-32.4 
1076.0,-14.9,-15.3,-16.2,-16.6, -17.2, 25.0,-32.5 
1077.1,-14.8,-15.4,-16.2,-16.6, -17.3, 25.0,-32.5 
1078.2,-14.9,-15.3,-16.2,-16.5, -17.2, 25.0,-32.5 
1079.3,-15.0,-15.4,-16.3,-16.6, -17.2, 25.0,-32.5 
1080.5,-15.0,-15.4,-16.3,-16.6, -17.4, 25.0,-32.6 
1081.6,-15.1,-15.5,-16.3,-16.7, -17.4, 25.0,-32.6 
1082.7,-15.2,-15.5,-16.4,-16.7, -17.4, 25.0,-32.6 
1083.8,-15.1,-15.4,-16.2,-16.7, -17.4, 25.0,-32.7 
1084.9,-15.1,-15.5,-16.4,-16.8, -17.4, 25.0,-32.6 
1086.0,-15.2,-15.6,-16.5,-16.8, -17.5, 25.0,-32.7 
1087.2,-15.1,-15.6,-16.4,-16.7, -17.5, 25.0,-32.8 
1088.3,-15.2,-15.6,-16.5,-16.8, -17.5, 25.0,-32.7 
1089.4,-15.2,-15.6,-16.4,-16.8, -17.5, 25.0,-32.8 
1090.5,-15.2,-15.6,-16.4,-16.8, -17.5, 25.0,-32.8 
1091.6,-15.3,-15.7,-16.6,-16.9, -17.6, 25.0,-32.8 
1092.7,-15.2,-15.6,-16.7,-17.0, -17.7, 25.0,-32.9 
1093.9,-15.3,-15.7,-16.7,-16.9, -17.6, 25.0,-32.9 
1095.0,-15.2,-15.7,-16.6,-17.0, -17.7, 25.0,-32.9 
1096.1,-15.3,-15.8,-16.5,-17.0, -17.6, 25.0,-32.8 
1097.2,-15.2,-15.8,-16.6,-17.1, -17.6, 25.0,-32.8 
1098.3,-15.3,-15.8,-16.8,-17.2, -17.8, 25.0,-33.0 
1099.4,-15.5,-15.9,-16.8,-17.1, -17.8, 25.0,-33.0 
1100.5,-15.5,-15.8,-16.9,-17.1, -17.8, 25.0,-33.0 
1101.6,-15.6,-15.9,-17.0,-17.1, -17.8, 25.0,-33.0 
1102.7,-15.6,-15.9,-16.8,-17.2, -18.0, 25.0,-33.1 
1103.9,-15.6,-16.0,-17.1,-17.2, -17.9, 25.0,-33.1 
1105.0,-15.6,-16.0,-16.9,-17.2, -17.9, 25.0,-33.1 
1106.1,-15.7,-16.0,-17.0,-17.3, -17.9, 25.0,-33.1 
1107.2,-15.7,-16.0,-17.0,-17.2, -18.0, 25.0,-33.1 
1108.3,-15.7,-16.0,-16.9,-17.3, -17.9,  0.0,-33.1 
1109.5,-15.8,-16.1,-17.2,-17.3, -18.0, 25.0,-33.2 
1110.7,-15.7,-16.0,-17.2,-17.2, -18.1,  0.0,-33.2 
1111.9,-15.8,-16.1,-17.0,-17.3, -18.0, 25.0,-33.2 
1113.0,-15.8,-16.2,-17.0,-17.4, -18.1, 25.0,-33.3 
1114.2,-15.8,-16.1,-17.2,-17.5, -18.0, 25.0,-33.2 
1115.4,-15.9,-16.1,-17.2,-17.4, -18.1, 25.0,-33.3 
1116.6,-15.8,-16.1,-17.1,-17.4, -18.1, 25.0,-33.2 
1117.8,-16.0,-16.2,-17.2,-17.5, -18.3, 25.0,-33.5 
1118.9,-16.0,-16.3,-17.2,-17.5, -18.4, 25.0,-33.5 
1120.1,-16.1,-16.2,-17.3,-17.6, -18.3, 25.0,-33.5 
1121.3,-16.0,-16.3,-17.2,-17.5, -18.2, 25.0,-33.4 
1122.5,-16.0,-16.3,-17.4,-17.5, -18.2, 25.0,-33.4 
1123.6,-16.1,-16.2,-17.3,-17.5, -18.3, 25.0,-33.5 
1124.8,-16.2,-16.3,-17.4,-17.6, -18.4, 25.0,-33.5 
1126.0,-16.2,-16.3,-17.4,-17.6, -18.3, 25.0,-33.4 
1127.2,-16.2,-16.4,-17.4,-17.7, -18.3, 25.0,-33.4 
1128.3,-16.1,-16.5,-17.4,-17.8, -18.4,  0.0,-33.4 
1129.4,-16.1,-16.4,-17.4,-17.7, -18.2, 25.0,-33.4 
1130.6,-16.1,-16.4,-17.4,-17.7, -18.4, 25.0,-33.5 
1131.7,-16.1,-16.5,-17.4,-17.8, -18.4, 25.0,-33.5 
1132.8,-16.1,-16.6,-17.5,-17.8, -18.4, 25.0,-33.5 
1133.9,-16.3,-16.5,-17.5,-17.8, -18.4, 25.0,-33.5 
1135.0,-16.3,-16.6,-17.6,-17.8, -18.6,  0.0,-33.5 
1136.1,-16.2,-16.5,-17.6,-17.9, -18.5, 25.0,-33.6 
1137.2,-16.3,-16.5,-17.5,-17.8, -18.4, 25.0,-33.5 
1138.3,-16.4,-16.7,-17.8,-17.9, -18.5, 25.0,-33.6 
1139.5,-16.4,-16.6,-17.8,-18.0, -18.5, 25.0,-33.6 
1140.6,-16.4,-16.6,-17.8,-18.0, -18.7,  0.0,-33.6 
1141.7,-16.4,-16.7,-17.8,-17.9, -18.7, 25.0,-33.7 
1142.8,-16.4,-16.7,-17.8,-18.0, -18.7,  0.0,-33.7 
1143.9,-16.5,-16.8,-17.8,-18.0, -18.8, 25.0,-33.8 
1145.0,-16.6,-16.7,-17.8,-18.0, -18.9, 25.0,-33.9 
1146.2,-16.5,-16.8,-17.9,-18.0, -18.8, 25.0,-33.8 
1147.3,-16.5,-16.8,-18.0,-18.0, -18.8, 25.0,-33.9 
1148.4,-16.6,-16.8,-17.8,-18.0, -18.8, 25.0,-33.8 
1149.5,-16.7,-16.8,-17.6,-18.1, -18.8,  0.0,-33.8 
1150.6,-16.7,-16.8,-17.8,-18.1, -18.8, 25.0,-33.9 
1151.7,-16.7,-16.9,-17.9,-18.1, -19.0, 25.0,-34.0 
1152.8,-16.7,-17.0,-18.0,-18.1, -19.0, 25.0,-34.0 
1153.9,-16.6,-16.9,-17.9,-18.0, -18.9, 25.0,-34.0 
1155.0,-16.6,-17.0,-17.8,-18.1, -18.8,  0.0,-34.0 
1156.2,-16.7,-17.1,-17.8,-18.4, -18.8, 25.0,-33.9 
1157.3,-16.5,-17.1,-17.8,-18.2, -18.8, 25.0,-33.9 
1158.4,-16.6,-17.0,-17.9,-18.3, -18.9,  0.0,-33.9 
1159.5,-16.7,-17.1,-18.0,-18.4, -19.0,  0.0,-33.9 
1160.6,-16.7,-17.1,-18.0,-18.4, -19.0,  0.0,-33.9 
1161.7,-16.8,-17.2,-18.1,-18.4, -19.1, 25.0,-34.1 
1162.9,-16.8,-17.1,-18.1,-18.4, -19.0, 25.0,-34.0 
1164.0,-16.8,-17.2,-18.0,-18.5, -19.1, 25.0,-34.1 
1165.2,-16.8,-17.2,-18.1,-18.5, -19.1, 25.0,-34.2 
1166.4,-16.9,-17.2,-17.9,-18.5, -19.0, 25.0,-34.1 
1167.6,-16.8,-17.3,-18.0,-18.4, -19.0, 25.0,-34.1 
1168.7,-17.0,-17.2,-18.1,-18.5, -19.1, 25.0,-34.2 
1169.9,-16.9,-17.3,-18.0,-18.5, -19.0, 25.0,-34.1 
1171.1,-17.0,-17.2,-18.1,-18.5, -19.1, 25.0,-34.2 
1172.3,-17.1,-17.4,-18.2,-18.7, -19.3, 25.0,-34.3 
1173.4,-17.1,-17.4,-18.4,-18.7, -19.1, 25.0,-34.2 
1174.6,-17.2,-17.3,-18.3,-18.6, -19.2,  0.0,-34.2 
1175.8,-17.2,-17.4,-18.4,-18.8, -19.3,  0.0,-34.2 
1176.9,-17.1,-17.5,-18.4,-18.8, -19.3, 25.0,-34.3 
1178.1,-17.2,-17.5,-18.5,-18.8, -19.4, 25.0,-34.4 
1179.3,-17.2,-17.5,-18.5,-18.7, -19.4, 25.0,-34.4 
1180.4,-17.3,-17.5,-18.5,-18.8, -19.4, 25.0,-34.4 
1181.6,-17.2,-17.5,-18.7,-18.8, -19.4, 25.0,-34.4 
1182.8,-17.4,-17.5,-18.7,-18.8, -19.4, 25.0,-34.4 
1183.9,-17.4,-17.6,-18.5,-18.8, -19.4, 25.0,-34.4 
1185.1,-17.2,-17.7,-18.5,-18.8, -19.4, 25.0,-34.4 
1186.2,-17.3,-17.6,-18.6,-18.9, -19.5, 25.0,-34.5 
1187.3,-17.4,-17.7,-18.7,-18.8, -19.6, 25.0,-34.6 
1188.4,-17.5,-17.6,-18.8,-19.0, -19.6, 25.0,-34.5 
1189.5,-17.5,-17.8,-19.0,-19.0, -19.6,  0.0,-34.5 
1190.6,-17.5,-17.8,-18.9,-18.9, -19.7, 25.0,-34.6 
1191.7,-17.5,-17.8,-18.8,-19.1, -19.6,  0.0,-34.6 
1192.8,-17.5,-17.8,-18.8,-19.0, -19.6, 25.0,-34.6 
1194.0,-17.5,-17.8,-18.8,-19.0, -19.6, 25.0,-34.6 
1195.1,-17.7,-17.8,-19.0,-19.0, -19.6, 25.0,-34.6 
1196.2,-17.6,-17.8,-18.9,-19.1, -19.7, 25.0,-34.6 
1197.3,-17.7,-17.8,-19.0,-19.2, -19.8, 25.0,-34.7 
1198.4,-17.6,-17.8,-18.9,-19.1, -19.7, 25.0,-34.6 
1199.5,-17.7,-18.0,-19.1,-19.3, -19.9, 25.0,-34.8 
1200.6,-17.8,-18.0,-19.1,-19.2, -19.8,  0.0,-34.8 
1201.7,-17.7,-18.1,-19.0,-19.3, -19.9, 25.0,-34.8 
1202.8,-17.8,-18.1,-19.0,-19.3, -19.9,  0.0,-34.8 
1204.0,-17.8,-18.0,-19.1,-19.2, -19.8,  0.0,-34.8 
1205.1,-17.8,-18.1,-19.1,-19.3, -19.9, 25.0,-34.8 
1206.2,-17.8,-18.0,-19.1,-19.4, -20.0, 25.0,-34.9 
1207.3,-17.8,-18.0,-19.1,-19.3, -19.9, 25.0,-34.8 
1208.4,-17.8,-18.0,-19.1,-19.2, -19.8, 25.0,-34.8 
1209.5,-17.8,-18.1,-19.3,-19.3, -19.9, 25.0,-34.8 
1210.6,-17.9,-18.1,-19.4,-19.4, -20.0, 25.0,-34.9 
1211.7,-17.8,-18.1,-19.3,-19.4, -20.1, 25.0,-35.0 
1212.8,-17.8,-18.2,-19.3,-19.4, -20.1, 25.0,-35.0 
1214.0,-17.9,-18.4,-19.3,-19.6, -20.0, 25.0,-34.9 
1215.1,-18.0,-18.4,-19.3,-19.6, -20.1, 25.0,-35.0 
1216.2,-18.0,-18.3,-19.4,-19.5, -20.2, 25.0,-35.0 
1217.3,-18.0,-18.4,-19.1,-19.6, -20.1, 25.0,-35.0 
1218.4,-18.0,-18.3,-19.2,-19.5, -20.0, 25.0,-34.9 
1219.5,-18.1,-18.4,-19.3,-19.6, -20.1,  0.0,-34.9 
1220.6,-18.1,-18.4,-19.4,-19.7, -20.2, 25.0,-35.1 
1221.7,-18.1,-18.4,-19.4,-19.7, -20.2,  0.0,-35.1 
1222.9,-18.0,-18.3,-19.4,-19.7, -20.2, 25.0,-35.0 
1224.0,-18.1,-18.5,-19.4,-19.7, -20.2,  0.0,-35.0 
1225.1,-18.1,-18.4,-19.4,-19.7, -20.2,  0.0,-35.0 
1226.2,-18.2,-18.5,-19.5,-19.7, -20.3, 25.0,-35.2 
1227.3,-18.3,-18.6,-19.6,-19.8, -20.4, 25.0,-35.3 
1228.4,-18.0,-18.5,-19.4,-19.7, -20.3, 25.0,-35.2 
1229.5,-18.3,-18.6,-19.6,-19.8, -20.6, 25.0,-35.4 
1230.7,-18.4,-18.7,-19.6,-19.9, -20.5, 25.0,-35.3 
1231.8,-18.4,-18.7,-19.6,-19.9, -20.5, 25.0,-35.4 
1232.9,-18.3,-18.6,-19.5,-19.8, -20.5, 25.0,-35.3 
1234.0,-18.4,-18.7,-19.6,-19.9, -20.5, 25.0,-35.4 
1235.1,-18.4,-18.7,-19.6,-19.9, -20.5,  0.0,-35.4 
1236.2,-18.4,-18.8,-19.6,-19.9, -20.6,  0.0,-35.4 
1237.3,-18.4,-18.8,-19.5,-20.1, -20.6, 25.0,-35.4 
1238.4,-18.4,-18.8,-19.4,-20.1, -20.5, 25.0,-35.4 
1239.5,-18.4,-19.0,-19.7,-20.1, -20.5, 25.0,-35.4 
1240.7,-18.5,-19.0,-19.7,-20.0, -20.5, 25.0,-35.3 
1241.8,-18.4,-19.0,-19.7,-20.0, -20.5,  0.0,-35.3 
1242.9,-18.5,-18.9,-19.7,-20.0, -20.6, 25.0,-35.4 
1244.0,-18.5,-19.0,-19.7,-20.1, -20.5, 25.0,-35.4 
1245.1,-18.7,-19.0,-19.7,-20.1, -20.7, 25.0,-35.5 
1246.2,-18.7,-19.0,-19.9,-20.2, -20.7, 25.0,-35.5 
1247.3,-18.7,-19.0,-19.8,-20.1, -20.7, 25.0,-35.6 
1248.4,-18.7,-19.0,-19.9,-20.2, -20.8, 25.0,-35.6 
1249.5,-18.7,-19.0,-19.9,-20.2, -20.9, 25.0,-35.7 
1250.6,-18.6,-18.9,-19.8,-20.2, -20.8,  0.0,-35.7 
1251.7,-18.7,-19.0,-19.9,-20.2, -20.9, 25.0,-35.7 
1252.8,-18.7,-19.1,-19.9,-20.2, -20.8,  0.0,-35.7 
1254.0,-18.7,-19.1,-19.9,-20.2, -20.7, 25.0,-35.5 
1255.1,-18.7,-19.1,-19.9,-20.2, -20.7, 25.0,-35.5 
1256.2,-18.8,-19.1,-20.1,-20.4, -20.9, 25.0,-35.7 
1257.3,-18.9,-19.2,-19.8,-20.5, -20.9, 25.0,-35.7 
1258.4,-18.7,-19.0,-19.6,-20.3, -20.6, 25.0,-35.4 
1259.5,-18.8,-19.1,-20.1,-20.4, -20.9,  0.0,-35.4 
1260.6,-18.9,-19.2,-20.1,-20.3, -20.8, 25.0,-35.6 
1261.7,-19.0,-19.3,-20.2,-20.4, -20.9, 25.0,-35.7 
1262.8,-18.9,-19.2,-20.3,-20.5, -21.0, 25.0,-35.7 
1263.9,-19.0,-19.3,-20.4,-20.5, -21.0,  0.0,-35.7 
1265.0,-19.0,-19.3,-20.2,-20.5, -21.0, 25.0,-35.8 
1266.2,-19.0,-19.3,-20.2,-20.5, -21.2,  0.0,-35.8 
1267.3,-19.1,-19.3,-20.2,-20.6, -21.0, 25.0,-35.8 
1268.4,-19.2,-19.3,-20.1,-20.6, -21.1, 25.0,-35.8 
1269.5,-19.1,-19.3,-20.1,-20.5, -21.2, 25.0,-35.9 
1270.6,-19.2,-19.4,-20.3,-20.6, -21.1, 25.0,-35.9 
1271.7,-19.1,-19.4,-20.2,-20.7, -21.2,  0.0,-35.9 
1272.8,-19.1,-19.5,-20.2,-20.6, -21.1, 25.0,-35.9 
1273.9,-19.1,-19.6,-20.4,-20.7, -21.4, 25.0,-36.1 
1275.0,-19.1,-19.5,-20.5,-20.6, -21.3,  0.0,-36.1 
1276.1,-19.2,-19.6,-20.6,-20.7, -21.2, 25.0,-36.0 
1277.3,-19.2,-19.6,-20.6,-20.7, -21.2, 25.0,-36.0 
1278.4,-19.3,-19.6,-20.5,-20.9, -21.2, 25.0,-35.9 
1279.5,-19.3,-19.6,-20.5,-20.9, -21.4, 25.0,-36.1 
1280.6,-19.2,-19.5,-20.3,-20.7, -21.3, 25.0,-36.1 
1281.7,-19.4,-19.7,-20.5,-20.9, -21.4, 25.0,-36.1 
1282.8,-19.4,-19.7,-20.5,-21.0, -21.5, 25.0,-36.2 
1283.9,-19.4,-19.7,-20.5,-20.9, -21.5, 25.0,-36.2 
1285.0,-19.4,-19.7,-20.7,-21.0, -21.5, 25.0,-36.2 
1286.1,-19.4,-19.7,-20.7,-21.0, -21.5, 25.0,-36.2 
1287.2,-19.6,-19.8,-20.7,-21.1, -21.6, 25.0,-36.3 
1288.3,-19.7,-19.9,-21.0,-21.0, -21.7, 25.0,-36.3 
1289.4,-19.6,-19.9,-20.9,-21.0, -21.5, 25.0,-36.2 
1290.5,-19.5,-19.8,-20.8,-21.1, -21.6, 25.0,-36.3 
1291.6,-19.6,-19.9,-21.0,-21.0, -21.5,  0.0,-36.3 
1292.8,-19.6,-19.9,-21.0,-21.2, -21.7, 25.0,-36.3 
1293.9,-19.6,-19.9,-21.0,-21.2, -21.5, 25.0,-36.2 
1295.0,-19.7,-20.0,-21.0,-21.1, -21.6, 25.0,-36.3 
1296.1,-19.6,-20.1,-20.9,-21.2, -21.7, 25.0,-36.4 
1297.2,-19.6,-19.9,-20.9,-21.1, -21.7, 25.0,-36.4 
1298.3,-19.7,-20.1,-21.0,-21.2, -21.7, 25.0,-36.4 
1299.4,-19.7,-20.1,-21.0,-21.2, -21.7, 25.0,-36.4 
1300.5,-19.7,-20.2,-21.0,-21.3, -21.8, 25.0,-36.5 
1301.6,-19.7,-20.0,-21.0,-21.3, -21.7, 25.0,-36.3 
1302.7,-19.8,-20.2,-21.0,-21.3, -21.8, 25.0,-36.5 
1303.8,-19.7,-20.2,-21.0,-21.3, -21.8, 25.0,-36.5 
1305.0,-19.8,-20.2,-21.1,-21.3, -21.8, 25.0,-36.5 
1306.1,-19.9,-20.2,-21.2,-21.4, -21.9, 25.0,-36.5 
1307.2,-19.9,-20.2,-21.2,-21.4, -21.9, 25.0,-36.5 
1308.3,-19.9,-20.3,-21.0,-21.3, -21.8, 25.0,-36.5 
1309.4,-19.9,-20.4,-21.0,-21.5, -21.9, 25.0,-36.5 
1310.5,-20.0,-20.3,-21.2,-21.5, -22.0, 25.0,-36.6 
1311.6,-19.9,-20.4,-21.2,-21.5, -21.9, 25.0,-36.5 
1312.7,-20.0,-20.5,-21.1,-21.6, -21.9, 25.0,-36.6 
1313.8,-19.9,-20.4,-21.0,-21.5, -22.1, 25.0,-36.7 
1315.0,-20.0,-20.5,-21.3,-21.4, -22.1, 25.0,-36.7 
1316.1,-20.1,-20.4,-21.2,-21.5, -22.0, 25.0,-36.7 
1317.2,-20.1,-20.6,-21.2,-21.6, -22.1, 25.0,-36.7 
1318.3,-20.2,-20.5,-21.2,-21.7, -22.2, 25.0,-36.8 
1319.4,-20.0,-20.5,-21.2,-21.7, -22.0,  0.0,-36.8 
1320.5,-20.2,-20.5,-21.3,-21.7, -22.2, 25.0,-36.8 
1321.6,-20.1,-20.6,-21.4,-21.7, -22.3, 25.0,-36.9 
1322.7,-20.1,-20.6,-21.4,-21.6, -22.3, 25.0,-36.9 
1323.8,-20.2,-20.6,-21.5,-21.6, -22.3, 25.0,-36.9 
1324.9,-20.2,-20.6,-21.5,-21.8, -22.3, 25.0,-36.9 
1326.1,-20.3,-20.6,-21.3,-21.8, -22.3, 25.0,-36.9 
1327.2,-20.2,-20.7,-21.4,-21.7, -22.4, 25.0,-37.0 
1328.3,-20.4,-20.7,-21.5,-21.9, -22.4, 25.0,-37.0 
1329.4,-20.4,-20.9,-21.5,-21.9, -22.5, 25.0,-37.1 
1330.6,-20.5,-20.9,-21.7,-21.9, -22.5, 25.0,-37.1 
1331.7,-20.5,-20.8,-21.6,-21.8, -22.5, 25.0,-37.1 
1332.9,-20.5,-20.8,-21.6,-21.8, -22.5, 25.0,-37.1 
1334.1,-20.4,-20.7,-21.5,-21.9, -22.4, 25.0,-37.0 
1335.3,-20.3,-20.8,-21.5,-21.8, -22.3, 25.0,-36.9 
1336.4,-20.4,-20.9,-21.5,-21.9, -22.4,  0.0,-36.9 
1337.6,-20.5,-20.8,-21.6,-21.9, -22.5, 25.0,-37.0 
1338.8,-20.5,-20.8,-21.8,-21.9, -22.5, 25.0,-37.0 
1340.0,-20.5,-20.9,-21.7,-22.0, -22.5,  0.0,-37.0 
1341.2,-20.6,-21.0,-21.6,-22.1, -22.5, 25.0,-37.1 
1342.3,-20.5,-20.8,-21.7,-22.0, -22.5, 25.0,-37.1 
1343.5,-20.5,-21.0,-21.7,-22.2, -22.5, 25.0,-37.1 
1344.7,-20.5,-21.0,-21.7,-22.2, -22.5, 25.0,-37.1 
1345.9,-20.5,-21.0,-21.7,-22.2, -22.5, 25.0,-37.1 
1347.1,-20.7,-21.0,-21.7,-22.0, -22.6, 25.0,-37.1 
1348.2,-20.7,-21.2,-21.9,-22.2, -22.7, 25.0,-37.3 
1349.4,-20.8,-21.1,-21.9,-22.3, -22.6,  0.0,-37.3 
1350.5,-20.9,-21.2,-22.0,-22.4, -22.7,  0.0,-37.3 
1351.6,-20.8,-21.2,-21.8,-22.2, -22.7,  0.0,-37.3 
1352.7,-20.8,-21.3,-22.0,-22.3, -22.9, 25.0,-37.4 
1353.8,-20.9,-21.2,-21.9,-22.4, -22.7, 25.0,-37.3 
1354.9,-21.0,-21.3,-22.0,-22.3, -22.8, 25.0,-37.4 
1356.0,-20.9,-21.4,-22.0,-22.4, -22.9,  0.0,-37.4 
1357.2,-20.9,-21.2,-22.1,-22.4, -23.0, 25.0,-37.5 
1358.3,-21.0,-21.4,-22.2,-22.4, -22.9, 25.0,-37.4 
1359.4,-20.9,-21.3,-22.3,-22.5, -22.8, 25.0,-37.4 
1360.5,-21.0,-21.4,-22.2,-22.5, -22.9, 25.0,-37.4 
1361.6,-21.0,-21.4,-22.2,-22.5, -22.9,  0.0,-37.4 
1362.7,-21.0,-21.3,-22.0,-22.5, -23.0, 25.0,-37.6 
1363.9,-21.0,-21.4,-22.2,-22.5, -23.1, 25.0,-37.6 
1365.0,-21.1,-21.5,-22.3,-22.5, -23.2, 25.0,-37.7 
1366.1,-21.2,-21.5,-22.4,-22.5, -23.1, 25.0,-37.6 
1367.2,-21.0,-21.5,-22.4,-22.6, -23.1, 25.0,-37.6 
1368.3,-21.2,-21.5,-22.5,-22.5, -23.3, 25.0,-37.7 
1369.5,-21.5,-21.5,-22.5,-22.7, -23.2, 25.0,-37.7 
1370.6,-21.4,-21.5,-22.5,-22.5, -23.1, 25.0,-37.6 
1371.7,-21.4,-21.5,-22.4,-22.7, -23.1, 25.0,-37.6 
1372.8,-21.2,-21.6,-22.4,-22.8, -23.0, 25.0,-37.5 
1373.9,-21.2,-21.7,-22.4,-22.7, -23.1, 25.0,-37.6 
1375.1,-21.3,-21.7,-22.5,-22.9, -23.2, 25.0,-37.7 
1376.2,-21.4,-21.7,-22.4,-22.7, -23.1,  0.0,-37.7 
1377.3,-21.2,-21.7,-22.4,-22.8, -23.1, 25.0,-37.6 
1378.4,-21.3,-21.7,-22.3,-22.7, -23.0, 25.0,-37.6 
1379.5,-21.3,-21.6,-22.3,-22.7, -23.2, 25.0,-37.7 
1380.6,-21.4,-21.7,-22.5,-22.7, -23.3, 25.0,-37.7 
1381.8,-21.5,-21.7,-22.5,-22.9, -23.3, 25.0,-37.7 
1382.9,-21.4,-21.7,-22.6,-23.0, -23.3,  0.0,-37.7 
1384.0,-21.5,-21.7,-22.5,-22.9, -23.2,  0.0,-37.7 
1385.1,-21.5,-21.8,-22.5,-22.8, -23.4, 25.0,-37.8 
1386.2,-21.5,-21.7,-22.4,-22.9, -23.3, 25.0,-37.8 
1387.4,-21.6,-21.8,-22.5,-23.0, -23.5, 25.0,-38.0 
1388.5,-21.5,-21.9,-22.5,-22.9, -23.6, 25.0,-38.1 
1389.6,-21.5,-21.8,-22.5,-23.0, -23.4, 25.0,-37.8 
1390.7,-21.5,-21.9,-22.5,-23.1, -23.4, 25.0,-37.9 
1391.8,-21.5,-21.8,-22.7,-23.0, -23.4, 25.0,-37.9 
1393.0,-21.5,-21.9,-22.6,-22.9, -23.5, 25.0,-37.9 
1394.1,-21.7,-21.9,-22.7,-23.1, -23.4, 25.0,-37.9 
1395.2,-21.6,-22.0,-22.8,-23.0, -23.6, 25.0,-38.0 
1396.3,-21.7,-22.0,-22.9,-23.1, -23.6, 25.0,-38.1 
1397.4,-21.9,-22.1,-22.9,-23.1, -23.7, 25.0,-38.1 
1398.5,-21.9,-22.0,-22.9,-23.1, -23.6, 25.0,-38.1 
1399.6,-21.8,-22.1,-22.8,-23.2, -23.5, 25.0,-38.0 
1400.8,-21.9,-22.2,-22.9,-23.3, -23.6, 25.0,-38.1 
1401.9,-21.9,-22.2,-22.9,-23.3, -23.8,  0.0,-38.1 
1403.0,-22.1,-22.2,-22.9,-23.3, -23.7, 25.0,-38.1 
1404.1,-21.9,-22.2,-23.1,-23.3, -23.8, 25.0,-38.2 
1405.2,-22.0,-22.3,-23.0,-23.4, -23.8, 25.0,-38.2 
1406.4,-22.0,-22.2,-23.1,-23.3, -23.8, 25.0,-38.2 
1407.5,-22.1,-22.2,-22.9,-23.3, -23.7, 25.0,-38.1 
1408.6,-22.0,-22.4,-23.3,-23.4, -23.8, 25.0,-38.2 
1409.7,-22.0,-22.1,-23.2,-23.4, -23.8,  0.0,-38.2 
1410.8,-22.0,-22.2,-23.3,-23.4, -23.8,  0.0,-38.2 
1411.9,-22.0,-22.4,-23.1,-23.6, -23.8, 25.0,-38.2 
1413.1,-22.1,-22.3,-23.1,-23.5, -23.9, 25.0,-38.3 
1414.2,-22.0,-22.4,-23.1,-23.6, -24.0, 25.0,-38.4 
1415.3,-22.1,-22.5,-23.2,-23.6, -23.9, 25.0,-38.3 
1416.4,-22.2,-22.6,-23.3,-23.6, -24.0,  0.0,-38.3 
1417.5,-22.2,-22.4,-23.3,-23.7, -24.0, 25.0,-38.4 
1419.3,-22.3,-22.5,-23.4,-23.6, -24.2, 25.0,-38.5 
1420.4,-22.4,-22.5,-23.3,-23.6, -24.0,  0.0,-38.5 
1421.5,-22.3,-22.7,-23.4,-23.6, -24.1, 25.0,-38.5 
1422.6,-22.2,-22.5,-23.6,-23.8, -24.2, 25.0,-38.5 
1423.7,-22.3,-22.5,-23.6,-23.6, -24.1,  0.0,-38.5 
1424.8,-22.4,-22.5,-23.6,-23.6, -24.2,  0.0,-38.5 
1426.0,-22.4,-22.5,-23.8,-23.6, -24.2, 25.0,-38.5 
1427.1,-22.4,-22.7,-23.6,-23.8, -24.2, 25.0,-38.5 
1428.2,-22.5,-22.7,-23.8,-23.8, -24.3, 25.0,-38.7 
1429.3,-22.5,-22.7,-23.8,-23.8, -24.3, 25.0,-38.7 
1430.4,-22.5,-22.7,-23.6,-23.8, -24.2,  0.0,-38.7 
1431.6,-22.5,-22.7,-23.6,-23.9, -24.1, 25.0,-38.5 
1432.8,-22.5,-22.7,-23.6,-23.8, -24.2,  0.0,-38.5 
1434.0,-22.4,-22.7,-23.6,-24.0, -24.2,  0.0,-38.5 
1435.1,-22.5,-22.9,-23.8,-24.0, -24.3, 25.0,-38.7 
1436.3,-22.5,-22.9,-23.6,-24.0, -24.4, 25.0,-38.7 
1437.5,-22.6,-22.8,-23.7,-23.9, -24.4, 25.0,-38.8 
1438.7,-22.5,-22.9,-23.6,-24.0, -24.4, 25.0,-38.7 
1439.9,-22.5,-22.9,-23.6,-24.0, -24.4,  0.0,-38.7 
1441.0,-22.5,-22.9,-23.8,-24.0, -24.3, 25.0,-38.7 
1442.2,-22.5,-22.9,-23.6,-24.0, -24.4, 25.0,-38.7 
1443.4,-22.7,-22.9,-23.8,-24.2, -24.3, 25.0,-38.7 
1444.6,-22.7,-22.9,-23.6,-24.0, -24.4, 25.0,-38.7 
1445.8,-22.7,-23.0,-23.8,-24.2, -24.5, 25.0,-38.8 
1446.9,-22.7,-23.0,-23.8,-24.2, -24.5, 25.0,-38.8 
1448.1,-22.9,-23.0,-24.0,-24.2, -24.5, 25.0,-38.8 
1449.3,-22.9,-23.0,-23.8,-24.2, -24.5, 25.0,-38.8 
1450.5,-22.9,-23.0,-23.8,-24.2, -24.5,  0.0,-38.8 
1451.6,-22.8,-23.0,-23.8,-24.1, -24.5, 25.0,-38.8 
1452.8,-22.9,-23.3,-23.8,-24.4, -24.6, 25.0,-38.9 
1453.9,-22.8,-23.2,-23.9,-24.3, -24.7, 25.0,-39.0 
1455.0,-22.9,-23.3,-24.0,-24.4, -24.6, 25.0,-38.9 
1456.1,-22.9,-23.3,-24.0,-24.4, -24.7, 25.0,-39.0 
1457.3,-23.0,-23.3,-23.9,-24.1, -24.5, 25.0,-38.8 
1458.4,-23.0,-23.2,-24.1,-24.3, -24.7,  0.0,-38.8 
1459.5,-23.0,-23.2,-24.2,-24.3, -24.7, 25.0,-39.0 
1460.6,-23.1,-23.3,-24.2,-24.4, -24.7,  0.0,-39.0 
1461.7,-23.0,-23.2,-24.2,-24.3, -24.7, 25.0,-39.0 
1462.8,-23.1,-23.3,-24.2,-24.4, -24.7,  0.0,-39.0 
1464.0,-23.0,-23.4,-24.1,-24.3, -24.7,  0.0,-39.0 
1465.1,-23.3,-23.4,-24.4,-24.6, -24.9,  0.0,-39.0 
1466.2,-23.1,-23.4,-24.4,-24.6, -24.9, 25.0,-39.2 
1467.4,-23.1,-23.5,-24.3,-24.5, -24.8, 25.0,-39.1 
1468.5,-23.3,-23.6,-24.4,-24.6, -25.0, 25.0,-39.2 
1469.6,-23.2,-23.6,-24.3,-24.5, -24.9, 25.0,-39.2 
1470.7,-23.3,-23.6,-24.4,-24.6, -24.9, 25.0,-39.2 
1471.8,-23.4,-23.6,-24.5,-24.7, -24.9, 25.0,-39.2 
1472.9,-23.3,-23.6,-24.6,-24.6, -24.9, 25.0,-39.2 
1474.0,-23.4,-23.6,-24.6,-24.6, -24.9, 25.0,-39.2 
1475.2,-23.4,-23.6,-24.5,-24.5, -24.9, 25.0,-39.2 
1476.3,-23.4,-23.6,-24.6,-24.7, -24.9, 25.0,-39.2 
1477.4,-23.5,-23.7,-24.6,-24.6, -25.0, 25.0,-39.3 
1478.5,-23.4,-23.6,-24.6,-24.7, -25.1, 25.0,-39.4 
1479.6,-23.4,-23.6,-24.6,-24.7, -25.1,  0.0,-39.4 
1480.7,-23.4,-23.6,-24.6,-24.7, -25.1,  0.0,-39.4 
1481.9,-23.4,-23.8,-24.6,-24.7, -25.1, 25.0,-39.4 
1483.0,-23.6,-23.8,-24.6,-24.7, -25.1, 25.0,-39.4 
1484.1,-23.6,-23.8,-24.7,-24.7, -25.1, 25.0,-39.4 
1485.2,-23.6,-23.8,-24.6,-24.7, -25.1,  0.0,-39.4 
1486.3,-23.6,-23.8,-24.7,-24.7, -25.1,  0.0,-39.4 
1487.5,-23.7,-23.9,-24.8,-24.8, -25.2, 25.0,-39.4 
1488.6,-23.6,-23.8,-24.7,-24.7, -25.3, 25.0,-39.5 
1489.7,-23.6,-24.0,-24.7,-24.9, -25.3, 25.0,-39.5 
1490.8,-23.6,-24.0,-24.8,-25.0, -25.4, 25.0,-39.6 
1491.9,-23.8,-24.0,-24.7,-24.9, -25.3, 25.0,-39.5 
1493.1,-23.8,-24.0,-24.9,-24.9, -25.3, 25.0,-39.5 
1494.2,-23.8,-24.0,-25.0,-25.0, -25.4, 25.0,-39.6 
1495.3,-23.8,-24.0,-24.9,-25.1, -25.5, 25.0,-39.7 
1496.4,-24.0,-24.0,-25.1,-25.1, -25.5,  0.0,-39.7 
1497.5,-23.9,-24.0,-25.0,-25.0, -25.4, 25.0,-39.6 
1498.7,-23.8,-24.2,-24.9,-25.1, -25.5, 25.0,-39.7 
1499.8,-23.8,-24.2,-24.9,-25.1, -25.5, 25.0,-39.7 
1500.9,-24.0,-24.2,-25.1,-25.1, -25.5, 25.0,-39.7 
1502.0,-23.8,-24.2,-25.1,-25.1, -25.5, 25.0,-39.7 
1503.1,-23.8,-24.2,-24.9,-25.1, -25.5, 25.0,-39.7 
1504.3,-23.8,-24.2,-24.9,-25.1, -25.5, 25.0,-39.7 
1505.4,-23.9,-24.2,-25.0,-25.2, -25.6, 25.0,-39.8 
1506.5,-24.0,-24.2,-24.7,-25.1, -25.5, 25.0,-39.7 
1507.6,-24.1,-24.3,-25.0,-25.2, -25.6, 25.0,-39.8 
1508.7,-24.0,-24.4,-25.0,-25.4, -25.8, 25.0,-39.9 
1509.8,-24.2,-24.3,-25.1,-25.3, -25.7, 25.0,-39.9 
1510.9,-24.0,-24.4,-25.1,-25.3, -25.5, 25.0,-39.7 
1512.1,-23.9,-24.3,-25.1,-25.3, -25.5, 25.0,-39.7 
1513.2,-24.0,-24.4,-24.9,-25.3, -25.5, 25.0,-39.7 
1514.3,-24.0,-24.4,-24.9,-25.3, -25.7,  0.0,-39.7 
1515.4,-24.1,-24.3,-24.9,-25.1, -25.5, 25.0,-39.7 
1516.5,-24.2,-24.6,-25.1,-25.3, -25.7, 25.0,-39.9 
1517.7,-24.1,-24.6,-25.2,-25.4, -25.8, 25.0,-40.0 
1518.8,-24.0,-24.6,-25.3,-25.5, -25.7, 25.0,-39.9 
1519.9,-24.2,-24.5,-25.3,-25.5, -25.7, 25.0,-39.9 
1521.0,-24.2,-24.6,-25.3,-25.5, -25.7, 25.0,-39.9 
1522.1,-24.1,-24.5,-25.3,-25.5, -25.7,  0.0,-39.9 
1523.2,-24.2,-24.6,-25.3,-25.5, -25.9, 25.0,-40.1 
1524.3,-24.2,-24.7,-25.3,-25.5, -25.9, 25.0,-40.1 
1525.5,-24.2,-24.6,-25.2,-25.6, -25.8, 25.0,-40.0 
1526.6,-24.4,-24.6,-25.3,-25.5, -25.9, 25.0,-40.1 
1527.7,-24.2,-24.6,-25.4,-25.6, -26.0, 25.0,-40.1 
1528.8,-24.4,-24.8,-25.4,-25.8, -26.0, 25.0,-40.1 
1529.9,-24.3,-24.7,-25.5,-25.7, -25.9, 25.0,-40.0 
1531.0,-24.4,-24.7,-25.3,-25.5, -25.9, 25.0,-40.1 
1532.1,-24.3,-24.7,-25.3,-25.5, -25.9, 25.0,-40.0 
1533.2,-24.4,-24.7,-25.3,-25.7, -25.9, 25.0,-40.1 
1534.3,-24.6,-24.7,-25.3,-25.7, -25.9, 25.0,-40.1 
1535.5,-24.4,-24.8,-25.4,-25.8, -26.0, 25.0,-40.1 
1536.6,-24.4,-24.7,-25.5,-25.7, -25.9, 25.0,-40.1 
1537.7,-24.4,-24.8,-25.6,-25.8, -26.0, 25.0,-40.1 
1538.8,-24.4,-24.7,-25.5,-25.9, -25.9,  0.0,-40.1 
1539.9,-24.5,-24.9,-25.7,-25.9, -26.1, 25.0,-40.2 
1541.0,-24.5,-24.7,-25.7,-25.9, -26.1, 25.0,-40.2 
1542.1,-24.7,-24.9,-25.7,-25.9, -26.1, 25.0,-40.2 
1543.2,-24.7,-24.9,-25.7,-25.9, -26.1,  0.0,-40.2 
1544.4,-24.7,-24.9,-25.9,-25.9, -26.4, 25.0,-40.4 
1545.5,-24.8,-25.0,-25.8,-26.0, -26.3, 25.0,-40.3 
1546.6,-24.7,-24.9,-25.7,-25.9, -26.4, 25.0,-40.4 
1547.7,-24.8,-25.0,-25.8,-26.0, -26.4, 25.0,-40.5 
1548.8,-24.7,-25.1,-25.9,-25.9, -26.4,  0.0,-40.5 
1549.9,-24.7,-25.1,-25.9,-26.1, -26.5, 25.0,-40.5 
1551.0,-24.7,-25.1,-25.9,-26.1, -26.4, 25.0,-40.4 
1552.1,-24.9,-25.1,-25.9,-26.1, -26.3, 25.0,-40.4 
1553.3,-24.9,-25.1,-25.9,-26.1, -26.4, 25.0,-40.4 
1554.4,-24.9,-25.1,-25.9,-26.1, -26.4,  0.0,-40.4 
1555.5,-25.0,-25.2,-26.0,-26.2, -26.4,  0.0,-40.4 
1556.6,-24.9,-25.3,-26.1,-26.1, -26.5, 25.0,-40.6 
1557.7,-25.1,-25.3,-26.1,-26.1, -26.5, 25.0,-40.6 
1558.8,-24.9,-25.3,-25.9,-26.1, -26.6, 25.0,-40.6 
1559.9,-25.1,-25.3,-25.9,-26.3, -26.7, 25.0,-40.8 
1561.0,-24.9,-25.3,-25.9,-26.1, -26.6,  0.0,-40.8 
1562.2,-25.1,-25.3,-26.1,-26.3, -26.7,  0.0,-40.8 
1563.3,-25.1,-25.3,-26.1,-26.4, -26.6, 25.0,-40.6 
1564.4,-25.1,-25.3,-26.1,-26.4, -26.6, 25.0,-40.6 
1565.5,-25.0,-25.4,-26.0,-26.3, -26.7, 25.0,-40.7 
1566.6,-25.1,-25.3,-26.1,-26.3, -26.5, 25.0,-40.6 
1567.7,-25.3,-25.5,-26.1,-26.3, -26.7,  0.0,-40.6 
1568.8,-25.1,-25.5,-26.1,-26.4, -26.8,  0.0,-40.6 
1569.9,-25.1,-25.5,-26.1,-26.3, -26.7, 25.0,-40.8 
1571.0,-25.1,-25.5,-26.1,-26.4, -26.8, 25.0,-40.8 
1572.1,-25.3,-25.5,-26.3,-26.5, -26.7, 25.0,-40.8 
1573.2,-25.3,-25.5,-26.1,-26.4, -26.8, 25.0,-40.8 
1574.4,-25.3,-25.5,-26.1,-26.4, -26.8, 25.0,-40.8 
1575.5,-25.3,-25.5,-26.1,-26.5, -26.9, 25.0,-40.9 
1576.6,-25.3,-25.7,-26.1,-26.6, -26.8, 25.0,-40.8 
1577.7,-25.2,-25.6,-26.2,-26.6, -26.6, 25.0,-40.7 
1578.8,-25.3,-25.7,-26.4,-26.6, -26.8, 25.0,-40.8 
1579.9,-25.3,-25.7,-26.3,-26.5, -26.7, 25.0,-40.7 
1581.0,-25.3,-25.7,-26.4,-26.6, -26.8, 25.0,-40.8 
1582.1,-25.5,-25.7,-26.5,-26.5, -26.7, 25.0,-40.8 
1583.3,-25.3,-25.7,-26.4,-26.6, -26.8, 25.0,-40.8 
1584.4,-25.3,-25.7,-26.4,-26.8, -27.0, 25.0,-41.0 
1585.5,-25.4,-25.8,-26.5,-26.9, -27.1, 25.0,-41.1 
1586.6,-25.5,-25.7,-26.4,-26.8, -27.0,  0.0,-41.1 
1587.7,-25.6,-25.8,-26.4,-26.6, -27.1, 25.0,-41.1 
1588.8,-25.5,-25.9,-26.6,-26.8, -27.0, 25.0,-41.0 
1589.9,-25.5,-25.9,-26.7,-26.7, -27.2, 25.0,-41.1 
1591.0,-25.5,-25.9,-26.6,-26.8, -27.2, 25.0,-41.2 
1592.1,-25.5,-25.9,-26.5,-26.9, -27.2,  0.0,-41.2 
1593.3,-25.5,-25.9,-26.6,-26.8, -27.2, 25.0,-41.2 
1594.4,-25.5,-25.9,-26.8,-27.0, -27.2, 25.0,-41.2 
1595.5,-25.6,-25.8,-26.7,-26.9, -27.3, 25.0,-41.3 
1596.6,-25.7,-25.9,-26.8,-27.0, -27.2,  0.0,-41.3 
1597.7,-25.6,-25.8,-26.6,-26.9, -27.1, 25.0,-41.1 
1598.8,-25.7,-25.9,-26.8,-27.0, -27.2, 25.0,-41.2 
1599.9,-25.7,-25.9,-26.5,-26.9, -27.2, 25.0,-41.1 
1601.0,-25.5,-25.9,-26.4,-27.0, -27.2,  0.0,-41.1 
1602.1,-25.7,-25.9,-26.5,-27.0, -27.2,  0.0,-41.1 
1603.3,-25.5,-26.1,-26.6,-27.0, -27.2, 25.0,-41.2 
1604.4,-25.7,-26.1,-26.6,-27.0, -27.2, 25.0,-41.2 
1605.5,-25.9,-26.1,-26.5,-27.2, -27.4,  0.0,-41.2 
1606.6,-25.9,-26.1,-26.8,-27.2, -27.4, 25.0,-41.4 
1607.7,-25.9,-26.1,-26.7,-27.2, -27.4, 25.0,-41.3 
1608.8,-25.9,-26.1,-26.8,-27.2, -27.4, 25.0,-41.4 
1610.0,-25.9,-26.1,-26.7,-27.2, -27.4, 25.0,-41.3 
1611.1,-25.9,-26.1,-26.8,-27.2, -27.4, 25.0,-41.4 
1612.2,-25.9,-26.3,-26.7,-27.1, -27.3, 25.0,-41.3 
1613.3,-26.1,-26.1,-27.0,-27.2, -27.4, 25.0,-41.4 
1614.4,-25.9,-26.1,-27.0,-27.2, -27.4, 25.0,-41.4 
1615.5,-25.9,-26.1,-27.0,-27.2, -27.4, 25.0,-41.4 
1616.6,-25.9,-26.4,-26.8,-27.2, -27.4,  0.0,-41.4 
1617.8,-26.0,-26.2,-26.9,-27.3, -27.3, 25.0,-41.3 
1618.9,-26.1,-26.4,-27.2,-27.4, -27.4, 25.0,-41.4 
1620.0,-26.1,-26.3,-27.2,-27.4, -27.6, 25.0,-41.5 
1621.1,-26.1,-26.4,-27.2,-27.4, -27.6, 25.0,-41.6 
1622.3,-26.1,-26.5,-27.2,-27.4, -27.6, 25.0,-41.5 
1623.5,-26.1,-26.4,-27.2,-27.4, -27.6,  0.0,-41.5 
1624.6,-26.1,-26.4,-27.2,-27.4, -27.6, 25.0,-41.6 
1625.8,-26.3,-26.5,-27.4,-27.4, -27.6, 25.0,-41.5 
1626.9,-26.1,-26.5,-27.4,-27.4, -27.6, 25.0,-41.5 
1628.1,-26.1,-26.5,-27.3,-27.3, -27.6, 25.0,-41.5 
1629.2,-26.1,-26.6,-27.4,-27.4, -27.6, 25.0,-41.6 
1630.3,-26.3,-26.5,-27.4,-27.4, -27.6, 25.0,-41.5 
1631.5,-26.4,-26.6,-27.2,-27.4, -27.6, 25.0,-41.6 
1632.6,-26.4,-26.8,-27.2,-27.4, -27.9, 25.0,-41.8 
1633.8,-26.4,-26.9,-27.3,-27.5, -27.7, 25.0,-41.6 
1634.9,-26.3,-26.8,-27.4,-27.6, -27.8, 25.0,-41.7 
1636.1,-26.3,-26.8,-27.4,-27.6, -27.8, 25.0,-41.7 
1637.2,-26.5,-26.7,-27.5,-27.5, -27.8, 25.0,-41.7 
1638.3,-26.5,-26.7,-27.6,-27.8, -27.8,  0.0,-41.7 
1639.5,-26.4,-26.8,-27.4,-27.6, -27.9, 25.0,-41.8 
1640.6,-26.6,-26.8,-27.6,-27.6, -27.9, 25.0,-41.8 
1641.7,-26.5,-26.8,-27.6,-27.6, -27.8,  0.0,-41.8 
1642.8,-26.6,-26.8,-27.6,-27.6, -28.1,  0.0,-41.8 
1643.9,-26.5,-26.9,-27.6,-27.6, -28.0, 25.0,-41.9 
1645.0,-26.6,-26.8,-27.4,-27.6, -28.1,  0.0,-41.9 
1646.2,-26.5,-26.9,-27.6,-27.8, -28.0, 25.0,-41.9 
1647.3,-26.6,-26.9,-27.5,-27.7, -28.0, 25.0,-41.8 
1648.4,-26.8,-27.0,-27.4,-27.8, -28.1, 25.0,-41.9 
1649.5,-26.6,-27.0,-27.4,-27.9, -28.1, 25.0,-41.9 
1650.6,-26.8,-27.0,-27.6,-27.9, -28.1, 25.0,-41.9 
1651.7,-26.8,-27.0,-27.6,-27.8, -28.1,  0.0,-41.9 
1652.8,-26.8,-27.0,-27.6,-27.9, -28.1, 25.0,-41.9 
1653.9,-26.7,-27.2,-27.8,-27.8, -28.3, 25.0,-42.1 
1655.0,-26.8,-27.0,-27.7,-27.9, -28.1, 25.0,-42.0 
1656.2,-26.8,-27.2,-27.8,-28.1, -28.1, 25.0,-41.9 
1657.3,-26.9,-27.1,-27.7,-28.0, -28.0,  0.0,-41.9 
1658.4,-26.9,-27.2,-27.8,-28.0, -28.0, 25.0,-41.9 
1659.5,-26.8,-27.0,-27.6,-28.1, -28.1, 25.0,-41.9 
1660.6,-26.8,-27.2,-27.6,-28.1, -28.1, 25.0,-41.9 
1661.7,-26.8,-27.2,-27.6,-28.1, -28.1, 25.0,-41.9 
1662.8,-26.8,-27.2,-27.6,-28.1, -28.1,  0.0,-41.9 
1663.9,-26.9,-27.1,-27.7,-28.0, -28.2, 25.0,-42.0 
1665.0,-27.0,-27.2,-27.9,-28.1, -28.3, 25.0,-42.1 
1666.2,-26.9,-27.2,-27.8,-28.0, -28.3, 25.0,-42.1 
1667.3,-26.9,-27.3,-28.0,-28.2, -28.4, 25.0,-42.2 
1668.4,-26.9,-27.4,-28.0,-28.3, -28.5, 25.0,-42.3 
1669.5,-27.0,-27.2,-28.1,-28.1, -28.6, 25.0,-42.4 
1670.6,-26.9,-27.4,-28.0,-28.0, -28.5, 25.0,-42.3 
1671.7,-27.0,-27.4,-28.1,-28.3, -28.6, 25.0,-42.4 
1672.8,-27.0,-27.4,-28.1,-28.1, -28.6, 25.0,-42.4 
1673.9,-27.1,-27.5,-28.0,-28.2, -28.5, 25.0,-42.3 
1675.0,-27.0,-27.4,-28.1,-28.1, -28.6, 25.0,-42.4 
1676.1,-27.2,-27.4,-28.0,-28.3, -28.5, 25.0,-42.3 
1677.2,-27.1,-27.5,-28.0,-28.4, -28.4, 25.0,-42.2 
1678.3,-27.2,-27.4,-28.3,-28.5, -28.5,  0.0,-42.2 
1679.5,-27.2,-27.4,-28.1,-28.3, -28.6, 25.0,-42.4 
1680.6,-27.2,-27.6,-28.0,-28.5, -28.5,  0.0,-42.4 
1681.7,-27.2,-27.4,-28.1,-28.6, -28.6, 25.0,-42.4 
1682.8,-27.2,-27.4,-28.1,-28.3, -28.6, 25.0,-42.4 
1683.9,-27.2,-27.6,-28.1,-28.5, -28.5, 25.0,-42.3 
1685.0,-27.2,-27.5,-28.1,-28.6, -28.6,  0.0,-42.3 
1686.1,-27.2,-27.6,-28.1,-28.5, -28.5, 25.0,-42.3 
1687.2,-27.3,-27.5,-28.2,-28.7, -28.7, 25.0,-42.4 
1688.3,-27.4,-27.6,-28.3,-28.5, -28.7, 25.0,-42.5 
1689.5,-27.4,-27.6,-28.3,-28.6, -28.8, 25.0,-42.6 
1690.6,-27.4,-27.6,-28.3,-28.5, -28.7, 25.0,-42.5 
1691.7,-27.4,-27.6,-28.3,-28.6, -28.8, 25.0,-42.6 
1692.8,-27.4,-27.6,-28.6,-28.6, -28.8,  0.0,-42.6 
1693.9,-27.3,-27.6,-28.5,-28.5, -28.7, 25.0,-42.5 
1695.0,-27.4,-27.6,-28.6,-28.6, -28.8, 25.0,-42.6 
1696.2,-27.4,-27.8,-28.5,-28.8, -28.8, 25.0,-42.5 
1697.3,-27.5,-27.7,-28.6,-28.6, -28.9, 25.0,-42.6 
1698.4,-27.3,-27.8,-28.5,-28.7, -28.7, 25.0,-42.5 
1699.5,-27.4,-27.9,-28.6,-28.8, -28.8, 25.0,-42.6 
1700.6,-27.4,-27.8,-28.5,-28.7, -29.0, 25.0,-42.7 
1701.7,-27.4,-27.9,-28.6,-28.8, -29.0,  0.0,-42.7 
1702.9,-27.4,-27.9,-28.6,-28.8, -28.8,  0.0,-42.7 
1704.0,-27.6,-27.8,-28.5,-28.8, -29.0,  0.0,-42.7 
1705.1,-27.6,-27.9,-28.6,-28.8, -29.0,  0.0,-42.7 
1706.2,-27.6,-27.8,-28.7,-28.7, -29.0, 25.0,-42.7 
1707.3,-27.8,-27.8,-28.7,-28.9, -28.9, 25.0,-42.7 
1708.4,-27.6,-27.9,-28.6,-28.8, -29.0, 25.0,-42.8 
1709.5,-27.6,-27.9,-28.6,-28.8, -29.0, 25.0,-42.8 
1710.6,-27.6,-28.1,-28.5,-29.0, -29.0,  0.0,-42.8 
1711.8,-27.6,-28.1,-28.8,-29.0, -29.0, 25.0,-42.8 
1712.9,-27.6,-28.1,-28.8,-29.0, -29.0, 25.0,-42.7 
1714.0,-27.8,-28.1,-28.8,-29.0, -29.0, 25.0,-42.7 
1715.1,-27.9,-28.1,-28.8,-29.0, -29.0, 25.0,-42.8 
1716.3,-27.8,-28.3,-28.8,-29.0, -29.0, 25.0,-42.7 
1717.4,-27.8,-28.0,-28.7,-28.9, -28.9, 25.0,-42.7 
1718.5,-27.6,-28.1,-28.6,-28.8, -29.0, 25.0,-42.8 
1719.6,-27.6,-28.1,-28.8,-29.0, -29.0, 25.0,-42.8 
1720.7,-27.6,-28.0,-28.5,-29.0, -29.0, 25.0,-42.7 
1721.8,-27.6,-28.1,-28.5,-28.8, -28.8, 25.0,-42.5 
1723.0,-27.6,-28.1,-28.6,-28.8, -28.8, 25.0,-42.6 
1724.1,-27.6,-28.1,-28.6,-28.8, -28.8, 25.0,-42.6 
1725.2,-27.7,-28.1,-28.6,-28.8, -28.8, 25.0,-42.6 
1726.3,-27.6,-28.1,-28.8,-28.8, -29.0, 25.0,-42.7 
1727.4,-27.5,-27.9,-28.6,-28.6, -28.9, 25.0,-42.6 
1728.5,-27.6,-27.9,-28.6,-28.8, -28.8, 25.0,-42.6 
1729.6,-27.6,-27.9,-28.6,-28.8, -28.8, 25.0,-42.6 
1730.8,-27.6,-27.8,-28.5,-28.8, -28.8, 25.0,-42.5 
1731.9,-27.6,-27.8,-28.5,-28.5, -28.8, 25.0,-42.5 
1733.0,-27.6,-27.8,-28.3,-28.5, -28.7, 25.0,-42.5 
1734.1,-27.5,-27.7,-28.4,-28.7, -28.7, 25.0,-42.4 
1735.2,-27.4,-27.9,-28.3,-28.6, -28.6, 25.0,-42.4 
1736.3,-27.4,-27.8,-28.3,-28.5, -28.5, 25.0,-42.3 
1737.4,-27.3,-27.8,-28.2,-28.5, -28.5, 25.0,-42.3 
1738.6,-27.2,-27.6,-28.3,-28.6, -28.6, 25.0,-42.4 
1739.7,-27.2,-27.6,-28.3,-28.3, -28.6, 25.0,-42.4 
1740.8,-27.4,-27.6,-28.3,-28.5, -28.5, 25.0,-42.3 
1741.9,-27.4,-27.6,-28.3,-28.6, -28.6, 25.0,-42.4 
1743.0,-27.4,-27.6,-28.3,-28.5, -28.5, 25.0,-42.3 
1744.2,-27.3,-27.6,-28.2,-28.5, -28.5, 25.0,-42.3 
1745.3,-27.2,-27.4,-28.3,-28.3, -28.3,  0.0,-42.3 
1746.4,-27.2,-27.4,-28.3,-28.3, -28.5, 25.0,-42.3 
1747.5,-27.1,-27.3,-28.2,-28.5, -28.5, 25.0,-42.3 
1748.6,-27.0,-27.2,-28.3,-28.3, -28.3, 25.0,-42.1 
1749.7,-27.0,-27.2,-28.3,-28.3, -28.3, 25.0,-42.1 
1750.9,-26.9,-27.1,-28.2,-28.2, -28.2,  0.0,-42.1 
1752.0,-26.8,-27.0,-28.3,-28.3, -28.3, 25.0,-42.1 
1753.1,-26.8,-27.0,-28.3,-28.3, -28.3,  0.0,-42.1 
1754.2,-26.8,-26.8,-28.4,-28.4, -28.4,  0.0,-42.1 
1755.3,-26.8,-27.0,-28.3,-28.6, -28.3,  0.0,-42.1 
1756.5,-26.8,-27.0,-28.6,-28.6, -28.6, 25.0,-42.4 
1757.6,-26.6,-26.9,-28.4,-28.4, -28.4, 25.0,-42.2 
1758.7,-26.8,-27.0,-28.3,-28.6, -28.6, 25.0,-42.4 
1759.8,-26.8,-27.0,-28.3,-28.6, -28.6, 25.0,-42.4 
1760.9,-26.8,-27.0,-28.3,-28.6, -28.6, 25.0,-42.4 
1762.0,-26.8,-27.0,-28.3,-28.6, -28.6, 25.0,-42.4 
1763.2,-26.8,-27.0,-28.6,-28.8, -28.6, 25.0,-42.4 
1764.3,-26.8,-27.0,-28.6,-28.8, -28.6, 25.0,-42.4 
1765.4,-26.8,-27.0,-28.6,-28.8, -28.8, 25.0,-42.6 
1766.6,-27.0,-27.0,-28.6,-28.8, -28.8, 25.0,-42.6 
1767.7,-26.9,-27.1,-28.7,-28.9, -28.7, 25.0,-42.5 
1768.8,-27.0,-27.2,-28.8,-28.8, -28.8,  0.0,-42.5 
1769.9,-27.0,-27.2,-28.8,-28.8, -28.8, 25.0,-42.6 
1771.0,-27.0,-27.2,-28.8,-29.0, -29.0, 25.0,-42.8 
1772.2,-27.0,-27.2,-28.8,-29.0, -29.0, 25.0,-42.7 
1773.3,-27.2,-27.2,-28.8,-29.0, -29.0, 25.0,-42.8 
1774.4,-27.2,-27.2,-29.0,-29.0, -29.0, 25.0,-42.7 
1775.5,-27.2,-27.2,-29.0,-29.0, -29.0, 25.0,-42.8 
1776.7,-27.2,-27.4,-29.0,-29.0, -29.0, 25.0,-42.7 
1777.8,-27.1,-27.3,-28.9,-28.9, -28.9, 25.0,-42.7 
1778.9,-27.2,-27.4,-29.0,-29.2, -29.2, 25.0,-42.9 
1780.0,-27.2,-27.4,-29.0,-29.3, -29.3, 25.0,-43.0 
1781.1,-27.2,-27.4,-29.0,-29.3, -29.3, 25.0,-43.0 
1782.3,-27.2,-27.4,-29.0,-29.3, -29.3, 25.0,-43.0 
1783.4,-27.2,-27.4,-29.0,-29.3, -29.0,  0.0,-43.0 
1784.5,-27.4,-27.6,-29.2,-29.2, -29.2, 25.0,-42.9 
1785.6,-27.2,-27.4,-29.0,-29.3, -29.0,  0.0,-42.9 
1786.7,-27.2,-27.6,-29.0,-29.2, -29.2,  0.0,-42.9 
1787.8,-27.4,-27.6,-29.2,-29.5, -29.2, 25.0,-42.9 
1788.9,-27.2,-27.6,-29.3,-29.5, -29.3, 25.0,-43.0 
1790.1,-27.4,-27.6,-29.3,-29.5, -29.3, 25.0,-43.0 
1791.2,-27.2,-27.6,-29.3,-29.5, -29.3,  0.0,-43.0 
1792.3,-27.3,-27.8,-29.4,-29.4, -29.4, 25.0,-43.1 
1793.4,-27.4,-27.6,-29.2,-29.5, -29.2, 25.0,-42.9 
1794.5,-27.4,-27.8,-29.2,-29.5, -29.2,  0.0,-42.9 
1795.6,-27.4,-27.6,-29.3,-29.3, -29.3, 25.0,-43.0 
1796.8,-27.6,-27.6,-29.2,-29.5, -29.2, 25.0,-42.9 
1797.9,-27.4,-27.6,-29.2,-29.5, -29.2, 25.0,-42.9 
1799.0,-27.2,-27.6,-29.0,-29.3, -29.3, 25.0,-43.0 
1800.1,-27.2,-27.6,-29.0,-29.2, -29.0,  0.0,-43.0 
1801.2,-27.2,-27.6,-29.0,-29.3, -29.0, 25.0,-42.8 
1802.4,-27.2,-27.6,-29.0,-29.2, -29.0, 25.0,-42.7 
1803.5,-27.2,-27.6,-29.0,-29.3, -29.0, 25.0,-42.8 
1804.6,-27.1,-27.6,-28.9,-29.2, -28.9, 25.0,-42.7 
1805.7,-27.2,-27.4,-29.0,-29.0, -29.0,  0.0,-42.7 
1806.8,-27.1,-27.3,-28.9,-29.2, -28.9, 25.0,-42.7 
1807.9,-27.2,-27.6,-29.0,-29.2, -29.0, 25.0,-42.7 
1809.0,-27.2,-27.4,-28.8,-29.0, -29.0, 25.0,-42.8 
1810.1,-27.2,-27.4,-29.0,-29.0, -28.8,  0.0,-42.8 
1811.3,-27.2,-27.4,-28.8,-29.0, -28.8,  0.0,-42.8 
1812.4,-27.1,-27.5,-28.9,-28.9, -28.7, 25.0,-42.4 
1813.5,-27.0,-27.4,-28.8,-28.8, -28.8,  0.0,-42.4 
1814.6,-26.9,-27.4,-28.7,-29.0, -28.7,  0.0,-42.4 
1815.7,-27.0,-27.4,-28.8,-28.8, -28.8, 25.0,-42.6 
1816.8,-27.0,-27.4,-28.8,-29.0, -28.8, 25.0,-42.5 
1818.0,-26.9,-27.3,-28.7,-28.7, -28.7, 25.0,-42.5 
1819.1,-27.0,-27.4,-28.8,-28.8, -28.5, 25.0,-42.3 
1820.2,-26.8,-27.2,-28.8,-28.8, -28.6, 25.0,-42.4 
1821.3,-27.0,-27.2,-28.5,-28.8, -28.5,  0.0,-42.4 
1822.4,-26.7,-27.2,-28.5,-28.8, -28.5, 25.0,-42.3 
1823.5,-27.0,-27.2,-28.6,-28.8, -28.6, 25.0,-42.4 
1824.7,-27.0,-27.2,-28.5,-28.8, -28.5, 25.0,-42.3 
1825.8,-27.0,-27.2,-28.6,-28.8, -28.6,  0.0,-42.3 
1826.9,-26.9,-27.1,-28.7,-28.7, -28.4, 25.0,-42.2 
1828.0,-26.9,-27.2,-28.5,-28.7, -28.5, 25.0,-42.3 
1829.1,-27.0,-27.2,-28.6,-28.8, -28.6, 25.0,-42.4 
1830.2,-27.0,-27.2,-28.6,-28.8, -28.6, 25.0,-42.4 
1831.4,-27.0,-27.2,-28.6,-28.8, -28.6, 25.0,-42.4 
1832.5,-27.1,-27.1,-28.7,-28.9, -28.7, 25.0,-42.5 
1833.6,-27.0,-27.2,-28.8,-28.8, -28.6,  0.0,-42.5 
1834.7,-27.2,-27.4,-28.7,-29.0, -28.7, 25.0,-42.5 
1835.8,-27.2,-27.4,-28.8,-29.0, -28.8, 25.0,-42.6 
1837.0,-27.3,-27.5,-28.9,-28.9, -28.9, 25.0,-42.6 
1838.1,-27.2,-27.6,-29.0,-29.0, -29.0, 25.0,-42.7 
1839.2,-27.2,-27.6,-29.0,-29.0, -29.0, 25.0,-42.8 
1840.3,-27.4,-27.6,-29.0,-29.3, -29.0, 25.0,-42.8 
1841.5,-27.4,-27.6,-29.3,-29.3, -29.0, 25.0,-42.8 
1842.7,-27.4,-27.8,-29.2,-29.2, -29.0,  0.0,-42.8 
1843.9,-27.4,-27.6,-29.3,-29.3, -29.0, 25.0,-42.8 
1845.1,-27.4,-27.6,-29.0,-29.2, -29.0, 25.0,-42.7 
1846.3,-27.4,-27.6,-29.0,-29.3, -29.0, 25.0,-42.8 
1847.4,-27.5,-27.7,-29.1,-29.4, -29.1, 25.0,-42.9 
1848.6,-27.5,-27.8,-29.2,-29.4, -29.2, 25.0,-42.9 
1849.8,-27.6,-27.9,-29.3,-29.5, -29.3, 25.0,-43.0 
1851.0,-27.6,-27.8,-29.2,-29.5, -29.2, 25.0,-42.9 
1852.1,-27.6,-27.8,-29.2,-29.5, -29.2, 25.0,-42.9 
1853.3,-27.6,-27.8,-29.5,-29.5, -29.2, 25.0,-42.9 
1854.5,-27.6,-28.0,-29.4,-29.7, -29.4, 25.0,-43.1 
1855.7,-27.6,-28.1,-29.5,-29.7, -29.5, 25.0,-43.2 
1856.8,-27.8,-28.0,-29.7,-29.7, -29.5, 25.0,-43.1 
1857.9,-27.8,-28.0,-29.5,-29.7, -29.5, 25.0,-43.1 
1859.1,-27.8,-28.1,-29.5,-29.7, -29.5, 25.0,-43.2 
1860.2,-27.9,-28.1,-29.5,-29.8, -29.5, 25.0,-43.2 
1861.3,-27.8,-28.0,-29.4,-29.7, -29.4, 25.0,-43.1 
1862.4,-27.9,-28.1,-29.5,-29.8, -29.5, 25.0,-43.2 
1863.5,-27.9,-28.1,-29.5,-29.8, -29.5, 25.0,-43.2 
1864.6,-28.0,-28.0,-29.7,-29.7, -29.7, 25.0,-43.3 
1865.7,-27.8,-28.1,-29.7,-29.7, -29.5,  0.0,-43.3 
1866.9,-28.0,-28.0,-29.7,-29.7, -29.4, 25.0,-43.1 
1868.0,-27.8,-28.0,-29.5,-29.7, -29.5, 25.0,-43.1 
1869.1,-27.8,-28.0,-29.5,-29.7, -29.5, 25.0,-43.1 
1870.2,-27.9,-28.1,-29.5,-29.5, -29.5, 25.0,-43.2 
1871.3,-27.8,-28.1,-29.5,-29.5, -29.5, 25.0,-43.2 
1872.4,-27.9,-28.1,-29.5,-29.5, -29.3, 25.0,-43.0 
1873.6,-27.6,-28.1,-29.3,-29.5, -29.3, 25.0,-43.0 
1874.7,-27.7,-27.9,-29.3,-29.6, -29.3, 25.0,-43.0 
1875.8,-27.6,-28.1,-29.3,-29.5, -29.3, 25.0,-43.0 
1876.9,-27.7,-28.0,-29.4,-29.6, -29.4, 25.0,-43.1 
1878.0,-27.6,-28.0,-29.5,-29.5, -29.2, 25.0,-42.9 
1879.1,-27.8,-28.1,-29.5,-29.5, -29.2, 25.0,-42.9 
1880.2,-27.6,-27.9,-29.3,-29.5, -29.0, 25.0,-42.8 
1881.4,-27.8,-27.8,-29.2,-29.2, -29.0, 25.0,-42.7 
1882.5,-27.9,-28.1,-29.3,-29.3, -29.0, 25.0,-42.8 
1883.6,-27.9,-28.1,-29.3,-29.3, -29.0,  0.0,-42.8 
1884.7,-28.0,-28.0,-29.2,-29.4, -28.9, 25.0,-42.7 
1885.8,-27.9,-28.1,-29.0,-29.3, -29.0,  0.0,-42.7 
1887.0,-28.0,-28.0,-29.1,-29.4, -28.9, 25.0,-42.7 
1888.1,-28.1,-28.1,-29.2,-29.2, -29.0, 25.0,-42.7 
1889.2,-28.1,-28.1,-29.2,-29.2, -29.0, 25.0,-42.7 
1890.3,-27.9,-28.1,-29.0,-29.3, -29.0, 25.0,-42.8 
1891.4,-27.8,-28.1,-29.0,-29.2, -29.0, 25.0,-42.7 
1892.5,-27.9,-28.1,-29.0,-29.3, -29.0, 25.0,-42.8 
1893.6,-27.9,-28.1,-29.0,-29.3, -28.8, 25.0,-42.6 
1894.8,-27.9,-28.1,-29.0,-29.0, -28.8, 25.0,-42.6 
1895.9,-27.9,-28.1,-29.0,-29.0, -28.8,  0.0,-42.6 
1897.0,-28.0,-28.2,-28.9,-29.2, -28.9, 25.0,-42.7 
1898.1,-28.0,-28.3,-29.0,-29.2, -29.0, 25.0,-42.7 
1899.2,-28.1,-28.3,-29.0,-29.0, -28.8, 25.0,-42.6 
1900.3,-27.9,-28.3,-29.0,-29.0, -29.0,  0.0,-42.6 
1901.4,-27.9,-28.3,-29.0,-29.0, -28.8, 25.0,-42.6 
1902.5,-28.1,-28.3,-29.0,-29.0, -28.8, 25.0,-42.6 
1903.7,-28.1,-28.3,-29.0,-29.0, -28.8, 25.0,-42.6 
1904.8,-28.1,-28.3,-29.0,-29.0, -28.8, 25.0,-42.5 
1905.9,-28.1,-28.3,-29.0,-29.3, -29.0, 25.0,-42.8 
1907.0,-28.2,-28.5,-28.9,-29.2, -28.9, 25.0,-42.7 
1908.1,-28.0,-28.5,-29.0,-29.2, -29.0, 25.0,-42.7 
1909.2,-28.3,-28.5,-29.2,-29.2, -29.0, 25.0,-42.7 
1910.3,-28.1,-28.6,-29.3,-29.3, -29.0, 25.0,-42.8 
1911.4,-28.2,-28.5,-29.2,-29.4, -29.2, 25.0,-42.9 
1912.5,-28.3,-28.6,-29.3,-29.5, -29.3, 25.0,-43.0 
1913.7,-28.3,-28.6,-29.5,-29.5, -29.3, 25.0,-43.0 
1914.8,-28.5,-28.8,-29.5,-29.5, -29.2,  0.0,-43.0 
1915.9,-28.6,-28.8,-29.5,-29.5, -29.5, 25.0,-43.2 
1917.0,-28.6,-28.9,-29.4,-29.6, -29.4, 25.0,-43.0 
1918.1,-28.5,-28.7,-29.4,-29.7, -29.4, 25.0,-43.1 
1919.2,-28.8,-29.0,-29.5,-29.7, -29.5, 25.0,-43.2 
1920.3,-28.6,-28.8,-29.5,-29.8, -29.5, 25.0,-43.2 
1921.4,-28.7,-29.0,-29.5,-29.7, -29.5, 25.0,-43.1 
1922.5,-28.5,-29.0,-29.5,-29.7, -29.5, 25.0,-43.2 
1923.6,-28.7,-29.0,-29.5,-29.7, -29.5, 25.0,-43.1 
1924.7,-28.7,-29.0,-29.7,-29.9, -29.7,  0.0,-43.1 
1925.8,-28.8,-29.0,-29.8,-30.0, -29.8, 25.0,-43.4 
1927.0,-28.9,-29.1,-29.9,-29.9, -29.9, 25.0,-43.5 
1928.1,-28.9,-29.2,-29.9,-29.9, -29.7, 25.0,-43.3 
1929.2,-29.0,-29.2,-29.9,-29.9, -29.7, 25.0,-43.4 
1930.3,-29.0,-29.3,-30.0,-30.0, -29.8,  0.0,-43.4 
1931.4,-29.0,-29.2,-29.9,-29.9, -29.9, 25.0,-43.6 
1932.5,-29.0,-29.3,-30.0,-30.0, -29.8, 25.0,-43.4 
1933.6,-28.9,-29.2,-29.9,-29.9, -29.9,  0.0,-43.4 
1934.7,-29.0,-29.3,-30.0,-30.0, -30.0, 25.0,-43.6 
1935.8,-29.0,-29.3,-30.0,-30.0, -30.0, 25.0,-43.6 
1936.9,-29.2,-29.4,-29.7,-30.2, -29.7, 25.0,-43.3 
1938.0,-29.2,-29.5,-29.9,-29.9, -29.9, 25.0,-43.6 
1939.1,-29.0,-29.5,-30.0,-30.0, -30.0, 25.0,-43.6 
1940.2,-29.0,-29.3,-30.0,-30.0, -29.8, 25.0,-43.4 
1941.4,-29.2,-29.5,-29.9,-29.9, -29.7, 25.0,-43.4 
1942.5,-29.0,-29.3,-30.0,-30.0, -29.8, 25.0,-43.4 
1943.6,-29.0,-29.2,-29.9,-29.9, -29.7, 25.0,-43.4 
1944.7,-29.0,-29.3,-29.8,-30.0, -29.8, 25.0,-43.4 
1945.8,-29.0,-29.3,-29.8,-29.8, -29.8, 25.0,-43.4 
1946.9,-29.1,-29.3,-29.5,-29.8, -29.5, 25.0,-43.2 
1948.0,-29.0,-29.2,-29.7,-29.9, -29.7, 25.0,-43.4 
1949.1,-29.0,-29.2,-29.7,-29.9, -29.5, 25.0,-43.1 
1950.2,-29.0,-29.3,-29.8,-29.8, -29.5,  0.0,-43.1 
1951.4,-29.0,-29.2,-29.7,-29.7, -29.5, 25.0,-43.1 
1952.5,-28.8,-29.0,-29.8,-29.8, -29.5,  0.0,-43.1 
1953.6,-28.7,-29.0,-29.7,-29.7, -29.5, 25.0,-43.1 
1954.7,-28.8,-29.0,-29.7,-29.7, -29.5, 25.0,-43.2 
1955.8,-28.8,-29.0,-29.5,-29.5, -29.5,  0.0,-43.2 
1956.9,-28.7,-29.0,-29.7,-29.7, -29.5, 25.0,-43.1 
1958.0,-28.7,-29.0,-29.7,-29.7, -29.5, 25.0,-43.1 
1959.1,-28.5,-28.7,-29.5,-29.7, -29.2, 25.0,-42.9 
1960.2,-28.6,-28.8,-29.5,-29.5, -29.3, 25.0,-43.0 
1961.3,-28.5,-28.7,-29.4,-29.4, -29.2, 25.0,-42.9 
1962.4,-28.3,-28.6,-29.5,-29.5, -29.3, 25.0,-43.0 
1963.6,-28.3,-28.6,-29.5,-29.5, -29.0, 25.0,-42.8 
1964.7,-28.3,-28.6,-29.5,-29.5, -29.0, 25.0,-42.8 
1965.8,-28.1,-28.3,-29.3,-29.5, -29.0,  0.0,-42.8 
1966.9,-28.1,-28.3,-29.2,-29.2, -29.0, 25.0,-42.7 
1968.0,-28.1,-28.3,-29.2,-29.5, -29.0, 25.0,-42.7 
1969.1,-28.1,-28.3,-29.3,-29.3, -29.0,  0.0,-42.7 
1970.3,-28.1,-28.3,-29.3,-29.3, -29.0, 25.0,-42.8 
1971.4,-28.1,-28.1,-29.2,-29.2, -29.0, 25.0,-42.7 
1972.5,-28.1,-28.1,-29.3,-29.3, -29.0, 25.0,-42.8 
1973.6,-28.1,-28.1,-29.3,-29.3, -29.0,  0.0,-42.8 
1974.7,-28.1,-28.1,-29.3,-29.3, -29.0, 25.0,-42.8 
1975.9,-27.9,-28.1,-29.0,-29.3, -29.0, 25.0,-42.8 
1977.0,-28.0,-28.2,-29.2,-29.4, -28.9, 25.0,-42.7 
1978.1,-27.8,-28.1,-29.2,-29.2, -29.0, 25.0,-42.7 
1979.2,-27.9,-28.1,-29.3,-29.3, -29.0,  0.0,-42.7 
1980.3,-27.9,-28.1,-29.3,-29.3, -28.8, 25.0,-42.6 
1981.4,-27.9,-28.1,-29.0,-29.3, -28.8, 25.0,-42.6 
1982.5,-27.9,-28.1,-29.3,-29.3, -28.8, 25.0,-42.6 
1983.7,-27.9,-28.1,-29.3,-29.3, -29.0, 25.0,-42.8 
1984.8,-27.9,-28.1,-29.3,-29.3, -29.0, 25.0,-42.8 
1985.9,-27.9,-28.1,-29.3,-29.5, -29.0, 25.0,-42.8 
1987.0,-28.0,-28.2,-29.4,-29.4, -28.9, 25.0,-42.7 
1988.1,-28.1,-28.3,-29.2,-29.5, -29.2, 25.0,-42.9 
1989.2,-28.1,-28.3,-29.3,-29.5, -29.3, 25.0,-43.0 
1990.3,-28.1,-28.3,-29.3,-29.5, -29.3, 25.0,-43.0 
1991.5,-28.1,-28.6,-29.5,-29.5, -29.3,  0.0,-43.0 
1992.6,-28.1,-28.6,-29.5,-29.8, -29.3, 25.0,-43.0 
1993.7,-28.3,-28.6,-29.5,-29.8, -29.3, 25.0,-43.0 
1994.8,-28.3,-28.5,-29.5,-29.7, -29.5, 25.0,-43.2 
1995.9,-28.3,-28.6,-29.8,-29.8, -29.5, 25.0,-43.2 
1997.1,-28.3,-28.6,-29.8,-29.8, -29.3, 25.0,-43.0 
1998.2,-28.5,-28.7,-29.7,-29.9, -29.5, 25.0,-43.1 
1999.3,-28.3,-28.7,-29.9,-29.9, -29.7, 25.0,-43.4 
2000.4,-28.3,-28.8,-29.8,-30.0, -29.5,  0.0,-43.4 
2001.5,-28.5,-28.7,-29.9,-29.9, -29.7, 25.0,-43.4 
2002.6,-28.6,-28.8,-30.0,-30.0, -29.8, 25.0,-43.4 
2003.7,-28.7,-28.7,-29.9,-29.9, -29.7, 25.0,-43.3 
2004.8,-28.6,-28.8,-30.0,-30.0, -29.8,  0.0,-43.3 
2005.9,-28.5,-28.8,-30.0,-30.0, -29.7, 25.0,-43.4 
2007.0,-28.8,-28.8,-29.8,-30.3, -29.8, 25.0,-43.5 
2008.1,-28.7,-29.0,-29.9,-30.2, -29.9, 25.0,-43.6 
2009.2,-28.7,-28.9,-29.9,-30.2, -29.9, 25.0,-43.5 
2010.3,-28.8,-29.0,-30.0,-30.2, -29.8,  0.0,-43.5 
2011.4,-28.7,-29.0,-29.9,-30.2, -29.9, 25.0,-43.6 
2012.5,-28.8,-29.0,-30.0,-30.2, -29.8, 25.0,-43.4 
2013.7,-28.7,-29.0,-29.9,-30.2, -29.9, 25.0,-43.6 
2014.8,-28.8,-29.0,-30.0,-30.2, -29.7, 25.0,-43.4 
2015.9,-28.7,-29.0,-29.9,-30.2, -29.9, 25.0,-43.6 
2017.0,-28.9,-28.9,-30.1,-30.4, -29.9, 25.0,-43.5 
2018.1,-28.8,-29.0,-30.0,-30.5, -30.0, 25.0,-43.6 
2019.2,-28.9,-28.9,-30.1,-30.4, -29.9, 25.0,-43.5 
2020.3,-28.8,-29.0,-30.0,-30.2, -30.0,  0.0,-43.5 
2021.4,-28.7,-29.0,-30.2,-30.5, -29.9, 25.0,-43.6 
2022.5,-28.8,-29.0,-30.0,-30.2, -30.0, 25.0,-43.6 
2023.6,-28.8,-29.0,-30.0,-30.2, -30.0, 25.0,-43.6 
2024.7,-28.8,-29.0,-30.0,-30.0, -29.8, 25.0,-43.4 
2025.8,-28.7,-28.9,-29.9,-29.9, -29.7, 25.0,-43.3 
2026.9,-28.5,-29.0,-30.0,-30.0, -29.7,  0.0,-43.3 
2028.0,-28.7,-29.0,-29.9,-29.9, -29.7, 25.0,-43.4 
2029.1,-28.7,-28.9,-29.9,-29.9, -29.7,  0.0,-43.4 
2030.2,-28.6,-28.8,-30.0,-30.0, -29.8, 25.0,-43.4 
2031.4,-28.7,-29.0,-29.9,-29.9, -29.7, 25.0,-43.4 
2032.5,-28.5,-28.8,-30.0,-30.0, -29.5, 25.0,-43.2 
2033.6,-28.5,-28.7,-29.9,-29.9, -29.5, 25.0,-43.1 
2034.7,-28.6,-28.8,-30.0,-30.0, -29.5, 25.0,-43.2 
2035.8,-28.5,-28.8,-30.0,-30.0, -29.5,  0.0,-43.2 
2036.9,-28.5,-28.8,-29.7,-30.0, -29.5,  0.0,-43.2 
2038.0,-28.5,-28.7,-29.9,-29.9, -29.5, 25.0,-43.1 
2039.1,-28.3,-28.8,-29.8,-29.8, -29.3,  0.0,-43.1 
2040.2,-28.3,-28.6,-29.8,-29.8, -29.3, 25.0,-43.0 
2041.4,-28.3,-28.5,-29.7,-29.7, -29.2, 25.0,-42.9 
2042.5,-28.3,-28.6,-29.8,-29.8, -29.3, 25.0,-43.0 
2043.6,-28.2,-28.7,-29.7,-29.7, -29.2, 25.0,-42.9 
2044.7,-28.3,-28.8,-29.8,-29.8, -29.3, 25.0,-43.0 
2045.8,-28.5,-28.7,-29.7,-29.7, -29.2, 25.0,-42.9 
2046.9,-28.3,-28.8,-29.5,-29.7, -29.2, 25.0,-42.9 
2048.0,-28.5,-28.8,-29.7,-29.7, -29.2, 25.0,-42.9 
2049.1,-28.3,-28.8,-29.5,-29.5, -29.3,  0.0,-42.9 
2050.2,-28.3,-28.6,-29.5,-29.5, -29.0, 25.0,-42.8 
2051.3,-28.1,-28.6,-29.5,-29.5, -29.0, 25.0,-42.8 
2052.4,-27.9,-28.3,-29.5,-29.3, -29.0, 25.0,-42.8 
2053.6,-27.8,-28.0,-29.2,-29.0, -29.0,  0.0,-42.8 
2054.7,-27.6,-27.9,-29.3,-29.0, -28.8, 25.0,-42.6 
2055.8,-27.3,-27.6,-28.9,-28.7, -28.7, 25.0,-42.5 
2056.9,-27.2,-27.4,-29.0,-28.6, -28.6, 25.0,-42.4 
2058.0,-26.9,-27.2,-29.0,-28.5, -28.7, 25.0,-42.5 
2059.1,-26.8,-27.0,-28.8,-28.3, -28.6,  0.0,-42.5 
2060.2,-26.8,-27.0,-28.8,-28.1, -28.6, 25.0,-42.4 
2061.3,-26.8,-26.8,-28.5,-28.1, -28.5, 25.0,-42.3 
2062.4,-26.6,-26.6,-28.6,-28.1, -28.6, 25.0,-42.4 
2063.6,-26.4,-26.4,-28.4,-28.0, -28.4, 25.0,-42.2 
2064.7,-26.3,-26.3,-28.3,-27.8, -28.3, 25.0,-42.1 
2065.8,-26.3,-26.3,-28.5,-27.8, -28.3, 25.0,-42.1 
2066.9,-26.3,-26.1,-28.3,-27.6, -28.3,  0.0,-42.1 
2068.0,-26.1,-26.1,-28.0,-27.4, -25.9, 25.0,-40.0 
2069.1,-24.7,-25.1,-25.7,-25.7, -20.4, 25.0,-35.2 
2070.2,-23.4,-23.8,-22.9,-22.5, -15.5, 25.0,-31.0 
2071.3,-21.8,-22.5,-20.0,-19.9, -11.2, 25.0,-27.3 
2072.4,-20.3,-21.2,-17.9,-17.2,  -7.4, 25.0,-24.0 
2073.5,-19.2,-20.2,-16.1,-15.6,  -4.2, 25.0,-21.3 
2074.7,-17.8,-19.3,-14.0,-14.2,  -1.9,  0.0,-21.3 
2075.8,-16.6,-18.5,-12.4,-12.3,  -0.2, 25.0,-17.8 
2076.9,-16.0,-17.6,-11.3,-11.0,   2.3, 25.0,-15.7 
2078.0,-15.2,-17.0,-10.4,-10.4,   4.9, 25.0,-13.5 
2079.1,-14.3,-16.4, -9.3, -9.0,   6.5,  0.0,-13.5 
2080.2,-13.6,-15.7, -8.5, -8.0,   8.0,  0.0,-13.5 
2081.4,-13.2,-15.2, -7.8, -7.3,   8.2, 25.0,-10.7 
2082.6,-13.1,-14.7, -7.1, -6.4,   8.4, 25.0,-10.5 
2083.8,-12.7,-14.4, -6.2, -6.1,   9.2,  0.0,-10.5 
2084.9,-12.5,-14.0, -5.5, -5.6,   9.9,  0.0,-10.5 
2086.1,-12.2,-13.9, -5.2, -5.5,   9.8, 25.0, -9.3 
2087.3,-11.8,-13.6, -5.1, -5.4,   9.5, 25.0, -9.6 
2088.5,-11.8,-13.4, -4.9, -5.5,   9.1,  0.0, -9.6 
2089.6,-11.9,-13.2, -4.9, -5.5,   8.9, 25.0,-10.1 
2090.8,-11.6,-13.1, -5.1, -5.6,   9.6, 25.0, -9.5 
2092.0,-11.0,-13.1, -4.9, -5.5,   9.7, 25.0, -9.4 
2093.2,-10.8,-13.1, -4.3, -5.7,   9.5, 25.0, -9.5 
2094.4,-11.0,-13.0, -4.2, -5.6,   9.9,  0.0, -9.5 
2095.5,-11.2,-12.7, -4.3, -5.8,   9.9, 25.0, -9.2 
2096.7,-11.2,-12.5, -4.5, -6.3,   9.2, 25.0, -9.8 
2097.9,-11.2,-12.1, -4.5, -6.1,   9.0, 25.0,-10.0 
2099.1,-11.1,-11.9, -4.5, -5.9,   8.4, 25.0,-10.4 
2100.2,-11.2,-11.8, -4.6, -5.3,   8.3, 25.0,-10.6 
2101.3,-11.0,-11.7, -4.4, -5.1,   8.7, 25.0,-10.3 
2102.4,-11.2,-11.4, -4.4, -4.7,   8.6,  0.0,-10.3 
2103.6,-11.1,-11.2, -4.5, -4.5,   7.9, 25.0,-10.9 
2104.7,-10.9,-10.8, -4.3, -4.3,   7.9, 25.0,-10.9 
2105.8,-10.8,-10.6, -4.2, -4.4,   8.2, 25.0,-10.7 
2106.9,-10.8,-10.4, -4.0, -4.8,   8.2, 25.0,-10.6 
2108.0,-10.7,-10.3, -3.8, -5.1,   8.8, 25.0,-10.2 
2109.1,-10.7,-10.5, -3.5, -4.9,   8.8, 25.0,-10.1 
2110.2,-10.4,-10.5, -3.4, -5.3,   8.6,  0.0,-10.1 
2111.3,-10.0,-10.5, -3.3, -5.3,   8.7, 26.0, -9.8 
2112.5, -9.9,-10.2, -3.1, -5.1,   8.4, 26.0, -9.9 
2113.6, -9.8,-10.2, -2.7, -5.1,   8.9, 26.0, -9.6 
2114.7, -9.7,-10.2, -2.2, -5.1,   9.3, 26.0, -9.2 
2115.8, -9.6,-10.1, -1.7, -5.2,   9.3, 26.0, -9.2 
2116.9, -9.8,-10.1, -1.8, -5.2,   9.7, 26.0, -8.9 
2118.0,-10.0,-10.2, -2.0, -4.9,   9.6, 26.0, -9.0 
2119.2,-10.1,-10.2, -2.1, -4.6,   9.2, 26.0, -9.3 
2120.3, -9.9, -9.9, -2.0, -4.7,   8.8, 26.0, -9.6 
2121.4, -9.4, -9.8, -1.6, -4.8,   8.5, 26.0, -9.9 
2122.5, -9.3, -9.7, -1.5, -5.2,   8.5,  0.0, -9.9 
2123.6, -9.1, -9.6, -1.4, -5.5,   8.6,  0.0, -9.9 
2124.8, -9.0, -9.5, -1.2, -5.5,   8.7,  0.0, -9.9 
2125.9, -8.9, -9.4, -1.1, -5.4,   8.0, 27.0, -9.8 
2127.0, -9.0, -9.4, -1.3, -5.1,   8.6, 27.0, -9.3 
2128.1, -9.0, -9.3, -1.4, -5.0,   8.7, 27.0, -9.2 
2129.2, -8.9, -9.3, -1.2, -4.7,   8.2,  0.0, -9.2 
2130.3, -8.7, -9.1, -1.2, -4.7,   8.0, 27.0, -9.9 
2131.5, -8.4, -9.2, -1.2, -5.0,   7.6,  0.0, -9.9 
2132.6, -8.3, -9.4, -1.2, -5.4,   7.9, 27.0,-10.0 
2133.7, -8.5, -9.3, -1.4, -5.5,   8.0, 27.0, -9.9 
2134.8, -8.6, -9.3, -1.4, -5.6,   8.1,  0.0, -9.9 
2135.9, -8.6, -9.0, -1.3, -5.5,   8.0, 27.0, -9.8 
2137.0, -8.8, -8.7, -1.1, -5.2,   7.7, 27.0,-10.1 
2138.1, -9.2, -8.9, -1.3, -4.6,   7.4, 27.0,-10.3 
2139.2, -9.5, -9.1, -1.7, -4.3,   7.5, 27.0,-10.3 
2140.4, -9.6, -9.1, -1.8, -3.7,   7.6, 27.0,-10.2 
2141.5, -9.7, -9.3, -1.7, -3.6,   8.2,  0.0,-10.2 
2142.6, -9.6, -9.1, -1.7, -3.7,   9.0, 28.0, -8.5 
2143.7, -9.7, -9.0, -1.5, -3.7,   8.8, 28.0, -8.7 
2144.8, -9.3, -8.6, -1.3, -3.7,   9.3,  0.0, -8.7 
2146.0, -8.8, -8.5, -0.8, -3.9,   9.4, 28.0, -8.2 
2147.1, -8.4, -8.2, -0.4, -4.1,   9.5, 28.0, -8.1 
2148.2, -7.9, -8.2, -0.2, -4.0,   9.6, 28.0, -8.0 
2149.3, -7.3, -8.1,  0.2, -3.7,   9.5, 29.0, -7.7 
2150.4, -7.2, -8.3,  0.3, -3.6,   9.7, 29.0, -7.4 
2151.5, -7.0, -8.1,  0.4, -3.4,   9.7,  0.0, -7.4 
2152.6, -7.0, -8.2,  0.2, -3.4,   9.3, 30.0, -7.4 
2153.8, -7.1, -8.2,  0.3, -3.3,   9.6, 30.0, -7.1 
2154.9, -7.1, -8.2,  0.1, -3.3,   9.5, 30.0, -7.2 
2156.0, -7.4, -8.2,  0.1, -3.2,   9.4, 30.0, -7.3 
2157.1, -7.3, -8.1, -0.1, -3.2,   9.6, 30.0, -7.2 
2158.2, -7.6, -8.1, -0.5, -3.4,  10.0, 30.0, -6.8 
2159.3, -7.7, -8.1, -0.5, -3.4,   9.4,  0.0, -6.8 
2160.5, -7.5, -8.2, -0.3, -3.6,   9.4, 41.0, -3.2 
2161.6, -7.3, -8.5, -0.0, -3.7,   9.4, 41.0, -3.2 
2162.7, -7.1, -8.7, -0.0, -3.7,   9.6, 42.0, -2.7 
2163.8, -7.2, -8.6, -0.1, -3.8,   9.8, 44.0, -1.9 
2164.9, -7.5, -8.5, -0.4, -4.1,   9.1, 45.0, -2.2 
